#
# There is insufficient memory for the Java Runtime Environment to continue.
# pthread_getattr_np
# Possible reasons:
#   The system is out of physical RAM or swap space
#   In 32 bit mode, the process size limit was hit
# Possible solutions:
#   Reduce memory load on the system
#   Increase physical memory or swap space
#   Check if swap backing store is full
#   Use 64 bit Java on a 64 bit OS
#   Decrease Java heap size (-Xmx/-Xms)
#   Decrease number of Java threads
#   Decrease Java thread stack sizes (-Xss)
#   Set larger code cache with -XX:ReservedCodeCacheSize=
# This output file may be truncated or incomplete.
#
#  Out of Memory Error (os_linux_x86.cpp:718), pid=7599, tid=140196461381376
#
# JRE version:  (7.0_151-b01) (build )
# Java VM: OpenJDK 64-Bit Server VM (24.151-b01 mixed mode linux-amd64 compressed oops)
# Derivative: IcedTea 2.6.11
# Distribution: Ubuntu 14.04 LTS, package 7u151-2.6.11-0ubuntu1.14.04.1
# Failed to write core dump. Core dumps have been disabled. To enable core dumping, try "ulimit -c unlimited" before starting Java again
#

---------------  T H R E A D  ---------------

Current thread (0x00007f82201cb800):  JavaThread "Reference Handler" daemon [_thread_new, id=7610, stack(0x0000000000000000,0x0000000000000000)]

Stack: [0x0000000000000000,0x0000000000000000],  sp=0x00007f8208477ae0,  free space=136910606814k
Native frames: (J=compiled Java code, j=interpreted, Vv=VM code, C=native code)
V  [libjvm.so+0x962b45]
V  [libjvm.so+0x49a474]
V  [libjvm.so+0x7e21ea]
V  [libjvm.so+0x7e223d]
V  [libjvm.so+0x90f619]
V  [libjvm.so+0x91568c]
V  [libjvm.so+0x7d75c2]


---------------  P R O C E S S  ---------------

Java Threads: ( => current thread )
=>0x00007f82201cb800 JavaThread "Reference Handler" daemon [_thread_new, id=7610, stack(0x0000000000000000,0x0000000000000000)]
  0x00007f822000a000 JavaThread "main" [_thread_in_vm, id=7600, stack(0x00007f8227a9d000,0x00007f8227b9e000)]

Other Threads:
  0x00007f82201c5800 VMThread [stack: 0x00007f8208479000,0x00007f820857a000] [id=7609]

VM state:not at safepoint (normal execution)

VM Mutex/Monitor currently owned by a thread: None

Heap
 PSYoungGen      total 150528K, used 2590K [0x00000000eb280000, 0x00000000f5a00000, 0x0000000100000000)
  eden space 129536K, 2% used [0x00000000eb280000,0x00000000eb507b38,0x00000000f3100000)
  from space 20992K, 0% used [0x00000000f4580000,0x00000000f4580000,0x00000000f5a00000)
  to   space 20992K, 0% used [0x00000000f3100000,0x00000000f3100000,0x00000000f4580000)
 ParOldGen       total 343040K, used 0K [0x00000000c1800000, 0x00000000d6700000, 0x00000000eb280000)
  object space 343040K, 0% used [0x00000000c1800000,0x00000000c1800000,0x00000000d6700000)
 PSPermGen       total 21504K, used 935K [0x00000000b7200000, 0x00000000b8700000, 0x00000000c1800000)
  object space 21504K, 4% used [0x00000000b7200000,0x00000000b72e9e40,0x00000000b8700000)

Card table byte_map: [0x00007f822446d000,0x00007f82246b5000] byte_map_base: 0x00007f8223eb4000

Polling page: 0x00007f8227bb3000

Code Cache  [0x00007f821d000000, 0x00007f821d270000, 0x00007f8220000000)
 total_blobs=63 nmethods=0 adapters=41 free_code_cache=48824Kb largest_free_block=49995840

Compilation events (0 events):
No events

GC Heap History (0 events):
No events

Deoptimization events (0 events):
No events

Internal exceptions (0 events):
No events

Events (10 events):
Event: 0.073 loading class 0x00007f822406f900 done
Event: 0.073 loading class 0x00007f822407f1d0
Event: 0.073 loading class 0x00007f822407f1d0 done
Event: 0.073 loading class 0x00007f822407b370
Event: 0.074 loading class 0x00007f822407b370 done
Event: 0.074 loading class 0x00007f8224083ec0
Event: 0.074 loading class 0x00007f8224083ec0 done
Event: 0.074 loading class 0x00007f8224083ef0
Event: 0.074 loading class 0x00007f8224083ef0 done
Event: 0.075 Thread 0x00007f82201cb800 Thread added: 0x00007f82201cb800


Dynamic libraries:
00400000-00401000 r-xp 00000000 08:01 1050720                            /usr/lib/jvm/java-7-openjdk-amd64/jre/bin/java
00600000-00601000 r--p 00000000 08:01 1050720                            /usr/lib/jvm/java-7-openjdk-amd64/jre/bin/java
00601000-00602000 rw-p 00001000 08:01 1050720                            /usr/lib/jvm/java-7-openjdk-amd64/jre/bin/java
020ab000-020cc000 rw-p 00000000 00:00 0                                  [heap]
b7200000-b8700000 rw-p 00000000 00:00 0 
b8700000-c1800000 rw-p 00000000 00:00 0 
c1800000-d6700000 rw-p 00000000 00:00 0 
d6700000-eb280000 rw-p 00000000 00:00 0 
eb280000-f5a00000 rw-p 00000000 00:00 0 
f5a00000-100000000 rw-p 00000000 00:00 0 
7f81ec000000-7f81ec021000 rw-p 00000000 00:00 0 
7f81ec021000-7f81f0000000 ---p 00000000 00:00 0 
7f81f0000000-7f81f0021000 rw-p 00000000 00:00 0 
7f81f0021000-7f81f4000000 ---p 00000000 00:00 0 
7f81f4000000-7f81f4021000 rw-p 00000000 00:00 0 
7f81f4021000-7f81f8000000 ---p 00000000 00:00 0 
7f81fc000000-7f81fc021000 rw-p 00000000 00:00 0 
7f81fc021000-7f8200000000 ---p 00000000 00:00 0 
7f8204000000-7f8204021000 rw-p 00000000 00:00 0 
7f8204021000-7f8208000000 ---p 00000000 00:00 0 
7f8208378000-7f8208479000 rw-p 00000000 00:00 0 
7f8208479000-7f820847a000 ---p 00000000 00:00 0 
7f820847a000-7f820c000000 rw-p 00000000 00:00 0 
7f820c000000-7f820c021000 rw-p 00000000 00:00 0 
7f820c021000-7f8210000000 ---p 00000000 00:00 0 
7f8210000000-7f8210021000 rw-p 00000000 00:00 0 
7f8210021000-7f8214000000 ---p 00000000 00:00 0 
7f8214000000-7f8214021000 rw-p 00000000 00:00 0 
7f8214021000-7f8218000000 ---p 00000000 00:00 0 
7f8218000000-7f8218021000 rw-p 00000000 00:00 0 
7f8218021000-7f821c000000 ---p 00000000 00:00 0 
7f821c082000-7f821c587000 rw-p 00000000 00:00 0 
7f821c587000-7f821c73d000 r--s 01d63000 08:01 1183675                    /usr/lib/jvm/java-7-openjdk-amd64/jre/lib/rt.jar
7f821c73d000-7f821c9fa000 rw-p 00000000 00:00 0 
7f821c9fa000-7f821c9fb000 ---p 00000000 00:00 0 
7f821c9fb000-7f821cafb000 rw-p 00000000 00:00 0 
7f821cafb000-7f821cafc000 ---p 00000000 00:00 0 
7f821cafc000-7f821cbfc000 rw-p 00000000 00:00 0 
7f821cbfc000-7f821cbfd000 ---p 00000000 00:00 0 
7f821cbfd000-7f821ccfd000 rw-p 00000000 00:00 0 
7f821ccfd000-7f821ccfe000 ---p 00000000 00:00 0 
7f821ccfe000-7f821cdfe000 rw-p 00000000 00:00 0 
7f821cdfe000-7f821cdff000 ---p 00000000 00:00 0 
7f821cdff000-7f821ceff000 rw-p 00000000 00:00 0 
7f821ceff000-7f821cf00000 ---p 00000000 00:00 0 
7f821cf00000-7f821d000000 rw-p 00000000 00:00 0 
7f821d000000-7f821d270000 rwxp 00000000 00:00 0 
7f821d270000-7f82201d8000 rw-p 00000000 00:00 0 
7f82201d8000-7f8224000000 ---p 00000000 00:00 0 
7f8224025000-7f82240ca000 rw-p 00000000 00:00 0 
7f82240ca000-7f82240cb000 ---p 00000000 00:00 0 
7f82240cb000-7f82241cb000 rw-p 00000000 00:00 0 
7f82241cb000-7f82241cc000 ---p 00000000 00:00 0 
7f82241cc000-7f82242d7000 rw-p 00000000 00:00 0 
7f82242d7000-7f822431f000 rw-p 00000000 00:00 0 
7f822431f000-7f82243c7000 rw-p 00000000 00:00 0 
7f82243c7000-7f822446d000 rw-p 00000000 00:00 0 
7f822446d000-7f8224478000 rw-p 00000000 00:00 0 
7f8224478000-7f82244c0000 rw-p 00000000 00:00 0 
7f82244c0000-7f8224568000 rw-p 00000000 00:00 0 
7f8224568000-7f822460d000 rw-p 00000000 00:00 0 
7f822460d000-7f8224661000 rw-p 00000000 00:00 0 
7f8224661000-7f82246b4000 rw-p 00000000 00:00 0 
7f82246b4000-7f82246b5000 rw-p 00000000 00:00 0 
7f82246b5000-7f82246bd000 r-xp 00000000 08:01 1183742                    /usr/lib/jvm/java-7-openjdk-amd64/jre/lib/amd64/libzip.so
7f82246bd000-7f82248bc000 ---p 00008000 08:01 1183742                    /usr/lib/jvm/java-7-openjdk-amd64/jre/lib/amd64/libzip.so
7f82248bc000-7f82248bd000 r--p 00007000 08:01 1183742                    /usr/lib/jvm/java-7-openjdk-amd64/jre/lib/amd64/libzip.so
7f82248bd000-7f82248be000 rw-p 00008000 08:01 1183742                    /usr/lib/jvm/java-7-openjdk-amd64/jre/lib/amd64/libzip.so
7f82248be000-7f82248c8000 r-xp 00000000 08:01 261637                     /lib/x86_64-linux-gnu/libnss_files-2.19.so
7f82248c8000-7f8224ac7000 ---p 0000a000 08:01 261637                     /lib/x86_64-linux-gnu/libnss_files-2.19.so
7f8224ac7000-7f8224ac8000 r--p 00009000 08:01 261637                     /lib/x86_64-linux-gnu/libnss_files-2.19.so
7f8224ac8000-7f8224ac9000 rw-p 0000a000 08:01 261637                     /lib/x86_64-linux-gnu/libnss_files-2.19.so
7f8224ac9000-7f8224ad4000 r-xp 00000000 08:01 261652                     /lib/x86_64-linux-gnu/libnss_nis-2.19.so
7f8224ad4000-7f8224cd3000 ---p 0000b000 08:01 261652                     /lib/x86_64-linux-gnu/libnss_nis-2.19.so
7f8224cd3000-7f8224cd4000 r--p 0000a000 08:01 261652                     /lib/x86_64-linux-gnu/libnss_nis-2.19.so
7f8224cd4000-7f8224cd5000 rw-p 0000b000 08:01 261652                     /lib/x86_64-linux-gnu/libnss_nis-2.19.so
7f8224cd5000-7f8224cec000 r-xp 00000000 08:01 261633                     /lib/x86_64-linux-gnu/libnsl-2.19.so
