#
# There is insufficient memory for the Java Runtime Environment to continue.
# pthread_getattr_np
# Possible reasons:
#   The system is out of physical RAM or swap space
#   In 32 bit mode, the process size limit was hit
# Possible solutions:
#   Reduce memory load on the system
#   Increase physical memory or swap space
#   Check if swap backing store is full
#   Use 64 bit Java on a 64 bit OS
#   Decrease Java heap size (-Xmx/-Xms)
#   Decrease number of Java threads
#   Decrease Java thread stack sizes (-Xss)
#   Set larger code cache with -XX:ReservedCodeCacheSize=
# This output file may be truncated or incomplete.
#
#  Out of Memory Error (os_linux_x86.cpp:718), pid=6090, tid=139822372935424
#
# JRE version:  (7.0_151-b01) (build )
# Java VM: OpenJDK 64-Bit Server VM (24.151-b01 mixed mode linux-amd64 compressed oops)
# Derivative: IcedTea 2.6.11
# Distribution: Ubuntu 14.04 LTS, package 7u151-2.6.11-0ubuntu1.14.04.1
# Failed to write core dump. Core dumps have been disabled. To enable core dumping, try "ulimit -c unlimited" before starting Java again
#

---------------  T H R E A D  ---------------

Current thread (0x00007f2b141cb800):  JavaThread "Reference Handler" daemon [_thread_new, id=6102, stack(0x0000000000000000,0x0000000000000000)]

Stack: [0x0000000000000000,0x0000000000000000],  sp=0x00007f2aeedecae0,  free space=136545286066k
Native frames: (J=compiled Java code, j=interpreted, Vv=VM code, C=native code)
V  [libjvm.so+0x962b45]
V  [libjvm.so+0x49a474]
V  [libjvm.so+0x7e21ea]
V  [libjvm.so+0x7e223d]
V  [libjvm.so+0x90f619]
V  [libjvm.so+0x91568c]
V  [libjvm.so+0x7d75c2]


---------------  P R O C E S S  ---------------

Java Threads: ( => current thread )
=>0x00007f2b141cb800 JavaThread "Reference Handler" daemon [_thread_new, id=6102, stack(0x0000000000000000,0x0000000000000000)]
  0x00007f2b1400a000 JavaThread "main" [_thread_in_vm, id=6091, stack(0x00007f2b1a47e000,0x00007f2b1a57f000)]

Other Threads:
  0x00007f2b141c5800 VMThread [stack: 0x00007f2aeedee000,0x00007f2aeeeef000] [id=6101]

VM state:not at safepoint (normal execution)

VM Mutex/Monitor currently owned by a thread: None

Heap
 PSYoungGen      total 150528K, used 2590K [0x00000000eb280000, 0x00000000f5a00000, 0x0000000100000000)
  eden space 129536K, 2% used [0x00000000eb280000,0x00000000eb507b38,0x00000000f3100000)
  from space 20992K, 0% used [0x00000000f4580000,0x00000000f4580000,0x00000000f5a00000)
  to   space 20992K, 0% used [0x00000000f3100000,0x00000000f3100000,0x00000000f4580000)
 ParOldGen       total 343040K, used 0K [0x00000000c1800000, 0x00000000d6700000, 0x00000000eb280000)
  object space 343040K, 0% used [0x00000000c1800000,0x00000000c1800000,0x00000000d6700000)
 PSPermGen       total 21504K, used 936K [0x00000000b7200000, 0x00000000b8700000, 0x00000000c1800000)
  object space 21504K, 4% used [0x00000000b7200000,0x00000000b72ea0f0,0x00000000b8700000)

Card table byte_map: [0x00007f2b0fd2d000,0x00007f2b0ff75000] byte_map_base: 0x00007f2b0f774000

Polling page: 0x00007f2b1a594000

Code Cache  [0x00007f2b0ff75000, 0x00007f2b101e5000, 0x00007f2b12f75000)
 total_blobs=63 nmethods=0 adapters=41 free_code_cache=48824Kb largest_free_block=49995840

Compilation events (0 events):
No events

GC Heap History (0 events):
No events

Deoptimization events (0 events):
No events

Internal exceptions (0 events):
No events

Events (10 events):
Event: 0.032 loading class 0x00007f2b18073900 done
Event: 0.032 loading class 0x00007f2b180831d0
Event: 0.032 loading class 0x00007f2b180831d0 done
Event: 0.032 loading class 0x00007f2b1807f370
Event: 0.033 loading class 0x00007f2b1807f370 done
Event: 0.033 loading class 0x00007f2b18087ec0
Event: 0.033 loading class 0x00007f2b18087ec0 done
Event: 0.033 loading class 0x00007f2b18087ef0
Event: 0.033 loading class 0x00007f2b18087ef0 done
Event: 0.033 Thread 0x00007f2b141cb800 Thread added: 0x00007f2b141cb800


Dynamic libraries:
00400000-00401000 r-xp 00000000 08:01 1050720                            /usr/lib/jvm/java-7-openjdk-amd64/jre/bin/java
00600000-00601000 r--p 00000000 08:01 1050720                            /usr/lib/jvm/java-7-openjdk-amd64/jre/bin/java
00601000-00602000 rw-p 00001000 08:01 1050720                            /usr/lib/jvm/java-7-openjdk-amd64/jre/bin/java
00b98000-00bb9000 rw-p 00000000 00:00 0                                  [heap]
b7200000-b8700000 rw-p 00000000 00:00 0 
b8700000-c1800000 rw-p 00000000 00:00 0 
c1800000-d6700000 rw-p 00000000 00:00 0 
d6700000-eb280000 rw-p 00000000 00:00 0 
eb280000-f5a00000 rw-p 00000000 00:00 0 
f5a00000-100000000 rw-p 00000000 00:00 0 
7f2ae4000000-7f2ae4021000 rw-p 00000000 00:00 0 
7f2ae4021000-7f2ae8000000 ---p 00000000 00:00 0 
7f2ae8000000-7f2ae8021000 rw-p 00000000 00:00 0 
7f2ae8021000-7f2aec000000 ---p 00000000 00:00 0 
7f2aeeced000-7f2aeedee000 rw-p 00000000 00:00 0 
7f2aeedee000-7f2aeedef000 ---p 00000000 00:00 0 
7f2aeedef000-7f2af0000000 rw-p 00000000 00:00 0 
7f2af0000000-7f2af0021000 rw-p 00000000 00:00 0 
7f2af0021000-7f2af4000000 ---p 00000000 00:00 0 
7f2af4000000-7f2af4021000 rw-p 00000000 00:00 0 
7f2af4021000-7f2af8000000 ---p 00000000 00:00 0 
7f2af8000000-7f2af8021000 rw-p 00000000 00:00 0 
7f2af8021000-7f2afc000000 ---p 00000000 00:00 0 
7f2afc000000-7f2afc021000 rw-p 00000000 00:00 0 
7f2afc021000-7f2b00000000 ---p 00000000 00:00 0 
7f2b00000000-7f2b00021000 rw-p 00000000 00:00 0 
7f2b00021000-7f2b04000000 ---p 00000000 00:00 0 
7f2b04000000-7f2b04021000 rw-p 00000000 00:00 0 
7f2b04021000-7f2b08000000 ---p 00000000 00:00 0 
7f2b08000000-7f2b08021000 rw-p 00000000 00:00 0 
7f2b08021000-7f2b0c000000 ---p 00000000 00:00 0 
7f2b0c0ea000-7f2b0caf4000 rw-p 00000000 00:00 0 
7f2b0caf4000-7f2b0ccaa000 r--s 01d63000 08:01 1183675                    /usr/lib/jvm/java-7-openjdk-amd64/jre/lib/rt.jar
7f2b0ccaa000-7f2b0f3d7000 rw-p 00000000 00:00 0 
7f2b0f3d7000-7f2b0f3d8000 ---p 00000000 00:00 0 
7f2b0f3d8000-7f2b0f4d8000 rw-p 00000000 00:00 0 
7f2b0f4d8000-7f2b0f4d9000 ---p 00000000 00:00 0 
7f2b0f4d9000-7f2b0f5d9000 rw-p 00000000 00:00 0 
7f2b0f5d9000-7f2b0f5da000 ---p 00000000 00:00 0 
7f2b0f5da000-7f2b0f6da000 rw-p 00000000 00:00 0 
7f2b0f6da000-7f2b0f6db000 ---p 00000000 00:00 0 
7f2b0f6db000-7f2b0f7db000 rw-p 00000000 00:00 0 
7f2b0f7db000-7f2b0f7dc000 ---p 00000000 00:00 0 
7f2b0f7dc000-7f2b0f8dc000 rw-p 00000000 00:00 0 
7f2b0f8dc000-7f2b0f8dd000 ---p 00000000 00:00 0 
7f2b0f8dd000-7f2b0f9dd000 rw-p 00000000 00:00 0 
7f2b0f9dd000-7f2b0f9de000 ---p 00000000 00:00 0 
7f2b0f9de000-7f2b0fade000 rw-p 00000000 00:00 0 
7f2b0fade000-7f2b0fadf000 ---p 00000000 00:00 0 
7f2b0fadf000-7f2b0fc87000 rw-p 00000000 00:00 0 
7f2b0fc87000-7f2b0fd2d000 rw-p 00000000 00:00 0 
7f2b0fd2d000-7f2b0fd38000 rw-p 00000000 00:00 0 
7f2b0fd38000-7f2b0fd80000 rw-p 00000000 00:00 0 
7f2b0fd80000-7f2b0fe28000 rw-p 00000000 00:00 0 
7f2b0fe28000-7f2b0fecd000 rw-p 00000000 00:00 0 
7f2b0fecd000-7f2b0ff21000 rw-p 00000000 00:00 0 
7f2b0ff21000-7f2b0ff74000 rw-p 00000000 00:00 0 
7f2b0ff74000-7f2b0ff75000 rw-p 00000000 00:00 0 
7f2b0ff75000-7f2b101e5000 rwxp 00000000 00:00 0 
7f2b101e5000-7f2b12f75000 rw-p 00000000 00:00 0 
7f2b12f75000-7f2b12f7d000 r-xp 00000000 08:01 1183742                    /usr/lib/jvm/java-7-openjdk-amd64/jre/lib/amd64/libzip.so
7f2b12f7d000-7f2b1317c000 ---p 00008000 08:01 1183742                    /usr/lib/jvm/java-7-openjdk-amd64/jre/lib/amd64/libzip.so
7f2b1317c000-7f2b1317d000 r--p 00007000 08:01 1183742                    /usr/lib/jvm/java-7-openjdk-amd64/jre/lib/amd64/libzip.so
7f2b1317d000-7f2b1317e000 rw-p 00008000 08:01 1183742                    /usr/lib/jvm/java-7-openjdk-amd64/jre/lib/amd64/libzip.so
7f2b1317e000-7f2b13188000 r-xp 00000000 08:01 261637                     /lib/x86_64-linux-gnu/libnss_files-2.19.so
7f2b13188000-7f2b13387000 ---p 0000a000 08:01 261637                     /lib/x86_64-linux-gnu/libnss_files-2.19.so
7f2b13387000-7f2b13388000 r--p 00009000 08:01 261637                     /lib/x86_64-linux-gnu/libnss_files-2.19.so
7f2b13388000-7f2b13389000 rw-p 0000a000 08:01 261637                     /lib/x86_64-linux-gnu/libnss_files-2.19.so
7f2b13389000-7f2b13394000 r-xp 00000000 08:01 261652                     /lib/x86_64-linux-gnu/libnss_nis-2.19.so
7f2b13394000-7f2b13593000 ---p 0000b000 08:01 261652                     /lib/x86_64-linux-gnu/libnss_nis-2.19.so
7f2b13593000-7f2b13594000 r--p 0000a000 08:01 261652                     /lib/x86_64-linux-gnu/libnss_nis-2.19.so
7f2b13594000-7f2b13595000 rw-p 0000b000 08:01 261652                     /lib/x86_64-linux-gnu/libnss_nis-2.19.so
7f2b13595000-7f2b135ac000 r-xp 00000000 08:01 261633                     /lib/x86_64-linux-gnu/libnsl-2.19.so
7f2b135ac000-7f2b137ab000 ---p 00017000 08:01 261633                     /lib/x86_64-linux-gnu/libns