#
# There is insufficient memory for the Java Runtime Environment to continue.
# pthread_getattr_np
# Possible reasons:
#   The system is out of physical RAM or swap space
#   In 32 bit mode, the process size limit was hit
# Possible solutions:
#   Reduce memory load on the system
#   Increase physical memory or swap space
#   Check if swap backing store is full
#   Use 64 bit Java on a 64 bit OS
#   Decrease Java heap size (-Xmx/-Xms)
#   Decrease number of Java threads
#   Decrease Java thread stack sizes (-Xss)
#   Set larger code cache with -XX:ReservedCodeCacheSize=
# This output file may be truncated or incomplete.
#
#  Out of Memory Error (os_linux_x86.cpp:718), pid=30128, tid=139923200911104
#
# JRE version:  (7.0_151-b01) (build )
# Java VM: OpenJDK 64-Bit Server VM (24.151-b01 mixed mode linux-amd64 compressed oops)
# Derivative: IcedTea 2.6.11
# Distribution: Ubuntu 14.04 LTS, package 7u151-2.6.11-0ubuntu1.14.04.1
# Failed to write core dump. Core dumps have been disabled. To enable core dumping, try "ulimit -c unlimited" before starting Java again
#

---------------  T H R E A D  ---------------

Current thread (0x00007f426c1cb800):  JavaThread "Reference Handler" daemon [_thread_new, id=30139, stack(0x0000000000000000,0x0000000000000000)]

Stack: [0x0000000000000000,0x0000000000000000],  sp=0x00007f4268af9ae0,  free space=136643750886k
Native frames: (J=compiled Java code, j=interpreted, Vv=VM code, C=native code)
V  [libjvm.so+0x962b45]
V  [libjvm.so+0x49a474]
V  [libjvm.so+0x7e21ea]
V  [libjvm.so+0x7e223d]
V  [libjvm.so+0x90f619]
V  [libjvm.so+0x91568c]
V  [libjvm.so+0x7d75c2]


---------------  P R O C E S S  ---------------

Java Threads: ( => current thread )
=>0x00007f426c1cb800 JavaThread "Reference Handler" daemon [_thread_new, id=30139, stack(0x0000000000000000,0x0000000000000000)]
  0x00007f426c00a000 JavaThread "main" [_thread_in_vm, id=30129, stack(0x00007f4275c60000,0x00007f4275d61000)]

Other Threads:
  0x00007f426c1c5800 VMThread [stack: 0x00007f4268afb000,0x00007f4268bfc000] [id=30138]

VM state:not at safepoint (normal execution)

VM Mutex/Monitor currently owned by a thread:  ([mutex/lock_event])
[0x00007f426c006530] Threads_lock - owner thread: 0x00007f426c00a000

Heap
 PSYoungGen      total 150528K, used 2590K [0x00000000eb280000, 0x00000000f5a00000, 0x0000000100000000)
  eden space 129536K, 2% used [0x00000000eb280000,0x00000000eb507b38,0x00000000f3100000)
  from space 20992K, 0% used [0x00000000f4580000,0x00000000f4580000,0x00000000f5a00000)
  to   space 20992K, 0% used [0x00000000f3100000,0x00000000f3100000,0x00000000f4580000)
 ParOldGen       total 343040K, used 0K [0x00000000c1800000, 0x00000000d6700000, 0x00000000eb280000)
  object space 343040K, 0% used [0x00000000c1800000,0x00000000c1800000,0x00000000d6700000)
 PSPermGen       total 21504K, used 938K [0x00000000b7200000, 0x00000000b8700000, 0x00000000c1800000)
  object space 21504K, 4% used [0x00000000b7200000,0x00000000b72eaa88,0x00000000b8700000)

Card table byte_map: [0x00007f4272630000,0x00007f4272878000] byte_map_base: 0x00007f4272077000

Polling page: 0x00007f4275d76000

Code Cache  [0x00007f4269000000, 0x00007f4269270000, 0x00007f426c000000)
 total_blobs=63 nmethods=0 adapters=41 free_code_cache=48824Kb largest_free_block=49995840

Compilation events (0 events):
No events

GC Heap History (0 events):
No events

Deoptimization events (0 events):
No events

Internal exceptions (0 events):
No events

Events (10 events):
Event: 0.032 loading class 0x00007f42719f51d0
Event: 0.032 loading class 0x00007f42719f51d0 done
Event: 0.032 loading class 0x00007f42719f1370
Event: 0.032 loading class 0x00007f42719f1370 done
Event: 0.032 loading class 0x00007f42719f9ec0
Event: 0.032 loading class 0x00007f42719f9ec0 done
Event: 0.032 loading class 0x00007f42719f9ef0
Event: 0.032 loading class 0x00007f42719f9ef0 done
Event: 0.033 Thread 0x00007f426c1cb800 Thread added: 0x00007f426c1cb800
Event: 0.033 loading class 0x00007f42719f9f80


Dynamic libraries:
00400000-00401000 r-xp 00000000 08:01 1050720                            /usr/lib/jvm/java-7-openjdk-amd64/jre/bin/java
00600000-00601000 r--p 00000000 08:01 1050720                            /usr/lib/jvm/java-7-openjdk-amd64/jre/bin/java
00601000-00602000 rw-p 00001000 08:01 1050720                            /usr/lib/jvm/java-7-openjdk-amd64/jre/bin/java
010eb000-0110c000 rw-p 00000000 00:00 0                                  [heap]
b7200000-b8700000 rw-p 00000000 00:00 0 
b8700000-c1800000 rw-p 00000000 00:00 0 
c1800000-d6700000 rw-p 00000000 00:00 0 
d6700000-eb280000 rw-p 00000000 00:00 0 
eb280000-f5a00000 rw-p 00000000 00:00 0 
f5a00000-100000000 rw-p 00000000 00:00 0 
7f4240000000-7f4240021000 rw-p 00000000 00:00 0 
7f4240021000-7f4244000000 ---p 00000000 00:00 0 
7f4244000000-7f4244021000 rw-p 00000000 00:00 0 
7f4244021000-7f4248000000 ---p 00000000 00:00 0 
7f4249b90000-7f424c000000 rw-p 00000000 00:00 0 
7f424c000000-7f424c021000 rw-p 00000000 00:00 0 
7f424c021000-7f4250000000 ---p 00000000 00:00 0 
7f4250000000-7f4250021000 rw-p 00000000 00:00 0 
7f4250021000-7f4254000000 ---p 00000000 00:00 0 
7f4254000000-7f4254021000 rw-p 00000000 00:00 0 
7f4254021000-7f4258000000 ---p 00000000 00:00 0 
7f4258000000-7f4258021000 rw-p 00000000 00:00 0 
7f4258021000-7f425c000000 ---p 00000000 00:00 0 
7f425c000000-7f425c021000 rw-p 00000000 00:00 0 
7f425c021000-7f4260000000 ---p 00000000 00:00 0 
7f4260000000-7f4260021000 rw-p 00000000 00:00 0 
7f4260021000-7f4264000000 ---p 00000000 00:00 0 
7f4264000000-7f4264021000 rw-p 00000000 00:00 0 
7f4264021000-7f4268000000 ---p 00000000 00:00 0 
7f42688f9000-7f4268afb000 rw-p 00000000 00:00 0 
7f4268afb000-7f4268afc000 ---p 00000000 00:00 0 
7f4268afc000-7f4269000000 rw-p 00000000 00:00 0 
7f4269000000-7f4269270000 rwxp 00000000 00:00 0 
7f4269270000-7f426c1d8000 rw-p 00000000 00:00 0 
7f426c1d8000-7f4270000000 ---p 00000000 00:00 0 
7f4270058000-7f42717b9000 rw-p 00000000 00:00 0 
7f42717b9000-7f427196f000 r--s 01d63000 08:01 1183675                    /usr/lib/jvm/java-7-openjdk-amd64/jre/lib/rt.jar
7f427196f000-7f4271c87000 rw-p 00000000 00:00 0 
7f4271c87000-7f4271c88000 ---p 00000000 00:00 0 
7f4271c88000-7f4271d88000 rw-p 00000000 00:00 0 
7f4271d88000-7f4271d89000 ---p 00000000 00:00 0 
7f4271d89000-7f4271e89000 rw-p 00000000 00:00 0 
7f4271e89000-7f4271e8a000 ---p 00000000 00:00 0 
7f4271e8a000-7f4271f8a000 rw-p 00000000 00:00 0 
7f4271f8a000-7f4271f8b000 ---p 00000000 00:00 0 
7f4271f8b000-7f427208b000 rw-p 00000000 00:00 0 
7f427208b000-7f427208c000 ---p 00000000 00:00 0 
7f427208c000-7f427218c000 rw-p 00000000 00:00 0 
7f427218c000-7f427218d000 ---p 00000000 00:00 0 
7f427218d000-7f427228d000 rw-p 00000000 00:00 0 
7f427228d000-7f427228e000 ---p 00000000 00:00 0 
7f427228e000-7f427238e000 rw-p 00000000 00:00 0 
7f427238e000-7f427238f000 ---p 00000000 00:00 0 
7f427238f000-7f427249a000 rw-p 00000000 00:00 0 
7f427249a000-7f42724e2000 rw-p 00000000 00:00 0 
7f42724e2000-7f427258a000 rw-p 00000000 00:00 0 
7f427258a000-7f4272630000 rw-p 00000000 00:00 0 
7f4272630000-7f427263b000 rw-p 00000000 00:00 0 
7f427263b000-7f4272683000 rw-p 00000000 00:00 0 
7f4272683000-7f427272b000 rw-p 00000000 00:00 0 
7f427272b000-7f42727d0000 rw-p 00000000 00:00 0 
7f42727d0000-7f4272824000 rw-p 00000000 00:00 0 
7f4272824000-7f4272877000 rw-p 00000000 00:00 0 
7f4272877000-7f4272878000 rw-p 00000000 00:00 0 
7f4272878000-7f4272880000 r-xp 00000000 08:01 1183742                    /usr/lib/jvm/java-7-openjdk-amd64/jre/lib/amd64/libzip.so
7f4272880000-7f4272a7f000 ---p 00008000 08:01 1183742                    /usr/lib/jvm/java-7-openjdk-amd64/jre/lib/amd64/libzip.so
7f4272a7f000-7f4272a80000 r--p 00007000 08:01 1183742                    /usr/lib/jvm/java-7-openjdk-amd64/jre/lib/amd64/libzip.so
7f4272a80000-7f4272a81000 rw-p 00008000 08:01 1183742                    /usr/lib/jvm/java-7-openjdk-amd64/jre/lib/amd64/libzip.so
7f4272a81000-7f4272a8b000 r-xp 00000000 08:01 261637                     /lib/x86_64-linux-gnu/libnss_files-2.19.so
7f4272a8b000-7f4272c8a000 ---p 0000a000 08:01 261637                     /lib/x86_64-linux-gnu/libnss_files-2.19.so
7f4272c8a000-7f4272c8b000 r--p 00009000 08:01 261637                     /lib/x86_64-linux-gnu/libnss_files-2.19.so
7f4272c8b000-7f4272c8c000 rw-p 0000a000 08:01 261637                     /lib/x86_64-linux-gnu/libnss_files-2.19.so
7f4272c8c000-7f4272c97000 r-xp 00000000 08:01 261652                     /lib/x86_64-linux-gnu/libnss_nis-2.19.so
7f4272c97000-7f4272e96000 ---p 0000b000 08:01 261652                     /lib/x86_64-linux-gnu/libnss_nis-2.19.so
7f4272e96000-7f4272e97000 r--p 0000a000 08:01 261652                     /lib/x86_64-linux-gnu/libnss_nis-2.19.so
7f4272e97000-7f4272e98000 rw-p 0000b000 08:01 261652                     /lib/x86_64-linux-gnu/libnss_nis-2.19.so
7f4272e98000-7f4272eaf000 r-xp 00000000 08:01 261633                     /lib/x86_64-linux-gnu/libnsl-2.19.so
7f4272eaf000-7f42730ae000 ---p 00017000 08:01 261633                     /lib/x86_64-linux-gnu/libnsl-2.19.so
7f42730ae000-7f42730af000 r--p 00016000 08:01 261633                     /lib/x86_64-linux-gnu/libnsl-2.19.so
7f42730af000-7f42730b0000 rw-p 00017000 08:01 261633                     /lib/x86_64-linux-gnu/libnsl-2.19.so
7f42730b0000-7f42730b2000 rw-p 00000000 00:00 0 
7f42730b2000-7f42730bb000 r-xp 00000000 08:01 261650                     /lib/x86_64-linux-gnu/libnss_compat-2.19.so
7f42730bb000-7f42732ba000 ---p 00009000 08:01 261650                     /lib/x86_64-linux-gnu/libnss_compat-2.19.so
7f42732ba000-7f42732bb000 r--p 00008000 08:01 261650                     /lib/x86_64-linux-gnu/libnss_compat-2.19.so
7f42732bb000-7f42732bc000 rw-p 00009000 08:01 261650                     /lib/x86_64-linux-gnu/libnss_compat-2.19.so
7f42732bc000-7f42732e6000 r-xp 00000000 08:01 1183726                    /usr/lib/jvm/java-7-openjdk-amd64/jre/lib/amd64/libjava.so
7f42732e6000-7f42734e6000 ---p 0002a000 08:01 1183726                    /usr/lib/jvm/java-7-openjdk-amd64/jre/lib/amd64/libjava.so
7f42734e6000-7f42734e7000 r--p 0002a000 08:01 1183726                    /usr/lib/jvm/java-7-openjdk-amd64/jre/lib/amd64/libjava.so
7f42734e7000-7f42734e9000 rw-p 0002b000 08:01 1183726                    /usr/lib/jvm/java-7-openjdk-amd64/jre/lib/amd64/libjava.so
7f42734e9000-7f42734f9000 r-xp 00000000 08:01 1183719                    /usr/lib/jvm/java-7-openjdk-amd64/jre/lib/amd64/libverify.so
7f42734f9000-7f42736f8000 ---p 00010000 08:01 1183719                    /usr/lib/jvm/java-7-openjdk-amd64/jre/lib/amd64/libverify.so
7f42736f8000-7f42736fa000 r--p 0000f000 08:01 1183719                    /usr/lib/jvm/java-7-openjdk-amd64/jre/lib/amd64/libverify.so
7f42736fa000-7f42736fb000 rw-p 00011000 08:01 1183719                    /usr/lib/jvm/java-7-openjdk-amd64/jre/lib/amd64/libverify.so
7f42736fb000-7f4273702000 r-xp 00000000 08:01 261645                     /lib/x86_64-linux-gnu/librt-2.19.so
7f4273702000-7f4273901000 ---p 00007000 08:01 261645                     /lib/x86_64-linux-gnu/librt-2.19.so
7f4273901000-7f4273902000 r--p 00006000 08:01 261645                     /lib/x86_64-linux-gnu/librt-2.19.so
7f4273902000-7f4273903000 rw-p 00007000 08:01 261645                     /lib/x86_64-linux-gnu/librt-2.19.so
7f4273903000-7f4273919000 r-xp 00000000 08:01 261139                     /lib/x86_64-linux-gnu/libgcc_s.so.1
7f4273919000-7f4273b18000 ---p 00016000 08:01 261139                     /lib/x86_64-linux-gnu/libgcc_s.so.1
7f4273b18000-7f4273b19000 rw-p 00015000 08:01 261139                     /lib/x86_64-linux-gnu/libgcc_s.so.1
7f4273b19000-7f4273c1e000 r-xp 00000000 08:01 261639                     /lib/x86_64-linux-gnu/libm-2.19.so
7f4273c1e000-7f4273e1d000 ---p 00105000 08:01 261639                     /lib/x86_64-linux-gnu/libm-2.19.so
7f4273e1d000-7f4273e1e000 r--p 00104000 08:01 261639                     /lib/x86_64-linux-gnu/libm-2.19.so
7f4273e1e000-7f4273e1f000 rw-p 00105000 08:01 261639                     /lib/x86_64-linux-gnu/libm-2.19.so
7f4273e1f000-7f4273f05000 r-xp 00000000 08:01 915397                     /usr/lib/x86_64-linux-gnu/libstdc++.so.6.0.19
7f4273f05000-7f4274104000 ---p 000e6000 08:01 915397                     /usr/lib/x86_64-linux-gnu/libstdc++.so.6.0.19
7f4274104000-7f427410c000 r--p 000e5000 08:01 915397                     /usr/lib/x86_64-linux-gnu/libstdc++.so.6.0.19
7f427410c000-7f427410e000 rw-p 000ed000 08:01 915397                     /usr/lib/x86_64-linux-gnu/libstdc++.so.6.0.19
7f427410e000-7f4274123000 rw-p 00000000 00:00 0 
7f4274123000-7f4274c57000 r-xp 00000000 08:01 1183731                    /usr/lib/jvm/java-7-openjdk-amd64/jre/lib/amd64/server/libjvm.so
7f4274c57000-7f4274e57000 ---p 00b34000 08:01 1183731                    /usr/lib/jvm/java-7-openjdk-amd64/jre/lib/amd64/server/libjvm.so
7f4274e57000-7f4274ef2000 r--p 00b34000 08:01 1183731                    /usr/lib/jvm/java-7-openjdk-amd64/jre/lib/amd64/server/libjvm.so
7f4274ef2000-7f4274f15000 rw-p 00bcf000 08:01 1183731                    /usr/lib/jvm/java-7-openjdk-amd64/jre/lib/amd64/server/libjvm.so
7f4274f15000-7f4274f45000 rw-p 00000000 00:00 0 
7f4274f45000-7f4274f5d000 r-xp 00000000 08:01 261367                     /lib/x86_64-linux-gnu/libz.so.1.2.8
7f4274f5d000-7f427515c000 ---p 00018000 08:01 261367                     /lib/x86_64-linux-gnu/libz.so.1.2.8
7f427515c000-7f427515d000 r--p 00017000 08:01 261367                     /lib/x86_64-linux-gnu/libz.so.1.2.8
7f427515d000-7f427515e000 rw-p 00018000 08:01 261367                     /lib/x86_64-linux-gnu/libz.so.1.2.8
7f427515e000-7f4275177000 r-xp 00000000 08:01 261641                     /lib/x86_64-linux-gnu/libpthread-2.19.so
7f4275177000-7f4275376000 ---p 00019000 08:01 261641                     /lib/x86_64-linux-gnu/libpthread-2.19.so
7f4275376000-7f4275377000 r--p 00018000 08:01 261641                     /lib/x86_64-linux-gnu/libpthread-2.19.so
7f4275377000-7f4275378000 rw-p 00019000 08:01 261641                     /lib/x86_64-linux-gnu/libpthread-2.19.so
7f4275378000-7f427537c000 rw-p 00000000 00:00 0 
7f427537c000-7f427537f000 r-xp 00000000 08:01 261644                     /lib/x86_64-linux-gnu/libdl-2.19.so
7f427537f000-7f427557e000 ---p 00003000 08:01 261644                     /lib/x86_64-linux-gnu/libdl-2.19.so
7f427557e000-7f427557f000 r--p 00002000 08:01 261644                     /lib/x86_64-linux-gnu/libdl-2.19.so
7f427557f000-7f4275580000 rw-p 00003000 08:01 261644                     /lib/x86_64-linux-gnu/libdl-2.19.so
7f4275580000-7f427573e000 r-xp 00000000 08:01 261640                     /lib/x86_64-linux-gnu/libc-2.19.so
7f427573e000-7f427593e000 ---p 001be000 08:01 261640                     /lib/x86_64-linux-gnu/libc-2.19.so
7f427593e000-7f4275942000 r--p 001be000 08:01 261640                     /lib/x86_64-linux-gnu/libc-2.19.so
7f4275942000-7f4275944000 rw-p 001c2000 08:01 261640                     /lib/x86_64-linux-gnu/libc-2.19.so
7f4275944000-7f4275949000 rw-p 00000000 00:00 0 
7f4275949000-7f4275956000 r-xp 00000000 08:01 1183709                    /usr/lib/jvm/java-7-openjdk-amd64/jre/lib/amd64/jli/libjli.so
7f4275956000-7f4275b55000 ---p 0000d000 08:01 1183709                    /usr/lib/jvm/java-7-openjdk-amd64/jre/lib/amd64/jli/libjli.so
7f4275b55000-7f4275b56000 r--p 0000c000 08:01 1183709                    /usr/lib/jvm/java-7-openjdk-amd64/jre/lib/amd64/jli/libjli.so
7f4275b56000-7f4275b57000 rw-p 0000d000 08:01 1183709                    /usr/lib/jvm/java-7-openjdk-amd64/jre/lib/amd64/jli/libjli.so
7f4275b57000-7f4275b7a000 r-xp 00000000 08:01 261648                     /lib/x86_64-linux-gnu/ld-2.19.so
7f4275b89000-7f4275baa000 rw-p 00000000 00:00 0 
7f4275baa000-7f4275c60000 rw-p 00000000 00:00 0 
7f4275c60000-7f4275c63000 ---p 00000000 00:00 0 
7f4275c63000-7f4275d66000 rw-p 00000000 00:00 0 
7f4275d6d000-7f4275d75000 rw-s 00000000 08:05 27374                      /tmp/hsperfdata_realtalkadmin/30128
7f4275d75000-7f4275d76000 rw-p 00000000 00:00 0 
7f4275d76000-7f4275d77000 r--p 00000000 00:00 0 
7f4275d77000-7f4275d79000 rw-p 00000000 00:00 0 
7f4275d79000-7f4275d7a000 r--p 00022000 08:01 261648                     /lib/x86_64-linux-gnu/ld-2.19.so
7f4275d7a000-7f4275d7b000 rw-p 00023000 08:01 261648                     /lib/x86_64-linux-gnu/ld-2.19.so
7f4275d7b000-7f4275d7c000 rw-p 00000000 00:00 0 
7ffc2a810000-7ffc2a831000 rw-p 00000000 00:00 0                          [stack]
7ffc2a959000-7ffc2a95c000 r--p 00000000 00:00 0                          [vvar]
7ffc2a95c000-7ffc2a95e000 r-xp 00000000 00:00 0                          [vdso]
ffffffffff600000-ffffffffff601000 r-xp 00000000 00:00 0                  [vsyscall]

VM Arguments:
java_command: /home/realtalkadmin/realtalk.news/wp-content/plugins/fast-velocity-minify/libs/jar/yuicompressor-2.4.8.jar --preserve-semi --nomunge /home/realtalkadmin/realtalk.news/wp-content/uploads/fvm/tmp/c4a5e30f.js -o /home/realtalkadmin/realtalk.news/wp-content/uploads/fvm/tmp/c4a5e30f.min.js
Launcher Type: SUN_STANDARD

Environment Variables:
PATH=/usr/local/bin:/usr/bin:/bin

Signal Handlers:
SIGSEGV: [libjvm.so+0x963630], sa_mask[0]=0x7ffbfeff, sa_flags=0x10000004
SIGBUS: [libjvm.so+0x963630], sa_mask[0]=0x7ffbfeff, sa_flags=0x10000004
SIGFPE: [libjvm.so+0x7d5da0], sa_mask[0]=0x7ffbfeff, sa_flags=0x10000004
SIGPIPE: [libjvm.so+0x7d5da0], sa_mask[0]=0x7ffbfeff, sa_flags=0x10000004
SIGXFSZ: [libjvm.so+0x7d5da0], sa_mask[0]=0x7ffbfeff, sa_flags=0x10000004
SIGILL: [libjvm.so+0x7d5da0], sa_mask[0]=0x7ffbfeff, sa_flags=0x10000004
SIGUSR1: SIG_DFL, sa_mask[0]=0x00000000, sa_flags=0x00000000
SIGUSR2: [libjvm.so+0x7d5ed0], sa_mask[0]=0x00000000, sa_flags=0x10000004
SIGHUP: SIG_DFL, sa_mask[0]=0x00000000, sa_flags=0x00000000
SIGINT: SIG_DFL, sa_mask[0]=0x00000000, sa_flags=0x00000000
SIGTERM: SIG_DFL, sa_mask[0]=0x00000000, sa_flags=0x00000000
SIGQUIT: SIG_DFL, sa_mask[0]=0x00000000, sa_flags=0x00000000
SIGTRAP: SIG_DFL, sa_mask[0]=0x00000000, sa_flags=0x00000000


---------------  S Y S T E M  ---------------

OS:Ubuntu 14.04 (trusty)
uname:Linux 4.4.126-0.ksplice-lts-generic #2 SMP Tue Apr 10 12:33:32 UTC 2018 x86_64
libc:glibc 2.19 NPTL 2.19 
rlimit: STACK 8192k, CORE 0k, NPROC 5000, NOFILE 4096, AS 2048000k
load average:4.45 2.90 2.40

/proc/meminfo:
MemTotal:       32932580 kB
MemFree:         2651920 kB
MemAvailable:   22028300 kB
Buffers:          125116 kB
Cached:         11254924 kB
SwapCached:        51288 kB
Active:         12027648 kB
Inactive:        6719376 kB
Active(anon):    6686812 kB
Inactive(anon):  1831744 kB
Active(file):    5340836 kB
Inactive(file):  4887632 kB
Unevictable:       11636 kB
Mlocked:           11636 kB
SwapTotal:       3117180 kB
SwapFree:        1877856 kB
Dirty:              2024 kB
Writeback:             0 kB
AnonPages:       7336008 kB
Mapped:          1228616 kB
Shmem:           1148060 kB
Slab:            9875756 kB
SReclaimable:    9485796 kB
SUnreclaim:       389960 kB
KernelStack:       11824 kB
PageTables:       235984 kB
NFS_Unstable:          0 kB
Bounce:                0 kB
WritebackTmp:          0 kB
CommitLimit:    19583468 kB
Committed_AS:   21314860 kB
VmallocTotal:   34359738367 kB
VmallocUsed:           0 kB
VmallocChunk:          0 kB
HardwareCorrupted:     0 kB
AnonHugePages:         0 kB
CmaTotal:              0 kB
CmaFree:               0 kB
HugePages_Total:       0
HugePages_Free:        0
HugePages_Rsvd:        0
HugePages_Surp:        0
Hugepagesize:       2048 kB
DirectMap4k:       15680 kB
DirectMap2M:     2074624 kB
DirectMap1G:    31457280 kB


CPU:total 8 (initial active 8) (4 cores per cpu, 1 threads per core) family 16 model 8 stepping 0, cmov, cx8, fxsr, mmx, sse, sse2, sse3, popcnt, mmxext, 3dnowpref, lzcnt, sse4a, tsc, tscinvbit, tscinv

/proc/cpuinfo:
processor	: 0
vendor_id	: AuthenticAMD
cpu family	: 16
model		: 8
model name	: AMD Opteron(tm) Processor 4122
stepping	: 0
microcode	: 0x10000c5
cpu MHz		: 2200.000
cache size	: 512 KB
physical id	: 0
siblings	: 4
core id		: 0
cpu cores	: 4
apicid		: 8
initial apicid	: 0
fpu		: yes
fpu_exception	: yes
cpuid level	: 5
wp		: yes
flags		: fpu vme de pse tsc msr pae mce cx8 apic sep mtrr pge mca cmov pat pse36 clflush mmx fxsr sse sse2 ht syscall nx mmxext fxsr_opt pdpe1gb rdtscp lm 3dnowext 3dnow constant_tsc rep_good nopl nonstop_tsc extd_apicid pni monitor cx16 popcnt lahf_lm cmp_legacy svm extapic cr8_legacy abm sse4a misalignsse 3dnowprefetch osvw ibs skinit wdt nodeid_msr hw_pstate rsb_ctxsw retpoline retpoline_amd npt lbrv svm_lock nrip_save pausefilter vmmcall
bugs		: tlb_mmatch fxsave_leak sysret_ss_attrs spectre_v1 spectre_v2
bogomips	: 4389.26
TLB size	: 1024 4K pages
clflush size	: 64
cache_alignment	: 64
address sizes	: 48 bits physical, 48 bits virtual
power management: ts ttp tm stc 100mhzsteps hwpstate

processor	: 1
vendor_id	: AuthenticAMD
cpu family	: 16
model		: 8
model name	: AMD Opteron(tm) Processor 4122
stepping	: 0
microcode	: 0x10000c5
cpu MHz		: 2200.000
cache size	: 512 KB
physical id	: 0
siblings	: 4
core id		: 1
cpu cores	: 4
apicid		: 9
initial apicid	: 1
fpu		: yes
fpu_exception	: yes
cpuid level	: 5
wp		: yes
flags		: fpu vme de pse tsc msr pae mce cx8 apic sep mtrr pge mca cmov pat pse36 clflush mmx fxsr sse sse2 ht syscall nx mmxext fxsr_opt pdpe1gb rdtscp lm 3dnowext 3dnow constant_tsc rep_good nopl nonstop_tsc extd_apicid pni monitor cx16 popcnt lahf_lm cmp_legacy svm extapic cr8_legacy abm sse4a misalignsse 3dnowprefetch osvw ibs skinit wdt nodeid_msr hw_pstate rsb_ctxsw retpoline retpoline_amd npt lbrv svm_lock nrip_save pausefilter vmmcall
bugs		: tlb_mmatch fxsave_leak sysret_ss_attrs spectre_v1 spectre_v2
bogomips	: 4389.26
TLB size	: 1024 4K pages
clflush size	: 64
cache_alignment	: 64
address sizes	: 48 bits physical, 48 bits virtual
power management: ts ttp tm stc 100mhzsteps hwpstate

processor	: 2
vendor_id	: AuthenticAMD
cpu family	: 16
model		: 8
model name	: AMD Opteron(tm) Processor 4122
stepping	: 0
microcode	: 0x10000c5
cpu MHz		: 2200.000
cache size	: 512 KB
physical id	: 0
siblings	: 4
core id		: 2
cpu cores	: 4
apicid		: 10
initial apicid	: 2
fpu		: yes
fpu_exception	: yes
cpuid level	: 5
wp		: yes
flags		: fpu vme de pse tsc msr pae mce cx8 apic sep mtrr pge mca cmov pat pse36 clflush mmx fxsr sse sse2 ht syscall nx mmxext fxsr_opt pdpe1gb rdtscp lm 3dnowext 3dnow constant_tsc rep_good nopl nonstop_tsc extd_apicid pni monitor cx16 popcnt lahf_lm cmp_legacy svm extapic cr8_legacy abm sse4a misalignsse 3dnowprefetch osvw ibs skinit wdt nodeid_msr hw_pstate rsb_ctxsw retpoline retpoline_amd npt lbrv svm_lock nrip_save pausefilter vmmcall
bugs		: tlb_mmatch fxsave_leak sysret_ss_attrs spectre_v1 spectre_v2
bogomips	: 4389.26
TLB size	: 1024 4K pages
clflush size	: 64
cache_alignment	: 64
address sizes	: 48 bits physical, 48 bits virtual
power management: ts ttp tm stc 100mhzsteps hwpstate

processor	: 3
vendor_id	: AuthenticAMD
cpu family	: 16
model		: 8
model name	: AMD Opteron(tm) Processor 4122
stepping	: 0
microcode	: 0x10000c5
cpu MHz		: 2200.000
cache size	: 512 KB
physical id	: 0
siblings	: 4
core id		: 3
cpu cores	: 4
apicid		: 11
initial apicid	: 3
fpu		: yes
fpu_exception	: yes
cpuid level	: 5
wp		: yes
flags		: fpu vme de pse tsc msr pae mce cx8 apic sep mtrr pge mca cmov pat pse36 clflush mmx fxsr sse sse2 ht syscall nx mmxext fxsr_opt pdpe1gb rdtscp lm 3dnowext 3dnow constant_tsc rep_good nopl nonstop_tsc extd_apicid pni monitor cx16 popcnt lahf_lm cmp_legacy svm extapic cr8_legacy abm sse4a misalignsse 3dnowprefetch osvw ibs skinit wdt nodeid_msr hw_pstate rsb_ctxsw retpoline retpoline_amd npt lbrv svm_lock nrip_save pausefilter vmmcall
bugs		: tlb_mmatch fxsave_leak sysret_ss_attrs spectre_v1 spectre_v2
bogomips	: 4389.26
TLB size	: 1024 4K pages
clflush size	: 64
cache_alignment	: 64
address sizes	: 48 bits physical, 48 bits virtual
power management: ts ttp tm stc 100mhzsteps hwpstate

processor	: 4
vendor_id	: AuthenticAMD
cpu family	: 16
model		: 8
model name	: AMD Opteron(tm) Processor 4122
stepping	: 0
microcode	: 0x10000c5
cpu MHz		: 2200.000
cache size	: 512 KB
physical id	: 1
siblings	: 4
core id		: 0
cpu cores	: 4
apicid		: 16
initial apicid	: 8
fpu		: yes
fpu_exception	: yes
cpuid level	: 5
wp		: yes
flags		: fpu vme de pse tsc msr pae mce cx8 apic sep mtrr pge mca cmov pat pse36 clflush mmx fxsr sse sse2 ht syscall nx mmxext fxsr_opt pdpe1gb rdtscp lm 3dnowext 3dnow constant_tsc rep_good nopl nonstop_tsc extd_apicid pni monitor cx16 popcnt lahf_lm cmp_legacy svm extapic cr8_legacy abm sse4a misalignsse 3dnowprefetch osvw ibs skinit wdt nodeid_msr hw_pstate rsb_ctxsw retpoline retpoline_amd npt lbrv svm_lock nrip_save pausefilter vmmcall
bugs		: tlb_mmatch fxsave_leak sysret_ss_attrs spectre_v1 spectre_v2
bogomips	: 4388.99
TLB size	: 1024 4K pages
clflush size	: 64
cache_alignment	: 64
address sizes	: 48 bits physical, 48 bits virtual
power management: ts ttp tm stc 100mhzsteps hwpstate

processor	: 5
vendor_id	: AuthenticAMD
cpu family	: 16
model		: 8
model name	: AMD Opteron(tm) Processor 4122
stepping	: 0
microcode	: 0x10000c5
cpu MHz		: 2200.000
cache size	: 512 KB
physical id	: 1
siblings	: 4
core id		: 1
cpu cores	: 4
apicid		: 17
initial apicid	: 9
fpu		: yes
fpu_exception	: yes
cpuid level	: 5
wp		: yes
flags		: fpu vme de pse tsc msr pae mce cx8 apic sep mtrr pge mca cmov pat pse36 clflush mmx fxsr sse sse2 ht syscall nx mmxext fxsr_opt pdpe1gb rdtscp lm 3dnowext 3dnow constant_tsc rep_good nopl nonstop_tsc extd_apicid pni monitor cx16 popcnt lahf_lm cmp_legacy svm extapic cr8_legacy abm sse4a misalignsse 3dnowprefetch osvw ibs skinit wdt nodeid_msr hw_pstate rsb_ctxsw retpoline retpoline_amd npt lbrv svm_lock nrip_save pausefilter vmmcall
bugs		: tlb_mmatch fxsave_leak sysret_ss_attrs spectre_v1 spectre_v2
bogomips	: 4388.99
TLB size	: 1024 4K pages
clflush size	: 64
cache_alignment	: 64
address sizes	: 48 bits physical, 48 bits virtual
power management: ts ttp tm stc 100mhzsteps hwpstate

processor	: 6
vendor_id	: AuthenticAMD
cpu family	: 16
model		: 8
model name	: AMD Opteron(tm) Processor 4122
stepping	: 0
microcode	: 0x10000c5
cpu MHz		: 2200.000
cache size	: 512 KB
physical id	: 1
siblings	: 4
core id		: 2
cpu cores	: 4
apicid		: 18
initial apicid	: 10
fpu		: yes
fpu_exception	: yes
cpuid level	: 5
wp		: yes
flags		: fpu vme de pse tsc msr pae mce cx8 apic sep mtrr pge mca cmov pat pse36 clflush mmx fxsr sse sse2 ht syscall nx mmxext fxsr_opt pdpe1gb rdtscp lm 3dnowext 3dnow constant_tsc rep_good nopl nonstop_tsc extd_apicid pni monitor cx16 popcnt lahf_lm cmp_legacy svm extapic cr8_legacy abm sse4a misalignsse 3dnowprefetch osvw ibs skinit wdt nodeid_msr hw_pstate rsb_ctxsw retpoline retpoline_amd npt lbrv svm_lock nrip_save pausefilter vmmcall
bugs		: tlb_mmatch fxsave_leak sysret_ss_attrs spectre_v1 spectre_v2
bogomips	: 4388.99
TLB size	: 1024 4K pages
clflush size	: 64
cache_alignment	: 64
address sizes	: 48 bits physical, 48 bits virtual
power management: ts ttp tm stc 100mhzsteps hwpstate

processor	: 7
vendor_id	: AuthenticAMD
cpu family	: 16
model		: 8
model name	: AMD Opteron(tm) Processor 4122
stepping	: 0
microcode	: 0x10000c5
cpu MHz		: 2200.000
cache size	: 512 KB
physical id	: 1
siblings	: 4
core id		: 3
cpu cores	: 4
apicid		: 19
initial apicid	: 11
fpu		: yes
fpu_exception	: yes
cpuid level	: 5
wp		: yes
flags		: fpu vme de pse tsc msr pae mce cx8 apic sep mtrr pge mca cmov pat pse36 clflush mmx fxsr sse sse2 ht syscall nx mmxext fxsr_opt pdpe1gb rdtscp lm 3dnowext 3dnow constant_tsc rep_good nopl nonstop_tsc extd_apicid pni monitor cx16 popcnt lahf_lm cmp_legacy svm extapic cr8_legacy abm sse4a misalignsse 3dnowprefetch osvw ibs skinit wdt nodeid_msr hw_pstate rsb_ctxsw retpoline retpoline_amd npt lbrv svm_lock nrip_save pausefilter vmmcall
bugs		: tlb_mmatch fxsave_leak sysret_ss_attrs spectre_v1 spectre_v2
bogomips	: 4388.99
TLB size	: 1024 4K pages
clflush size	: 64
cache_alignment	: 64
address sizes	: 48 bits physical, 48 bits virtual
power management: ts ttp tm stc 100mhzsteps hwpstate



Memory: 4k page, physical 32932580k(2651920k free), swap 3117180k(1877856k free)

vm_info: OpenJDK 64-Bit Server VM (24.151-b01) for linux-amd64 JRE (1.7.0_151-b01), built on Aug 15 2017 05:35:24 by "buildd" with gcc 4.8.4

time: Fri Jun 15 00:37:38 2018
elapsed time: 0 seconds

