#
# There is insufficient memory for the Java Runtime Environment to continue.
# pthread_getattr_np
# Possible reasons:
#   The system is out of physical RAM or swap space
#   In 32 bit mode, the process size limit was hit
# Possible solutions:
#   Reduce memory load on the system
#   Increase physical memory or swap space
#   Check if swap backing store is full
#   Use 64 bit Java on a 64 bit OS
#   Decrease Java heap size (-Xmx/-Xms)
#   Decrease number of Java threads
#   Decrease Java thread stack sizes (-Xss)
#   Set larger code cache with -XX:ReservedCodeCacheSize=
# This output file may be truncated or incomplete.
#
#  Out of Memory Error (os_linux_x86.cpp:718), pid=7006, tid=140215258687232
#
# JRE version:  (7.0_151-b01) (build )
# Java VM: OpenJDK 64-Bit Server VM (24.151-b01 mixed mode linux-amd64 compressed oops)
# Derivative: IcedTea 2.6.11
# Distribution: Ubuntu 14.04 LTS, package 7u151-2.6.11-0ubuntu1.14.04.1
# Failed to write core dump. Core dumps have been disabled. To enable core dumping, try "ulimit -c unlimited" before starting Java again
#

---------------  T H R E A D  ---------------

Current thread (0x00007f866c1cb800):  JavaThread "Reference Handler" daemon [_thread_new, id=7017, stack(0x0000000000000000,0x0000000000000000)]

Stack: [0x0000000000000000,0x0000000000000000],  sp=0x00007f8668af9ae0,  free space=136928963558k
Native frames: (J=compiled Java code, j=interpreted, Vv=VM code, C=native code)
V  [libjvm.so+0x962b45]
V  [libjvm.so+0x49a474]
V  [libjvm.so+0x7e21ea]
V  [libjvm.so+0x7e223d]
V  [libjvm.so+0x90f619]
V  [libjvm.so+0x91568c]
V  [libjvm.so+0x7d75c2]


---------------  P R O C E S S  ---------------

Java Threads: ( => current thread )
=>0x00007f866c1cb800 JavaThread "Reference Handler" daemon [_thread_new, id=7017, stack(0x0000000000000000,0x0000000000000000)]
  0x00007f866c00a000 JavaThread "main" [_thread_in_vm, id=7007, stack(0x00007f8675c7d000,0x00007f8675d7e000)]

Other Threads:
  0x00007f866c1c5800 VMThread [stack: 0x00007f8668afb000,0x00007f8668bfc000] [id=7016]

VM state:not at safepoint (normal execution)

VM Mutex/Monitor currently owned by a thread: None

Heap
 PSYoungGen      total 150528K, used 2590K [0x00000000eb280000, 0x00000000f5a00000, 0x0000000100000000)
  eden space 129536K, 2% used [0x00000000eb280000,0x00000000eb507b38,0x00000000f3100000)
  from space 20992K, 0% used [0x00000000f4580000,0x00000000f4580000,0x00000000f5a00000)
  to   space 20992K, 0% used [0x00000000f3100000,0x00000000f3100000,0x00000000f4580000)
 ParOldGen       total 343040K, used 0K [0x00000000c1800000, 0x00000000d6700000, 0x00000000eb280000)
  object space 343040K, 0% used [0x00000000c1800000,0x00000000c1800000,0x00000000d6700000)
 PSPermGen       total 21504K, used 936K [0x00000000b7200000, 0x00000000b8700000, 0x00000000c1800000)
  object space 21504K, 4% used [0x00000000b7200000,0x00000000b72ea4e0,0x00000000b8700000)

Card table byte_map: [0x00007f867264d000,0x00007f8672895000] byte_map_base: 0x00007f8672094000

Polling page: 0x00007f8675d93000

Code Cache  [0x00007f8669000000, 0x00007f8669270000, 0x00007f866c000000)
 total_blobs=63 nmethods=0 adapters=41 free_code_cache=48824Kb largest_free_block=49995840

Compilation events (0 events):
No events

GC Heap History (0 events):
No events

Deoptimization events (0 events):
No events

Internal exceptions (0 events):
No events

Events (10 events):
Event: 0.032 loading class 0x00007f8671a02900 done
Event: 0.032 loading class 0x00007f8671a121d0
Event: 0.032 loading class 0x00007f8671a121d0 done
Event: 0.032 loading class 0x00007f8671a0e370
Event: 0.033 loading class 0x00007f8671a0e370 done
Event: 0.033 loading class 0x00007f8671a16ec0
Event: 0.033 loading class 0x00007f8671a16ec0 done
Event: 0.033 loading class 0x00007f8671a16ef0
Event: 0.033 loading class 0x00007f8671a16ef0 done
Event: 0.033 Thread 0x00007f866c1cb800 Thread added: 0x00007f866c1cb800


Dynamic libraries:
00400000-00401000 r-xp 00000000 08:01 1050720                            /usr/lib/jvm/java-7-openjdk-amd64/jre/bin/java
00600000-00601000 r--p 00000000 08:01 1050720                            /usr/lib/jvm/java-7-openjdk-amd64/jre/bin/java
00601000-00602000 rw-p 00001000 08:01 1050720                            /usr/lib/jvm/java-7-openjdk-amd64/jre/bin/java
00b94000-00bb5000 rw-p 00000000 00:00 0                                  [heap]
b7200000-b8700000 rw-p 00000000 00:00 0 
b8700000-c1800000 rw-p 00000000 00:00 0 
c1800000-d6700000 rw-p 00000000 00:00 0 
d6700000-eb280000 rw-p 00000000 00:00 0 
eb280000-f5a00000 rw-p 00000000 00:00 0 
f5a00000-100000000 rw-p 00000000 00:00 0 
7f8634000000-7f8634021000 rw-p 00000000 00:00 0 
7f8634021000-7f8638000000 ---p 00000000 00:00 0 
7f8638000000-7f8638021000 rw-p 00000000 00:00 0 
7f8638021000-7f863c000000 ---p 00000000 00:00 0 
7f863c000000-7f863c021000 rw-p 00000000 00:00 0 
7f863c021000-7f8640000000 ---p 00000000 00:00 0 
7f8644000000-7f8644021000 rw-p 00000000 00:00 0 
7f8644021000-7f8648000000 ---p 00000000 00:00 0 
7f864c000000-7f864c021000 rw-p 00000000 00:00 0 
7f864c021000-7f8650000000 ---p 00000000 00:00 0 
7f8654000000-7f8654021000 rw-p 00000000 00:00 0 
7f8654021000-7f8658000000 ---p 00000000 00:00 0 
7f8659b90000-7f865c000000 rw-p 00000000 00:00 0 
7f865c000000-7f865c021000 rw-p 00000000 00:00 0 
7f865c021000-7f8660000000 ---p 00000000 00:00 0 
7f8660000000-7f8660021000 rw-p 00000000 00:00 0 
7f8660021000-7f8664000000 ---p 00000000 00:00 0 
7f8664000000-7f8664021000 rw-p 00000000 00:00 0 
7f8664021000-7f8668000000 ---p 00000000 00:00 0 
7f86688f9000-7f8668afb000 rw-p 00000000 00:00 0 
7f8668afb000-7f8668afc000 ---p 00000000 00:00 0 
7f8668afc000-7f8669000000 rw-p 00000000 00:00 0 
7f8669000000-7f8669270000 rwxp 00000000 00:00 0 
7f8669270000-7f866c1d8000 rw-p 00000000 00:00 0 
7f866c1d8000-7f8670000000 ---p 00000000 00:00 0 
7f8670075000-7f86717d6000 rw-p 00000000 00:00 0 
7f86717d6000-7f867198c000 r--s 01d63000 08:01 1183675                    /usr/lib/jvm/java-7-openjdk-amd64/jre/lib/rt.jar
7f867198c000-7f8671ca4000 rw-p 00000000 00:00 0 
7f8671ca4000-7f8671ca5000 ---p 00000000 00:00 0 
7f8671ca5000-7f8671da5000 rw-p 00000000 00:00 0 
7f8671da5000-7f8671da6000 ---p 00000000 00:00 0 
7f8671da6000-7f8671ea6000 rw-p 00000000 00:00 0 
7f8671ea6000-7f8671ea7000 ---p 00000000 00:00 0 
7f8671ea7000-7f8671fa7000 rw-p 00000000 00:00 0 
7f8671fa7000-7f8671fa8000 ---p 00000000 00:00 0 
7f8671fa8000-7f86720a8000 rw-p 00000000 00:00 0 
7f86720a8000-7f86720a9000 ---p 00000000 00:00 0 
7f86720a9000-7f86721a9000 rw-p 00000000 00:00 0 
7f86721a9000-7f86721aa000 ---p 000