#
# There is insufficient memory for the Java Runtime Environment to continue.
# pthread_getattr_np
# Possible reasons:
#   The system is out of physical RAM or swap space
#   In 32 bit mode, the process size limit was hit
# Possible solutions:
#   Reduce memory load on the system
#   Increase physical memory or swap space
#   Check if swap backing store is full
#   Use 64 bit Java on a 64 bit OS
#   Decrease Java heap size (-Xmx/-Xms)
#   Decrease number of Java threads
#   Decrease Java thread stack sizes (-Xss)
#   Set larger code cache with -XX:ReservedCodeCacheSize=
# This output file may be truncated or incomplete.
#
#  Out of Memory Error (os_linux_x86.cpp:718), pid=6038, tid=140272765720320
#
# JRE version:  (7.0_151-b01) (build )
# Java VM: OpenJDK 64-Bit Server VM (24.151-b01 mixed mode linux-amd64 compressed oops)
# Derivative: IcedTea 2.6.11
# Distribution: Ubuntu 14.04 LTS, package 7u151-2.6.11-0ubuntu1.14.04.1
# Failed to write core dump. Core dumps have been disabled. To enable core dumping, try "ulimit -c unlimited" before starting Java again
#

---------------  T H R E A D  ---------------

Current thread (0x00007f93d01cb800):  JavaThread "Reference Handler" daemon [_thread_new, id=6049, stack(0x0000000000000000,0x0000000000000000)]

Stack: [0x0000000000000000,0x0000000000000000],  sp=0x00007f93cc5f4ae0,  free space=136985122770k
Native frames: (J=compiled Java code, j=interpreted, Vv=VM code, C=native code)
V  [libjvm.so+0x962b45]
V  [libjvm.so+0x49a474]
V  [libjvm.so+0x7e21ea]
V  [libjvm.so+0x7e223d]
V  [libjvm.so+0x90f619]
V  [libjvm.so+0x91568c]
V  [libjvm.so+0x7d75c2]


---------------  P R O C E S S  ---------------

Java Threads: ( => current thread )
=>0x00007f93d01cb800 JavaThread "Reference Handler" daemon [_thread_new, id=6049, stack(0x0000000000000000,0x0000000000000000)]
  0x00007f93d000a000 JavaThread "main" [_thread_in_vm, id=6039, stack(0x00007f93d9793000,0x00007f93d9894000)]

Other Threads:
  0x00007f93d01c5800 VMThread [stack: 0x00007f93cc5f6000,0x00007f93cc6f7000] [id=6048]

VM state:not at safepoint (normal execution)

VM Mutex/Monitor currently owned by a thread: None

Heap
 PSYoungGen      total 150528K, used 2590K [0x00000000eb280000, 0x00000000f5a00000, 0x0000000100000000)
  eden space 129536K, 2% used [0x00000000eb280000,0x00000000eb507b38,0x00000000f3100000)
  from space 20992K, 0% used [0x00000000f4580000,0x00000000f4580000,0x00000000f5a00000)
  to   space 20992K, 0% used [0x00000000f3100000,0x00000000f3100000,0x00000000f4580000)
 ParOldGen       total 343040K, used 0K [0x00000000c1800000, 0x00000000d6700000, 0x00000000eb280000)
  object space 343040K, 0% used [0x00000000c1800000,0x00000000c1800000,0x00000000d6700000)
 PSPermGen       total 21504K, used 936K [0x00000000b7200000, 0x00000000b8700000, 0x00000000c1800000)
  object space 21504K, 4% used [0x00000000b7200000,0x00000000b72ea0f0,0x00000000b8700000)

Card table byte_map: [0x00007f93d6163000,0x00007f93d63ab000] byte_map_base: 0x00007f93d5baa000

Polling page: 0x00007f93d98a9000

Code Cache  [0x00007f93cd000000, 0x00007f93cd270000, 0x00007f93d0000000)
 total_blobs=63 nmethods=0 adapters=41 free_code_cache=48824Kb largest_free_block=49995840

Compilation events (0 events):
No events

GC Heap History (0 events):
No events

Deoptimization events (0 events):
No events

Internal exceptions (0 events):
No events

Events (10 events):
Event: 0.032 loading class 0x00007f93d5518900 done
Event: 0.032 loading class 0x00007f93d55281d0
Event: 0.032 loading class 0x00007f93d55281d0 done
Event: 0.033 loading class 0x00007f93d5524370
Event: 0.033 loading class 0x00007f93d5524370 done
Event: 0.033 loading class 0x00007f93d552cec0
Event: 0.033 loading class 0x00007f93d552cec0 done
Event: 0.033 loading class 0x00007f93d552cef0
Event: 0.033 loading class 0x00007f93d552cef0 done
Event: 0.033 Thread 0x00007f93d01cb800 Thread added: 0x00007f93d01cb800


Dynamic libraries:
00400000-00401000 r-xp 00000000 08:01 1050720                            /usr/lib/jvm/java-7-openjdk-amd64/jre/bin/java
00600000-00601000 r--p 00000000 08:01 1050720                            /usr/lib/jvm/java-7-openjdk-amd64/jre/bin/java
00601000-00602000 rw-p 00001000 08:01 1050720                            /usr/lib/jvm/java-7-openjdk-amd64/jre/bin/java
01384000-013a5000 rw-p 00000000 00:00 0                                  [heap]
b7200000-b8700000 rw-p 00000000 00:00 0 
b8700000-c1800000 rw-p 00000000 00:00 0 
c1800000-d6700000 rw-p 00000000 00:00 0 
d6700000-eb280000 rw-p 00000000 00:00 0 
eb280000-f5a00000 rw-p 00000000 00:00 0 
f5a00000-100000000 rw-p 00000000 00:00 0 
7f93a4000000-7f93a4021000 rw-p 00000000 00:00 0 
7f93a4021000-7f93a8000000 ---p 00000000 00:00 0 
7f93a8000000-7f93a8021000 rw-p 00000000 00:00 0 
7f93a8021000-7f93ac000000 ---p 00000000 00:00 0 
7f93ac000000-7f93ac021000 rw-p 00000000 00:00 0 
7f93ac021000-7f93b0000000 ---p 00000000 00:00 0 
7f93b0000000-7f93b0021000 rw-p 00000000 00:00 0 
7f93b0021000-7f93b4000000 ---p 00000000 00:00 0 
7f93b5b90000-7f93b8000000 rw-p 00000000 00:00 0 
7f93b8000000-7f93b8021000 rw-p 00000000 00:00 0 
7f93b8021000-7f93bc000000 ---p 00000000 00:00 0 
7f93bc000000-7f93bc021000 rw-p 00000000 00:00 0 
7f93bc021000-7f93c0000000 ---p 00000000 00:00 0 
7f93c0000000-7f93c0021000 rw-p 00000000 00:00 0 
7f93c0021000-7f93c4000000 ---p 00000000 00:00 0 
7f93c4000000-7f93c4021000 rw-p 00000000 00:00 0 
7f93c4021000-7f93c8000000 ---p 00000000 00:00 0 
7f93c8000000-7f93c8021000 rw-p 00000000 00:00 0 
7f93c8021000-7f93cc000000 ---p 00000000 00:00 0 
7f93cc3f4000-7f93cc5f6000 rw-p 00000000 00:00 0 
7f93cc5f6000-7f93cc5f7000 ---p 00000000 00:00 0 
7f93cc5f7000-7f93cd000000 rw-p 00000000 00:00 0 
7f93cd000000-7f93cd270000 rwxp 00000000 00:00 0 
7f93cd270000-7f93d01d8000 rw-p 00000000 00:00 0 
7f93d01d8000-7f93d4000000 ---p 00000000 00:00 0 
7f93d4090000-7f93d52ec000 rw-p 00000000 00:00 0 
7f93d52ec000-7f93d54a2000 r--s 01d63000 08:01 1183675                    /usr/lib/jvm/java-7-openjdk-amd64/jre/lib/rt.jar
7f93d54a2000-7f93d57ba000 rw-p 00000000 00:00 0 
7f93d57ba000-7f93d57bb000 ---p 00000000 00:00 0 
7f93d57bb000-7f93d58bb000 rw-p 00000000 00:00 0 
7f93d58bb000-7f93d58bc000 ---p 00000000 00:00 0 
7f93d58bc000-7f93d59bc000 rw-p 00000000 00:00 0 
7f93d59bc000-7f93d59bd000 ---p 00000000 00:00 0 
7f93d59bd000-7f93d5abd000 rw-p 00000000 00:00 0 
7f93d5abd000-7f93d5abe000 ---p 00000000 00:00 0 
7f93d5abe000-7f93d5bbe000 rw-p 00000000 00:00 0 
7f93d5bbe000-7f93d5bbf000 ---p 00000000 00:00 0 
7f93d5bbf000-7f93d5cbf000 rw-p 00000000 00:00 0 
7f93d5cbf000-7f93d5cc0000 ---p 00000000 00:00 0 
7f93d5cc0000-7f93d5dc0000 rw-p 00000000 00:00 0 
7f93d5dc0000-7f93d5dc1000 ---p 00000000 00:00 0 
7f93d5dc1000-7f93d5ec1000 rw-p 00000000 00:00 0 
7f93d5ec1000-7f93d5ec2000 ---p 00000000 00:00 0 
7f93d5ec2000-7f93d5fcd000 rw-p 00000000 00:00 0 
7f93d5fcd000-7f93d6015000 rw-p 00000000 00:00 0 
7f93d6015000-7f93d60bd000 rw-p 00000000 00:00 0 
7f93d60bd000-7f93d6163000 rw-p 00000000 00:00 0 
7f93d6163000-7f93d616e000 rw-p 00000000 00:00 0 
7f93d616e000-7f93d61b6000 rw-p 00000000 00:00 0 
7f93d61b6000-7f93d625e000 rw-p 00000000 00:00 0 
7f93d625e000-7f93d6303000 rw-p 00000000 00:00 0 
7f93d6303000-7f93d6357000 rw-p 00000000 00:00 0 
7f93d6357000-7f93d63aa000 rw-p 00000000 00:00 0 
7f93d63aa000-7f93d63ab000 rw-p 00000000 00:00 0 
7f93d63ab000-7f93d63b3000 r-xp 00000000 08:01 1183742                    /usr/lib/jvm/java-7-openjdk-amd64/jre/lib