#
# There is insufficient memory for the Java Runtime Environment to continue.
# pthread_getattr_np
# Possible reasons:
#   The system is out of physical RAM or swap space
#   In 32 bit mode, the process size limit was hit
# Possible solutions:
#   Reduce memory load on the system
#   Increase physical memory or swap space
#   Check if swap backing store is full
#   Use 64 bit Java on a 64 bit OS
#   Decrease Java heap size (-Xmx/-Xms)
#   Decrease number of Java threads
#   Decrease Java thread stack sizes (-Xss)
#   Set larger code cache with -XX:ReservedCodeCacheSize=
# This output file may be truncated or incomplete.
#
#  Out of Memory Error (os_linux_x86.cpp:718), pid=30257, tid=140467692824320
#
# JRE version:  (7.0_151-b01) (build )
# Java VM: OpenJDK 64-Bit Server VM (24.151-b01 mixed mode linux-amd64 compressed oops)
# Derivative: IcedTea 2.6.11
# Distribution: Ubuntu 14.04 LTS, package 7u151-2.6.11-0ubuntu1.14.04.1
# Failed to write core dump. Core dumps have been disabled. To enable core dumping, try "ulimit -c unlimited" before starting Java again
#

---------------  T H R E A D  ---------------

Current thread (0x00007fc13c1cb800):  JavaThread "Reference Handler" daemon [_thread_new, id=30269, stack(0x0000000000000000,0x0000000000000000)]

Stack: [0x0000000000000000,0x0000000000000000],  sp=0x00007fc12eeedae0,  free space=137175481270k
Native frames: (J=compiled Java code, j=interpreted, Vv=VM code, C=native code)
V  [libjvm.so+0x962b45]
V  [libjvm.so+0x49a474]
V  [libjvm.so+0x7e21ea]
V  [libjvm.so+0x7e223d]
V  [libjvm.so+0x90f619]
V  [libjvm.so+0x91568c]
V  [libjvm.so+0x7d75c2]


---------------  P R O C E S S  ---------------

Java Threads: ( => current thread )
=>0x00007fc13c1cb800 JavaThread "Reference Handler" daemon [_thread_new, id=30269, stack(0x0000000000000000,0x0000000000000000)]
  0x00007fc13c00a000 JavaThread "main" [_thread_in_vm, id=30258, stack(0x00007fc142548000,0x00007fc142649000)]

Other Threads:
  0x00007fc13c1c5800 VMThread [stack: 0x00007fc12eeef000,0x00007fc12eff0000] [id=30268]

VM state:not at safepoint (normal execution)

VM Mutex/Monitor currently owned by a thread:  ([mutex/lock_event])
[0x00007fc13c006530] Threads_lock - owner thread: 0x00007fc13c00a000

Heap
 PSYoungGen      total 150528K, used 2590K [0x00000000eb280000, 0x00000000f5a00000, 0x0000000100000000)
  eden space 129536K, 2% used [0x00000000eb280000,0x00000000eb507b38,0x00000000f3100000)
  from space 20992K, 0% used [0x00000000f4580000,0x00000000f4580000,0x00000000f5a00000)
  to   space 20992K, 0% used [0x00000000f3100000,0x00000000f3100000,0x00000000f4580000)
 ParOldGen       total 343040K, used 0K [0x00000000c1800000, 0x00000000d6700000, 0x00000000eb280000)
  object space 343040K, 0% used [0x00000000c1800000,0x00000000c1800000,0x00000000d6700000)
 PSPermGen       total 21504K, used 938K [0x00000000b7200000, 0x00000000b8700000, 0x00000000c1800000)
  object space 21504K, 4% used [0x00000000b7200000,0x00000000b72eaa88,0x00000000b8700000)

Card table byte_map: [0x00007fc137d2d000,0x00007fc137f75000] byte_map_base: 0x00007fc137774000

Polling page: 0x00007fc14265e000

Code Cache  [0x00007fc137f75000, 0x00007fc1381e5000, 0x00007fc13af75000)
 total_blobs=63 nmethods=0 adapters=41 free_code_cache=48824Kb largest_free_block=49995840

Compilation events (0 events):
No events

GC Heap History (0 events):
No events

Deoptimization events (0 events):
No events

Internal exceptions (0 events):
No events

Events (10 events):
Event: 0.032 loading class 0x00007fc134e231d0
Event: 0.032 loading class 0x00007fc134e231d0 done
Event: 0.032 loading class 0x00007fc134e1f370
Event: 0.033 loading class 0x00007fc134e1f370 done
Event: 0.033 loading class 0x00007fc134e27ec0
Event: 0.033 loading class 0x00007fc134e27ec0 done
Event: 0.033 loading class 0x00007fc134e27ef0
Event: 0.033 loading class 0x00007fc134e27ef0 done
Event: 0.033 Thread 0x00007fc13c1cb800 Thread added: 0x00007fc13c1cb800
Event: 0.033 loading class 0x00007fc134e27f80


Dynamic libraries:
00400000-00401000 r-xp 00000000 08:01 1050720                            /usr/lib/jvm/java-7-openjdk-amd64/jre/bin/java
00600000-00601000 r--p 00000000 08:01 1050720                            /usr/lib/jvm/java-7-openjdk-amd64/jre/bin/java
00601000-00602000 rw-p 00001000 08:01 1050720                            /usr/lib/jvm/java-7-openjdk-amd64/jre/bin/java
024b2000-024d3000 rw-p 00000000 00:00 0                                  [heap]
b7200000-b8700000 rw-p 00000000 00:00 0 
b8700000-c1800000 rw-p 00000000 00:00 0 
c1800000-d6700000 rw-p 00000000 00:00 0 
d6700000-eb280000 rw-p 00000000 00:00 0 
eb280000-f5a00000 rw-p 00000000 00:00 0 
f5a00000-100000000 rw-p 00000000 00:00 0 
7fc108000000-7fc108021000 rw-p 00000000 00:00 0 
7fc108021000-7fc10c000000 ---p 00000000 00:00 0 
7fc10c000000-7fc10c021000 rw-p 00000000 00:00 0 
7fc10c021000-7fc110000000 ---p 00000000 00:00 0 
7fc110000000-7fc110021000 rw-p 00000000 00:00 0 
7fc110021000-7fc114000000 ---p 00000000 00:00 0 
7fc118000000-7fc118021000 rw-p 00000000 00:00 0 
7fc118021000-7fc11c000000 ---p 00000000 00:00 0 
7fc11c000000-7fc11c021000 rw-p 00000000 00:00 0 
7fc11c021000-7fc120000000 ---p 00000000 00:00 0 
7fc120000000-7fc120021000 rw-p 00000000 00:00 0 
7fc120021000-7fc124000000 ---p 00000000 00:00 0 
7fc124000000-7fc124021000 rw-p 00000000 00:00 0 
7fc124021000-7fc128000000 ---p 00000000 00:00 0 
7fc128000000-7fc128021000 rw-p 00000000 00:00 0 
7fc128021000-7fc12c000000 ---p 00000000 00:00 0 
7fc12eced000-7fc12eeef000 rw-p 00000000 00:00 0 
7fc12eeef000-7fc12eef0000 ---p 00000000 00:00 0 
7fc12eef0000-7fc130000000 rw-p 00000000 00:00 0 
7fc130000000-7fc130021000 rw-p 00000000 00:00 0 
7fc130021000-7fc134000000 ---p 00000000 00:00 0 
7fc1340dc000-7fc134be7000 rw-p 00000000 00:00 0 
7fc134be7000-7fc134d9d000 r--s 01d63000 08:01 1183675                    /usr/lib/jvm/java-7-openjdk-amd64/jre/lib/rt.jar
7fc134d9d000-7fc137525000 rw-p 00000000 00:00 0 
7fc137525000-7fc137526000 ---p 00000000 00:00 0 
7fc137526000-7fc137626000 rw-p 00000000 00:00 0 
7fc137626000-7fc137627000 ---p 00000000 00:00 0 
7fc137627000-7fc137727000 rw-p 00000000 00:00 0 
7fc137727000-7fc137728000 ---p 00000000 00:00 0 
7fc137728000-7fc137828000 rw-p 00000000 00:00 0 
7fc137828000-7fc137829000 ---p 00000000 00:00 0 
7fc137829000-7fc137929000 rw-p 00000000 00:00 0 
7fc137929000-7fc13792a000 ---p 00000000 00:00 0 
7fc13792a000-7fc137a2a000 rw-p 00000000 00:00 0 
7fc137a2a000-7fc137a2b000 ---p 00000000 00:00 0 
7fc137a2b000-7fc137b2b000 rw-p 00000000 00:00 0 
7fc137b2b000-7fc137b2c000 ---p 00000000 00:00 0 
7fc137b2c000-7fc137c2c000 rw-p 00000000 00:00 0 
7fc137c2c000-7fc137c2d000 ---p 00000000 00:00 0 
7fc137c2d000-7fc137d38000 rw-p 00000000 00:00 0 
7fc137d38000-7fc137d80000 rw-p 00000000 00:00 0 
7fc137d80000-7fc137e28000 rw-p 00000000 00:00 0 
7fc137e28000-7fc137ecd000 rw-p 00000000 00:00 0 
7fc137ecd000-7fc137f21000 rw-p 00000000 00:00 0 
7fc137f21000-7fc137f74000 rw-p 00000000 00:00 0 
7fc137f74000-7fc137f75000 rw-p 00000000 00:00 0 
7fc137f75000-7fc1381e5000 rwxp 00000000 00:00 0 
7fc1381e5000-7fc13af75000 rw-p 00000000 00:00 0 
7fc13af75000-7fc13af7d000 r-xp 00000000 08:01 1183742                    /usr/lib/jvm/java-7-openjdk-amd64/jre/lib/amd64/libzip.so
7fc13af7d000-7fc13b17c000 ---p 00008000 08:01 1183742                    /usr/lib/jvm/java-7-openjdk-amd64/jre/lib/amd64/libzip.so
7fc13b17c000-7fc13b17d000 r--p 00007000 08:01 1183742                    /usr/lib/jvm/java-7-openjdk-amd64/jre/lib/amd64/libzip.so
7fc13b17d000-7fc13b17e000 rw-p 00008000 08:01 1183742                    /usr/lib/jvm/java-7-openjdk-amd64/jre/lib/amd64/libzip.so
7fc13b17e000-7fc13b188000 r-xp 00000000 08:01 261637                     /lib/x86_64-linux-gnu/libnss_files-2.19.so
7fc13b188000-7fc13b387000 ---p 0000a000 08:01 261637                     /lib/x86_64-linux-gnu/libnss_files-2.19.so
7fc13b387000-7fc13b388000 r--p 00009000 08:01 261637                     /lib/x86_64-linux-gnu/libnss_files-2.19.so
7fc13b388000-7fc13b389000 rw-p 0000a000 08:01 261637                     /lib/x86_64-linux-gnu/libnss_files-2.19.so
7fc13b389000-7fc13b394000 r-xp 00000000 08:01 261652                     /lib/x86_64-linux-gnu/libnss_nis-2.19.so
7fc13b394000-7fc13b593000 ---p 0000b000 08:01 261652                     /lib/x86_64-linux-gnu/libnss_nis-2.19.so
7fc13b593000-7fc13b594000 r--p 0000a000 08:01 261652                     /lib/x86_64-linux-gnu/libnss_nis-2.19.so
7fc13b594000-7fc13b595000 rw-p 0000b000 08:01 261652                     /lib/x86_64-linux-gnu/libnss_nis-2.19.so
7fc13b595000-7fc13b5ac000 r-xp 00000000 08:01 261633                     /lib/x86_64-linux-gnu/libnsl-2.19.so
7fc13b5ac000-7fc13b7ab000 ---p 00017000 08:01 261633                     /lib/x86_64-linux-gnu/libnsl-2.19.so
7fc13b7ab000-7fc13b7ac000 r--p 00016000 08:01 261633                     /lib/x86_64-linux-gnu/libnsl-2.19.so
7fc13b7ac000-7fc13b7ad000 rw-p 00017000 08:01 261633                     /lib/x86_64-linux-gnu/libnsl-2.19.so
7fc13b7ad000-7fc13b7af000 rw-p 00000000 00:00 0 
7fc13b7af000-7fc13b7b8000 r-xp 00000000 08:01 261650                     /lib/x86_64-linux-gnu/libnss_compat-2.19.so
7fc13b7b8000-7fc13b9b7000 ---p 00009000 08:01 261650                     /lib/x86_64-linux-gnu/libnss_compat-2.19.so
7fc13b9b7000-7fc13b9b8000 r--p 00008000 08:01 261650                     /lib/x86_64-linux-gnu/libnss_compat-2.19.so
7fc13b9b8000-7fc13b9b9000 rw-p 00009000 08:01 261650                     /lib/x86_64-linux-gnu/libnss_compat-2.19.so
7fc13b9b9000-7fc13b9e3000 r-xp 00000000 08:01 1183726                    /usr/lib/jvm/java-7-openjdk-amd64/jre/lib/amd64/libjava.so
7fc13b9e3000-7fc13bbe3000 ---p 0002a000 08:01 1183726                    /usr/lib/jvm/java-7-openjdk-amd64/jre/lib/amd64/libjava.so
7fc13bbe3000-7fc13bbe4000 r--p 0002a000 08:01 1183726                    /usr/lib/jvm/java-7-openjdk-amd64/jre/lib/amd64/libjava.so
7fc13bbe4000-7fc13bbe6000 rw-p 0002b000 08:01 1183726                    /usr/lib/jvm/java-7-openjdk-amd64/jre/lib/amd64/libjava.so
7fc13bbe6000-7fc13bbf6000 r-xp 00000000 08:01 1183719                    /usr/lib/jvm/java-7-openjdk-amd64/jre/lib/amd64/libverify.so
7fc13bbf6000-7fc13bdf5000 ---p 00010000 08:01 1183719                    /usr/lib/jvm/java-7-openjdk-amd64/jre/lib/amd64/libverify.so
7fc13bdf5000-7fc13bdf7000 r--p 0000f000 08:01 1183719                    /usr/lib/jvm/java-7-openjdk-amd64/jre/lib/amd64/libverify.so
7fc13bdf7000-7fc13bdf8000 rw-p 00011000 08:01 1183719                    /usr/lib/jvm/java-7-openjdk-amd64/jre/lib/amd64/libverify.so
7fc13bdf8000-7fc13bdff000 r-xp 00000000 08:01 261645                     /lib/x86_64-linux-gnu/librt-2.19.so
7fc13bdff000-7fc13bffe000 ---p 00007000 08:01 261645                     /lib/x86_64-linux-gnu/librt-2.19.so
7fc13bffe000-7fc13bfff000 r--p 00006000 08:01 261645                     /lib/x86_64-linux-gnu/librt-2.19.so
7fc13bfff000-7fc13c000000 rw-p 00007000 08:01 261645                     /lib/x86_64-linux-gnu/librt-2.19.so
7fc13c000000-7fc13c1d8000 rw-p 00000000 00:00 0 
7fc13c1d8000-7fc140000000 ---p 00000000 00:00 0 
7fc140000000-7fc140055000 rw-p 00000000 00:00 0 
7fc140055000-7fc14009d000 rw-p 00000000 00:00 0 
7fc14009d000-7fc140145000 rw-p 00000000 00:00 0 
7fc140145000-7fc1401eb000 rw-p 00000000 00:00 0 
7fc1401eb000-7fc140201000 r-xp 00000000 08:01 261139                     /lib/x86_64-linux-gnu/libgcc_s.so.1
7fc140201000-7fc140400000 ---p 00016000 08:01 261139                     /lib/x86_64-linux-gnu/libgcc_s.so.1
7fc140400000-7fc140401000 rw-p 00015000 08:01 261139                     /lib/x86_64-linux-gnu/libgcc_s.so.1
7fc140401000-7fc140506000 r-xp 00000000 08:01 261639                     /lib/x86_64-linux-gnu/libm-2.19.so
7fc140506000-7fc140705000 ---p 00105000 08:01 261639                     /lib/x86_64-linux-gnu/libm-2.19.so
7fc140705000-7fc140706000 r--p 00104000 08:01 261639                     /lib/x86_64-linux-gnu/libm-2.19.so
7fc140706000-7fc140707000 rw-p 00105000 08:01 261639                     /lib/x86_64-linux-gnu/libm-2.19.so
7fc140707000-7fc1407ed000 r-xp 00000000 08:01 915397                     /usr/lib/x86_64-linux-gnu/libstdc++.so.6.0.19
7fc1407ed000-7fc1409ec000 ---p 000e6000 08:01 915397                     /usr/lib/x86_64-linux-gnu/libstdc++.so.6.0.19
7fc1409ec000-7fc1409f4000 r--p 000e5000 08:01 915397                     /usr/lib/x86_64-linux-gnu/libstdc++.so.6.0.19
7fc1409f4000-7fc1409f6000 rw-p 000ed000 08:01 915397                     /usr/lib/x86_64-linux-gnu/libstdc++.so.6.0.19
7fc1409f6000-7fc140a0b000 rw-p 00000000 00:00 0 
7fc140a0b000-7fc14153f000 r-xp 00000000 08:01 1183731                    /usr/lib/jvm/java-7-openjdk-amd64/jre/lib/amd64/server/libjvm.so
7fc14153f000-7fc14173f000 ---p 00b34000 08:01 1183731                    /usr/lib/jvm/java-7-openjdk-amd64/jre/lib/amd64/server/libjvm.so
7fc14173f000-7fc1417da000 r--p 00b34000 08:01 1183731                    /usr/lib/jvm/java-7-openjdk-amd64/jre/lib/amd64/server/libjvm.so
7fc1417da000-7fc1417fd000 rw-p 00bcf000 08:01 1183731                    /usr/lib/jvm/java-7-openjdk-amd64/jre/lib/amd64/server/libjvm.so
7fc1417fd000-7fc14182d000 rw-p 00000000 00:00 0 
7fc14182d000-7fc141845000 r-xp 00000000 08:01 261367                     /lib/x86_64-linux-gnu/libz.so.1.2.8
7fc141845000-7fc141a44000 ---p 00018000 08:01 261367                     /lib/x86_64-linux-gnu/libz.so.1.2.8
7fc141a44000-7fc141a45000 r--p 00017000 08:01 261367                     /lib/x86_64-linux-gnu/libz.so.1.2.8
7fc141a45000-7fc141a46000 rw-p 00018000 08:01 261367                     /lib/x86_64-linux-gnu/libz.so.1.2.8
7fc141a46000-7fc141a5f000 r-xp 00000000 08:01 261641                     /lib/x86_64-linux-gnu/libpthread-2.19.so
7fc141a5f000-7fc141c5e000 ---p 00019000 08:01 261641                     /lib/x86_64-linux-gnu/libpthread-2.19.so
7fc141c5e000-7fc141c5f000 r--p 00018000 08:01 261641                     /lib/x86_64-linux-gnu/libpthread-2.19.so
7fc141c5f000-7fc141c60000 rw-p 00019000 08:01 261641                     /lib/x86_64-linux-gnu/libpthread-2.19.so
7fc141c60000-7fc141c64000 rw-p 00000000 00:00 0 
7fc141c64000-7fc141c67000 r-xp 00000000 08:01 261644                     /lib/x86_64-linux-gnu/libdl-2.19.so
7fc141c67000-7fc141e66000 ---p 00003000 08:01 261644                     /lib/x86_64-linux-gnu/libdl-2.19.so
7fc141e66000-7fc141e67000 r--p 00002000 08:01 261644                     /lib/x86_64-linux-gnu/libdl-2.19.so
7fc141e67000-7fc141e68000 rw-p 00003000 08:01 261644                     /lib/x86_64-linux-gnu/libdl-2.19.so
7fc141e68000-7fc142026000 r-xp 00000000 08:01 261640                     /lib/x86_64-linux-gnu/libc-2.19.so
7fc142026000-7fc142226000 ---p 001be000 08:01 261640                     /lib/x86_64-linux-gnu/libc-2.19.so
7fc142226000-7fc14222a000 r--p 001be000 08:01 261640                     /lib/x86_64-linux-gnu/libc-2.19.so
7fc14222a000-7fc14222c000 rw-p 001c2000 08:01 261640                     /lib/x86_64-linux-gnu/libc-2.19.so
7fc14222c000-7fc142231000 rw-p 00000000 00:00 0 
7fc142231000-7fc14223e000 r-xp 00000000 08:01 1183709                    /usr/lib/jvm/java-7-openjdk-amd64/jre/lib/amd64/jli/libjli.so
7fc14223e000-7fc14243d000 ---p 0000d000 08:01 1183709                    /usr/lib/jvm/java-7-openjdk-amd64/jre/lib/amd64/jli/libjli.so
7fc14243d000-7fc14243e000 r--p 0000c000 08:01 1183709                    /usr/lib/jvm/java-7-openjdk-amd64/jre/lib/amd64/jli/libjli.so
7fc14243e000-7fc14243f000 rw-p 0000d000 08:01 1183709                    /usr/lib/jvm/java-7-openjdk-amd64/jre/lib/amd64/jli/libjli.so
7fc14243f000-7fc142462000 r-xp 00000000 08:01 261648                     /lib/x86_64-linux-gnu/ld-2.19.so
7fc142471000-7fc142492000 rw-p 00000000 00:00 0 
7fc142492000-7fc142548000 rw-p 00000000 00:00 0 
7fc142548000-7fc14254b000 ---p 00000000 00:00 0 
7fc14254b000-7fc14264e000 rw-p 00000000 00:00 0 
7fc142655000-7fc14265d000 rw-s 00000000 08:05 26768                      /tmp/hsperfdata_realtalkadmin/30257
7fc14265d000-7fc14265e000 rw-p 00000000 00:00 0 
7fc14265e000-7fc14265f000 r--p 00000000 00:00 0 
7fc14265f000-7fc142661000 rw-p 00000000 00:00 0 
7fc142661000-7fc142662000 r--p 00022000 08:01 261648                     /lib/x86_64-linux-gnu/ld-2.19.so
7fc142662000-7fc142663000 rw-p 00023000 08:01 261648                     /lib/x86_64-linux-gnu/ld-2.19.so
7fc142663000-7fc142664000 rw-p 00000000 00:00 0 
7ffe8e2c9000-7ffe8e2ea000 rw-p 00000000 00:00 0                          [stack]
7ffe8e377000-7ffe8e37a000 r--p 00000000 00:00 0                          [vvar]
7ffe8e37a000-7ffe8e37c000 r-xp 00000000 00:00 0                          [vdso]
ffffffffff600000-ffffffffff601000 r-xp 00000000 00:00 0                  [vsyscall]

VM Arguments:
java_command: /home/realtalkadmin/realtalk.news/wp-content/plugins/fast-velocity-minify/libs/jar/yuicompressor-2.4.8.jar --preserve-semi --nomunge /home/realtalkadmin/realtalk.news/wp-content/uploads/fvm/tmp/dd5c165e.js -o /home/realtalkadmin/realtalk.news/wp-content/uploads/fvm/tmp/dd5c165e.min.js
Launcher Type: SUN_STANDARD

Environment Variables:
PATH=/usr/local/bin:/usr/bin:/bin

Signal Handlers:
SIGSEGV: [libjvm.so+0x963630], sa_mask[0]=0x7ffbfeff, sa_flags=0x10000004
SIGBUS: [libjvm.so+0x963630], sa_mask[0]=0x7ffbfeff, sa_flags=0x10000004
SIGFPE: [libjvm.so+0x7d5da0], sa_mask[0]=0x7ffbfeff, sa_flags=0x10000004
SIGPIPE: [libjvm.so+0x7d5da0], sa_mask[0]=0x7ffbfeff, sa_flags=0x10000004
SIGXFSZ: [libjvm.so+0x7d5da0], sa_mask[0]=0x7ffbfeff, sa_flags=0x10000004
SIGILL: [libjvm.so+0x7d5da0], sa_mask[0]=0x7ffbfeff, sa_flags=0x10000004
SIGUSR1: SIG_DFL, sa_mask[0]=0x00000000, sa_flags=0x00000000
SIGUSR2: [libjvm.so+0x7d5ed0], sa_mask[0]=0x00000000, sa_flags=0x10000004
SIGHUP: SIG_DFL, sa_mask[0]=0x00000000, sa_flags=0x00000000
SIGINT: SIG_DFL, sa_mask[0]=0x00000000, sa_flags=0x00000000
SIGTERM: SIG_DFL, sa_mask[0]=0x00000000, sa_flags=0x00000000
SIGQUIT: SIG_DFL, sa_mask[0]=0x00000000, sa_flags=0x00000000
SIGTRAP: SIG_DFL, sa_mask[0]=0x00000000, sa_flags=0x00000000


---------------  S Y S T E M  ---------------

OS:Ubuntu 14.04 (trusty)
uname:Linux 4.4.126-0.ksplice-lts-generic #2 SMP Tue Apr 10 12:33:32 UTC 2018 x86_64
libc:glibc 2.19 NPTL 2.19 
rlimit: STACK 8192k, CORE 0k, NPROC 5000, NOFILE 4096, AS 2048000k
load average:4.45 2.90 2.40

/proc/meminfo:
MemTotal:       32932580 kB
MemFree:         2734264 kB
MemAvailable:   22117236 kB
Buffers:          125124 kB
Cached:         11245872 kB
SwapCached:        51288 kB
Active:         11949844 kB
Inactive:        6710060 kB
Active(anon):    6608832 kB
Inactive(anon):  1816012 kB
Active(file):    5341012 kB
Inactive(file):  4894048 kB
Unevictable:       11636 kB
Mlocked:           11636 kB
SwapTotal:       3117180 kB
SwapFree:        1877856 kB
Dirty:              2280 kB
Writeback:             0 kB
AnonPages:       7258036 kB
Mapped:          1214048 kB
Shmem:           1132420 kB
Slab:            9875756 kB
SReclaimable:    9485796 kB
SUnreclaim:       389960 kB
KernelStack:       12016 kB
PageTables:       235084 kB
NFS_Unstable:          0 kB
Bounce:                0 kB
WritebackTmp:          0 kB
CommitLimit:    19583468 kB
Committed_AS:   21188416 kB
VmallocTotal:   34359738367 kB
VmallocUsed:           0 kB
VmallocChunk:          0 kB
HardwareCorrupted:     0 kB
AnonHugePages:         0 kB
CmaTotal:              0 kB
CmaFree:               0 kB
HugePages_Total:       0
HugePages_Free:        0
HugePages_Rsvd:        0
HugePages_Surp:        0
Hugepagesize:       2048 kB
DirectMap4k:       15680 kB
DirectMap2M:     2074624 kB
DirectMap1G:    31457280 kB


CPU:total 8 (initial active 8) (4 cores per cpu, 1 threads per core) family 16 model 8 stepping 0, cmov, cx8, fxsr, mmx, sse, sse2, sse3, popcnt, mmxext, 3dnowpref, lzcnt, sse4a, tsc, tscinvbit, tscinv

/proc/cpuinfo:
processor	: 0
vendor_id	: AuthenticAMD
cpu family	: 16
model		: 8
model name	: AMD Opteron(tm) Processor 4122
stepping	: 0
microcode	: 0x10000c5
cpu MHz		: 2200.000
cache size	: 512 KB
physical id	: 0
siblings	: 4
core id		: 0
cpu cores	: 4
apicid		: 8
initial apicid	: 0
fpu		: yes
fpu_exception	: yes
cpuid level	: 5
wp		: yes
flags		: fpu vme de pse tsc msr pae mce cx8 apic sep mtrr pge mca cmov pat pse36 clflush mmx fxsr sse sse2 ht syscall nx mmxext fxsr_opt pdpe1gb rdtscp lm 3dnowext 3dnow constant_tsc rep_good nopl nonstop_tsc extd_apicid pni monitor cx16 popcnt lahf_lm cmp_legacy svm extapic cr8_legacy abm sse4a misalignsse 3dnowprefetch osvw ibs skinit wdt nodeid_msr hw_pstate rsb_ctxsw retpoline retpoline_amd npt lbrv svm_lock nrip_save pausefilter vmmcall
bugs		: tlb_mmatch fxsave_leak sysret_ss_attrs spectre_v1 spectre_v2
bogomips	: 4389.26
TLB size	: 1024 4K pages
clflush size	: 64
cache_alignment	: 64
address sizes	: 48 bits physical, 48 bits virtual
power management: ts ttp tm stc 100mhzsteps hwpstate

processor	: 1
vendor_id	: AuthenticAMD
cpu family	: 16
model		: 8
model name	: AMD Opteron(tm) Processor 4122
stepping	: 0
microcode	: 0x10000c5
cpu MHz		: 2200.000
cache size	: 512 KB
physical id	: 0
siblings	: 4
core id		: 1
cpu cores	: 4
apicid		: 9
initial apicid	: 1
fpu		: yes
fpu_exception	: yes
cpuid level	: 5
wp		: yes
flags		: fpu vme de pse tsc msr pae mce cx8 apic sep mtrr pge mca cmov pat pse36 clflush mmx fxsr sse sse2 ht syscall nx mmxext fxsr_opt pdpe1gb rdtscp lm 3dnowext 3dnow constant_tsc rep_good nopl nonstop_tsc extd_apicid pni monitor cx16 popcnt lahf_lm cmp_legacy svm extapic cr8_legacy abm sse4a misalignsse 3dnowprefetch osvw ibs skinit wdt nodeid_msr hw_pstate rsb_ctxsw retpoline retpoline_amd npt lbrv svm_lock nrip_save pausefilter vmmcall
bugs		: tlb_mmatch fxsave_leak sysret_ss_attrs spectre_v1 spectre_v2
bogomips	: 4389.26
TLB size	: 1024 4K pages
clflush size	: 64
cache_alignment	: 64
address sizes	: 48 bits physical, 48 bits virtual
power management: ts ttp tm stc 100mhzsteps hwpstate

processor	: 2
vendor_id	: AuthenticAMD
cpu family	: 16
model		: 8
model name	: AMD Opteron(tm) Processor 4122
stepping	: 0
microcode	: 0x10000c5
cpu MHz		: 2200.000
cache size	: 512 KB
physical id	: 0
siblings	: 4
core id		: 2
cpu cores	: 4
apicid		: 10
initial apicid	: 2
fpu		: yes
fpu_exception	: yes
cpuid level	: 5
wp		: yes
flags		: fpu vme de pse tsc msr pae mce cx8 apic sep mtrr pge mca cmov pat pse36 clflush mmx fxsr sse sse2 ht syscall nx mmxext fxsr_opt pdpe1gb rdtscp lm 3dnowext 3dnow constant_tsc rep_good nopl nonstop_tsc extd_apicid pni monitor cx16 popcnt lahf_lm cmp_legacy svm extapic cr8_legacy abm sse4a misalignsse 3dnowprefetch osvw ibs skinit wdt nodeid_msr hw_pstate rsb_ctxsw retpoline retpoline_amd npt lbrv svm_lock nrip_save pausefilter vmmcall
bugs		: tlb_mmatch fxsave_leak sysret_ss_attrs spectre_v1 spectre_v2
bogomips	: 4389.26
TLB size	: 1024 4K pages
clflush size	: 64
cache_alignment	: 64
address sizes	: 48 bits physical, 48 bits virtual
power management: ts ttp tm stc 100mhzsteps hwpstate

processor	: 3
vendor_id	: AuthenticAMD
cpu family	: 16
model		: 8
model name	: AMD Opteron(tm) Processor 4122
stepping	: 0
microcode	: 0x10000c5
cpu MHz		: 2200.000
cache size	: 512 KB
physical id	: 0
siblings	: 4
core id		: 3
cpu cores	: 4
apicid		: 11
initial apicid	: 3
fpu		: yes
fpu_exception	: yes
cpuid level	: 5
wp		: yes
flags		: fpu vme de pse tsc msr pae mce cx8 apic sep mtrr pge mca cmov pat pse36 clflush mmx fxsr sse sse2 ht syscall nx mmxext fxsr_opt pdpe1gb rdtscp lm 3dnowext 3dnow constant_tsc rep_good nopl nonstop_tsc extd_apicid pni monitor cx16 popcnt lahf_lm cmp_legacy svm extapic cr8_legacy abm sse4a misalignsse 3dnowprefetch osvw ibs skinit wdt nodeid_msr hw_pstate rsb_ctxsw retpoline retpoline_amd npt lbrv svm_lock nrip_save pausefilter vmmcall
bugs		: tlb_mmatch fxsave_leak sysret_ss_attrs spectre_v1 spectre_v2
bogomips	: 4389.26
TLB size	: 1024 4K pages
clflush size	: 64
cache_alignment	: 64
address sizes	: 48 bits physical, 48 bits virtual
power management: ts ttp tm stc 100mhzsteps hwpstate

processor	: 4
vendor_id	: AuthenticAMD
cpu family	: 16
model		: 8
model name	: AMD Opteron(tm) Processor 4122
stepping	: 0
microcode	: 0x10000c5
cpu MHz		: 2200.000
cache size	: 512 KB
physical id	: 1
siblings	: 4
core id		: 0
cpu cores	: 4
apicid		: 16
initial apicid	: 8
fpu		: yes
fpu_exception	: yes
cpuid level	: 5
wp		: yes
flags		: fpu vme de pse tsc msr pae mce cx8 apic sep mtrr pge mca cmov pat pse36 clflush mmx fxsr sse sse2 ht syscall nx mmxext fxsr_opt pdpe1gb rdtscp lm 3dnowext 3dnow constant_tsc rep_good nopl nonstop_tsc extd_apicid pni monitor cx16 popcnt lahf_lm cmp_legacy svm extapic cr8_legacy abm sse4a misalignsse 3dnowprefetch osvw ibs skinit wdt nodeid_msr hw_pstate rsb_ctxsw retpoline retpoline_amd npt lbrv svm_lock nrip_save pausefilter vmmcall
bugs		: tlb_mmatch fxsave_leak sysret_ss_attrs spectre_v1 spectre_v2
bogomips	: 4388.99
TLB size	: 1024 4K pages
clflush size	: 64
cache_alignment	: 64
address sizes	: 48 bits physical, 48 bits virtual
power management: ts ttp tm stc 100mhzsteps hwpstate

processor	: 5
vendor_id	: AuthenticAMD
cpu family	: 16
model		: 8
model name	: AMD Opteron(tm) Processor 4122
stepping	: 0
microcode	: 0x10000c5
cpu MHz		: 2200.000
cache size	: 512 KB
physical id	: 1
siblings	: 4
core id		: 1
cpu cores	: 4
apicid		: 17
initial apicid	: 9
fpu		: yes
fpu_exception	: yes
cpuid level	: 5
wp		: yes
flags		: fpu vme de pse tsc msr pae mce cx8 apic sep mtrr pge mca cmov pat pse36 clflush mmx fxsr sse sse2 ht syscall nx mmxext fxsr_opt pdpe1gb rdtscp lm 3dnowext 3dnow constant_tsc rep_good nopl nonstop_tsc extd_apicid pni monitor cx16 popcnt lahf_lm cmp_legacy svm extapic cr8_legacy abm sse4a misalignsse 3dnowprefetch osvw ibs skinit wdt nodeid_msr hw_pstate rsb_ctxsw retpoline retpoline_amd npt lbrv svm_lock nrip_save pausefilter vmmcall
bugs		: tlb_mmatch fxsave_leak sysret_ss_attrs spectre_v1 spectre_v2
bogomips	: 4388.99
TLB size	: 1024 4K pages
clflush size	: 64
cache_alignment	: 64
address sizes	: 48 bits physical, 48 bits virtual
power management: ts ttp tm stc 100mhzsteps hwpstate

processor	: 6
vendor_id	: AuthenticAMD
cpu family	: 16
model		: 8
model name	: AMD Opteron(tm) Processor 4122
stepping	: 0
microcode	: 0x10000c5
cpu MHz		: 2200.000
cache size	: 512 KB
physical id	: 1
siblings	: 4
core id		: 2
cpu cores	: 4
apicid		: 18
initial apicid	: 10
fpu		: yes
fpu_exception	: yes
cpuid level	: 5
wp		: yes
flags		: fpu vme de pse tsc msr pae mce cx8 apic sep mtrr pge mca cmov pat pse36 clflush mmx fxsr sse sse2 ht syscall nx mmxext fxsr_opt pdpe1gb rdtscp lm 3dnowext 3dnow constant_tsc rep_good nopl nonstop_tsc extd_apicid pni monitor cx16 popcnt lahf_lm cmp_legacy svm extapic cr8_legacy abm sse4a misalignsse 3dnowprefetch osvw ibs skinit wdt nodeid_msr hw_pstate rsb_ctxsw retpoline retpoline_amd npt lbrv svm_lock nrip_save pausefilter vmmcall
bugs		: tlb_mmatch fxsave_leak sysret_ss_attrs spectre_v1 spectre_v2
bogomips	: 4388.99
TLB size	: 1024 4K pages
clflush size	: 64
cache_alignment	: 64
address sizes	: 48 bits physical, 48 bits virtual
power management: ts ttp tm stc 100mhzsteps hwpstate

processor	: 7
vendor_id	: AuthenticAMD
cpu family	: 16
model		: 8
model name	: AMD Opteron(tm) Processor 4122
stepping	: 0
microcode	: 0x10000c5
cpu MHz		: 2200.000
cache size	: 512 KB
physical id	: 1
siblings	: 4
core id		: 3
cpu cores	: 4
apicid		: 19
initial apicid	: 11
fpu		: yes
fpu_exception	: yes
cpuid level	: 5
wp		: yes
flags		: fpu vme de pse tsc msr pae mce cx8 apic sep mtrr pge mca cmov pat pse36 clflush mmx fxsr sse sse2 ht syscall nx mmxext fxsr_opt pdpe1gb rdtscp lm 3dnowext 3dnow constant_tsc rep_good nopl nonstop_tsc extd_apicid pni monitor cx16 popcnt lahf_lm cmp_legacy svm extapic cr8_legacy abm sse4a misalignsse 3dnowprefetch osvw ibs skinit wdt nodeid_msr hw_pstate rsb_ctxsw retpoline retpoline_amd npt lbrv svm_lock nrip_save pausefilter vmmcall
bugs		: tlb_mmatch fxsave_leak sysret_ss_attrs spectre_v1 spectre_v2
bogomips	: 4388.99
TLB size	: 1024 4K pages
clflush size	: 64
cache_alignment	: 64
address sizes	: 48 bits physical, 48 bits virtual
power management: ts ttp tm stc 100mhzsteps hwpstate



Memory: 4k page, physical 32932580k(2734264k free), swap 3117180k(1877856k free)

vm_info: OpenJDK 64-Bit Server VM (24.151-b01) for linux-amd64 JRE (1.7.0_151-b01), built on Aug 15 2017 05:35:24 by "buildd" with gcc 4.8.4

time: Fri Jun 15 00:37:40 2018
elapsed time: 0 seconds

