#
# There is insufficient memory for the Java Runtime Environment to continue.
# pthread_getattr_np
# Possible reasons:
#   The system is out of physical RAM or swap space
#   In 32 bit mode, the process size limit was hit
# Possible solutions:
#   Reduce memory load on the system
#   Increase physical memory or swap space
#   Check if swap backing store is full
#   Use 64 bit Java on a 64 bit OS
#   Decrease Java heap size (-Xmx/-Xms)
#   Decrease number of Java threads
#   Decrease Java thread stack sizes (-Xss)
#   Set larger code cache with -XX:ReservedCodeCacheSize=
# This output file may be truncated or incomplete.
#
#  Out of Memory Error (os_linux_x86.cpp:718), pid=21368, tid=139770324813568
#
# JRE version:  (7.0_151-b01) (build )
# Java VM: OpenJDK 64-Bit Server VM (24.151-b01 mixed mode linux-amd64 compressed oops)
# Derivative: IcedTea 2.6.11
# Distribution: Ubuntu 14.04 LTS, package 7u151-2.6.11-0ubuntu1.14.04.1
# Failed to write core dump. Core dumps have been disabled. To enable core dumping, try "ulimit -c unlimited" before starting Java again
#

---------------  T H R E A D  ---------------

Current thread (0x00007f1ed41cb800):  JavaThread "Reference Handler" daemon [_thread_new, id=21379, stack(0x0000000000000000,0x0000000000000000)]

Stack: [0x0000000000000000,0x0000000000000000],  sp=0x00007f1ed08f7ae0,  free space=136494457822k
Native frames: (J=compiled Java code, j=interpreted, Vv=VM code, C=native code)
V  [libjvm.so+0x962b45]
V  [libjvm.so+0x49a474]
V  [libjvm.so+0x7e21ea]
V  [libjvm.so+0x7e223d]
V  [libjvm.so+0x90f619]
V  [libjvm.so+0x91568c]
V  [libjvm.so+0x7d75c2]


---------------  P R O C E S S  ---------------

Java Threads: ( => current thread )
=>0x00007f1ed41cb800 JavaThread "Reference Handler" daemon [_thread_new, id=21379, stack(0x0000000000000000,0x0000000000000000)]
  0x00007f1ed400a000 JavaThread "main" [_thread_in_native, id=21369, stack(0x00007f1eddae2000,0x00007f1eddbe3000)]

Other Threads:
  0x00007f1ed41c5800 VMThread [stack: 0x00007f1ed08f9000,0x00007f1ed09fa000] [id=21378]

VM state:not at safepoint (normal execution)

VM Mutex/Monitor currently owned by a thread: None

Heap
 PSYoungGen      total 150528K, used 2590K [0x00000000eb280000, 0x00000000f5a00000, 0x0000000100000000)
  eden space 129536K, 2% used [0x00000000eb280000,0x00000000eb507b38,0x00000000f3100000)
  from space 20992K, 0% used [0x00000000f4580000,0x00000000f4580000,0x00000000f5a00000)
  to   space 20992K, 0% used [0x00000000f3100000,0x00000000f3100000,0x00000000f4580000)
 ParOldGen       total 343040K, used 0K [0x00000000c1800000, 0x00000000d6700000, 0x00000000eb280000)
  object space 343040K, 0% used [0x00000000c1800000,0x00000000c1800000,0x00000000d6700000)
 PSPermGen       total 21504K, used 938K [0x00000000b7200000, 0x00000000b8700000, 0x00000000c1800000)
  object space 21504K, 4% used [0x00000000b7200000,0x00000000b72eaa88,0x00000000b8700000)

Card table byte_map: [0x00007f1eda4b2000,0x00007f1eda6fa000] byte_map_base: 0x00007f1ed9ef9000

Polling page: 0x00007f1eddbf8000

Code Cache  [0x00007f1ed1000000, 0x00007f1ed1270000, 0x00007f1ed4000000)
 total_blobs=63 nmethods=0 adapters=41 free_code_cache=48824Kb largest_free_block=49995840

Compilation events (0 events):
No events

GC Heap History (0 events):
No events

Deoptimization events (0 events):
No events

Internal exceptions (0 events):
No events

Events (10 events):
Event: 0.032 loading class 0x00007f1ed98771d0
Event: 0.032 loading class 0x00007f1ed98771d0 done
Event: 0.032 loading class 0x00007f1ed9873370
Event: 0.032 loading class 0x00007f1ed9873370 done
Event: 0.033 loading class 0x00007f1ed987bec0
Event: 0.033 loading class 0x00007f1ed987bec0 done
Event: 0.033 loading class 0x00007f1ed987bef0
Event: 0.033 loading class 0x00007f1ed987bef0 done
Event: 0.033 Thread 0x00007f1ed41cb800 Thread added: 0x00007f1ed41cb800
Event: 0.033 loading class 0x00007f1ed987bf80


Dynamic libraries:
00400000-00401000 r-xp 00000000 08:01 1050720                            /usr/lib/jvm/java-7-openjdk-amd64/jre/bin/java
00600000-00601000 r--p 00000000 08:01 1050720                            /usr/lib/jvm/java-7-openjdk-amd64/jre/bin/java
00601000-00602000 rw-p 00001000 08:01 1050720                            /usr/lib/jvm/java-7-openjdk-amd64/jre/bin/java
018ef000-01910000 rw-p 00000000 00:00 0                                  [heap]
b7200000-b8700000 rw-p 00000000 00:00 0 
b8700000-c1800000 rw-p 00000000 00:00 0 
c1800000-d6700000 rw-p 00000000 00:00 0 
d6700000-eb280000 rw-p 00000000 00:00 0 
eb280000-f5a00000 rw-p 00000000 00:00 0 
f5a00000-100000000 rw-p 00000000 00:00 0 
7f1ea8000000-7f1ea8021000 rw-p 00000000 00:00 0 
7f1ea8021000-7f1eac000000 ---p 00000000 00:00 0 
7f1eac000000-7f1eac021000 rw-p 00000000 00:00 0 
7f1eac021000-7f1eb0000000 ---p 00000000 00:00 0 
7f1eb0000000-7f1eb0021000 rw-p 00000000 00:00 0 
7f1eb0021000-7f1eb4000000 ---p 00000000 00:00 0 
7f1eb5b90000-7f1eb8000000 rw-p 00000000 00:00 0 
7f1eb8000000-7f1eb8021000 rw-p 00000000 00:00 0 
7f1eb8021000-7f1ebc000000 ---p 00000000 00:00 0 
7f1ebc000000-7f1ebc021000 rw-p 00000000 00:00 0 
7f1ebc021000-7f1ec0000000 ---p 00000000 00:00 0 
7f1ec0000000-7f1ec0021000 rw-p 00000000 00:00 0 
7f1ec0021000-7f1ec4000000 ---p 00000000 00:00 0 
7f1ec4000000-7f1ec4021000 rw-p 00000000 00:00 0 
7f1ec4021000-7f1ec8000000 ---p 00000000 00:00 0 
7f1ec8000000-7f1ec8021000 rw-p 00000000 00:00 0 
7f1ec8021000-7f1ecc000000 ---p 00000000 00:00 0 
7f1ecc000000-7f1ecc021000 rw-p 00000000 00:00 0 
7f1ecc021000-7f1ed0000000 ---p 00000000 00:00 0 
7f1ed06f7000-7f1ed08f9000 rw-p 00000000 00:00 0 
7f1ed08f9000-7f1ed08fa000 ---p 00000000 00:00 0 
7f1ed08fa000-7f1ed1000000 rw-p 00000000 00:00 0 
7f1ed1000000-7f1ed1270000 rwxp 00000000 00:00 0 
7f1ed1270000-7f1ed41d8000 rw-p 00000000 00:00 0 
7f1ed41d8000-7f1ed8000000 ---p 00000000 00:00 0 
7f1ed80dc000-7f1ed963b000 rw-p 00000000 00:00 0 
7f1ed963b000-7f1ed97f1000 r--s 01d63000 08:01 1183675                    /usr/lib/jvm/java-7-openjdk-amd64/jre/lib/rt.jar
7f1ed97f1000-7f1ed9b09000 rw-p 00000000 00:00 0 
7f1ed9b09000-7f1ed9b0a000 ---p 00000000 00:00 0 
7f1ed9b0a000-7f1ed9c0a000 rw-p 00000000 00:00 0 
7f1ed9c0a000-7f1ed9c0b000 ---p 00000000 00:00 0 
7f1ed9c0b000-7f1ed9d0b000 rw-p 00000000 00:00 0 
7f1ed9d0b000-7f1ed9d0c000 ---p 00000000 00:00 0 
7f1ed9d0c000-7f1ed9e0c000 rw-p 00000000 00:00 0 
7f1ed9e0c000-7f1ed9e0d000 ---p 00000000 00:00 0 
7f1ed9e0d000-7f1ed9f0d000 rw-p 00000000 00:00 0 
7f1ed9f0d000-7f1ed9f0e000 ---p 00000000 00:00 0 
7f1ed9f0e000-7f1eda00e000 rw-p 00000000 00:00 0 
7f1eda00e000-7f1eda00f000 ---p 00000000 00:00 0 
7f1eda00f000-7f1eda10f000 rw-p 00000000 00:00 0 
7f1eda10f000-7f1eda110000 ---p 00000000 00:00 0 
7f1eda110000-7f1eda210000 rw-p 00000000 00:00 0 
7f1eda210000-7f1eda211000 ---p 00000000 00:00 0 
7f1eda211000-7f1eda31c000 rw-p 00000000 00:00 0 
7f1eda31c000-7f1eda364000 rw-p 00000000 00:00 0 
7f1eda364000-7f1eda40c000 rw-p 00000000 00:00 0 
7f1eda40c000-7f1eda4b2000 rw-p 00000000 00:00 0 
7f1eda4b2000-7f1eda4bd000 rw-p 00000000 00:00 0 
7f1eda4bd000-7f1eda505000 rw-p 00000000 00:00 0 
7f1eda505000-7f1eda5ad000 rw-p 00000000 00:00 0 
7f1eda5ad000-7f1eda652000 rw-p 00000000 00:00 0 
7f1eda652000-7f1eda6a6000 rw-p 00000000 00:00 0 
7f1eda6a6000-7f1eda6f9000 rw-p 00000000 00:00 0 
7f1eda6f9000-7f1eda6fa000 rw-p 00000000 00:00 0 
7f1eda6fa000-7f1eda702000 r-xp 00000000 08:01 1183742                    /usr/lib/jvm/java-7-openjdk-amd64/jre/lib/amd64/libzip.so
7f1eda702000-7f1eda901000 ---p 00008000 08:01 1183742                    /usr/lib/jvm/java-7-openjdk-amd64/jre/lib/amd64/libzip.so
7f1eda901000-7f1eda902000 r--p 00007000 08:01 1183742                    /usr/lib/jvm/java-7-openjdk-amd64/jre/lib/amd64/libzip.so
7f1eda902000-7f1eda903000 rw-p 00008000 08:01 1183742                    /usr/lib/jvm/java-7-openjdk-amd64/jre/lib/amd64/libzip.so
7f1eda903000-7f1eda90d000 r-xp 00000000 08:01 261637                     /lib/x86_64-linux-gnu/libnss_files-2.19.so
7f1eda90d000-7f1edab0c000 ---p 0000a000 08:01 261637                     /lib/x86_64-linux-gnu/libnss_files-2.19.so
7f1edab0c000-7f1edab0d000 r--p 00009000 08:01 261637                     /lib/x86_64-linux-gnu/libnss_files-2.19.so
7f1edab0d000-7f1edab0e000 rw-p 0000a000 08:01 261637                     /lib/x86_64-linux-gnu/libnss_files-2.19.so
7f1edab0e000-7f1edab19000 r-xp 00000000 08:01 261652                     /lib/x86_64-linux-gnu/libnss_nis-2.19.so
7f1edab19000-7f1edad18000 ---p 0000b000 08:01 261652                     /lib/x86_64-linux-gnu/libnss_nis-2.19.so
7f1edad18000-7f1edad19000 r--p 0000a000 08:01 261652                     /lib/x86_64-linux-gnu/libnss_nis-2.19.so
7f1edad19000-7f1edad1a000 rw-p 0000b000 08:01 261652                     /lib/x86_64-linux-gnu/libnss_nis-2.19.so
7f1edad1a000-7f1edad31000 r-xp 00000000 08:01 261633                     /lib/x86_64-linux-gnu/libnsl-2.19.so
7f1edad31000-7f1edaf30000 ---p 00017000 08:01 261633                     /lib/x86_64-linux-gnu/libnsl-2.19.so
7f1edaf30000-7f1edaf31000 r--p 00016000 08:01 261633                     /lib/x86_64-linux-gnu/libnsl-2.19.so
7f1edaf31000-7f1edaf32000 rw-p 00017000 08:01 261633                     /lib/x86_64-linux-gnu/libnsl-2.19.so
7f1edaf32000-7f1edaf34000 rw-p 00000000 00:00 0 
7f1edaf34000-7f1edaf3d000 r-xp 00000000 08:01 261650                     /lib/x86_64-linux-gnu/libnss_compat-2.19.so
7f1edaf3d000-7f1edb13c000 ---p 00009000 08:01 261650                     /lib/x86_64-linux-gnu/libnss_compat-2.19.so
7f1edb13c000-7f1edb13d000 r--p 00008000 08:01 261650                     /lib/x86_64-linux-gnu/libnss_compat-2.19.so
7f1edb13d000-7f1edb13e000 rw-p 00009000 08:01 261650                     /lib/x86_64-linux-gnu/libnss_compat-2.19.so
7f1edb13e000-7f1edb168000 r-xp 00000000 08:01 1183726                    /usr/lib/jvm/java-7-openjdk-amd64/jre/lib/amd64/libjava.so
7f1edb168000-7f1edb368000 ---p 0002a000 08:01 1183726                    /usr/lib/jvm/java-7-openjdk-amd64/jre/lib/amd64/libjava.so
7f1edb368000-7f1edb369000 r--p 0002a000 08:01 1183726                    /usr/lib/jvm/java-7-openjdk-amd64/jre/lib/amd64/libjava.so
7f1edb369000-7f1edb36b000 rw-p 0002b000 08:01 1183726                    /usr/lib/jvm/java-7-openjdk-amd64/jre/lib/amd64/libjava.so
7f1edb36b000-7f1edb37b000 r-xp 00000000 08:01 1183719                    /usr/lib/jvm/java-7-openjdk-amd64/jre/lib/amd64/libverify.so
7f1edb37b000-7f1edb57a000 ---p 00010000 08:01 1183719                    /usr/lib/jvm/java-7-openjdk-amd64/jre/lib/amd64/libverify.so
7f1edb57a000-7f1edb57c000 r--p 0000f000 08:01 1183719                    /usr/lib/jvm/java-7-openjdk-amd64/jre/lib/amd64/libverify.so
7f1edb57c000-7f1edb57d000 rw-p 00011000 08:01 1183719                    /usr/lib/jvm/java-7-openjdk-amd64/jre/lib/amd64/libverify.so
7f1edb57d000-7f1edb584000 r-xp 00000000 08:01 261645                     /lib/x86_64-linux-gnu/librt-2.19.so
7f1edb584000-7f1edb783000 ---p 00007000 08:01 261645                     /lib/x86_64-linux-gnu/librt-2.19.so
7f1edb783000-7f1edb784000 r--p 00006000 08:01 261645                     /lib/x86_64-linux-gnu/librt-2.19.so
7f1edb784000-7f1edb785000 rw-p 00007000 08:01 261645                     /lib/x86_64-linux-gnu/librt-2.19.so
7f1edb785000-7f1edb79b000 r-xp 00000000 08:01 261139                     /lib/x86_64-linux-gnu/libgcc_s.so.1
7f1edb79b000-7f1edb99a000 ---p 00016000 08:01 261139                     /lib/x86_64-linux-gnu/libgcc_s.so.1
7f1edb99a000-7f1edb99b000 rw-p 00015000 08:01 261139                     /lib/x86_64-linux-gnu/libgcc_s.so.1
7f1edb99b000-7f1edbaa0000 r-xp 00000000 08:01 261639                     /lib/x86_64-linux-gnu/libm-2.19.so
7f1edbaa0000-7f1edbc9f000 ---p 00105000 08:01 261639                     /lib/x86_64-linux-gnu/libm-2.19.so
7f1edbc9f000-7f1edbca0000 r--p 00104000 08:01 261639                     /lib/x86_64-linux-gnu/libm-2.19.so
7f1edbca0000-7f1edbca1000 rw-p 00105000 08:01 261639                     /lib/x86_64-linux-gnu/libm-2.19.so
7f1edbca1000-7f1edbd87000 r-xp 00000000 08:01 915397                     /usr/lib/x86_64-linux-gnu/libstdc++.so.6.0.19
7f1edbd87000-7f1edbf86000 ---p 000e6000 08:01 915397                     /usr/lib/x86_64-linux-gnu/libstdc++.so.6.0.19
7f1edbf86000-7f1edbf8e000 r--p 000e5000 08:01 915397                     /usr/lib/x86_64-linux-gnu/libstdc++.so.6.0.19
7f1edbf8e000-7f1edbf90000 rw-p 000ed000 08:01 915397                     /usr/lib/x86_64-linux-gnu/libstdc++.so.6.0.19
7f1edbf90000-7f1edbfa5000 rw-p 00000000 00:00 0 
7f1edbfa5000-7f1edcad9000 r-xp 00000000 08:01 1183731                    /usr/lib/jvm/java-7-openjdk-amd64/jre/lib/amd64/server/libjvm.so
7f1edcad9000-7f1edccd9000 ---p 00b34000 08:01 1183731                    /usr/lib/jvm/java-7-openjdk-amd64/jre/lib/amd64/server/libjvm.so
7f1edccd9000-7f1edcd74000 r--p 00b34000 08:01 1183731                    /usr/lib/jvm/java-7-openjdk-amd64/jre/lib/amd64/server/libjvm.so
7f1edcd74000-7f1edcd97000 rw-p 00bcf000 08:01 1183731                    /usr/lib/jvm/java-7-openjdk-amd64/jre/lib/amd64/server/libjvm.so
7f1edcd97000-7f1edcdc7000 rw-p 00000000 00:00 0 
7f1edcdc7000-7f1edcddf000 r-xp 00000000 08:01 261367                     /lib/x86_64-linux-gnu/libz.so.1.2.8
7f1edcddf000-7f1edcfde000 ---p 00018000 08:01 261367                     /lib/x86_64-linux-gnu/libz.so.1.2.8
7f1edcfde000-7f1edcfdf000 r--p 00017000 08:01 261367                     /lib/x86_64-linux-gnu/libz.so.1.2.8
7f1edcfdf000-7f1edcfe0000 rw-p 00018000 08:01 261367                     /lib/x86_64-linux-gnu/libz.so.1.2.8
7f1edcfe0000-7f1edcff9000 r-xp 00000000 08:01 261641                     /lib/x86_64-linux-gnu/libpthread-2.19.so
7f1edcff9000-7f1edd1f8000 ---p 00019000 08:01 261641                     /lib/x86_64-linux-gnu/libpthread-2.19.so
7f1edd1f8000-7f1edd1f9000 r--p 00018000 08:01 261641                     /lib/x86_64-linux-gnu/libpthread-2.19.so
7f1edd1f9000-7f1edd1fa000 rw-p 00019000 08:01 261641                     /lib/x86_64-linux-gnu/libpthread-2.19.so
7f1edd1fa000-7f1edd1fe000 rw-p 00000000 00:00 0 
7f1edd1fe000-7f1edd201000 r-xp 00000000 08:01 261644                     /lib/x86_64-linux-gnu/libdl-2.19.so
7f1edd201000-7f1edd400000 ---p 00003000 08:01 261644                     /lib/x86_64-linux-gnu/libdl-2.19.so
7f1edd400000-7f1edd401000 r--p 00002000 08:01 261644                     /lib/x86_64-linux-gnu/libdl-2.19.so
7f1edd401000-7f1edd402000 rw-p 00003000 08:01 261644                     /lib/x86_64-linux-gnu/libdl-2.19.so
7f1edd402000-7f1edd5c0000 r-xp 00000000 08:01 261640                     /lib/x86_64-linux-gnu/libc-2.19.so
7f1edd5c0000-7f1edd7c0000 ---p 001be000 08:01 261640                     /lib/x86_64-linux-gnu/libc-2.19.so
7f1edd7c0000-7f1edd7c4000 r--p 001be000 08:01 261640                     /lib/x86_64-linux-gnu/libc-2.19.so
7f1edd7c4000-7f1edd7c6000 rw-p 001c2000 08:01 261640                     /lib/x86_64-linux-gnu/libc-2.19.so
7f1edd7c6000-7f1edd7cb000 rw-p 00000000 00:00 0 
7f1edd7cb000-7f1edd7d8000 r-xp 00000000 08:01 1183709                    /usr/lib/jvm/java-7-openjdk-amd64/jre/lib/amd64/jli/libjli.so
7f1edd7d8000-7f1edd9d7000 ---p 0000d000 08:01 1183709                    /usr/lib/jvm/java-7-openjdk-amd64/jre/lib/amd64/jli/libjli.so
7f1edd9d7000-7f1edd9d8000 r--p 0000c000 08:01 1183709                    /usr/lib/jvm/java-7-openjdk-amd64/jre/lib/amd64/jli/libjli.so
7f1edd9d8000-7f1edd9d9000 rw-p 0000d000 08:01 1183709                    /usr/lib/jvm/java-7-openjdk-amd64/jre/lib/amd64/jli/libjli.so
7f1edd9d9000-7f1edd9fc000 r-xp 00000000 08:01 261648                     /lib/x86_64-linux-gnu/ld-2.19.so
7f1edda0b000-7f1edda2c000 rw-p 00000000 00:00 0 
7f1edda2c000-7f1eddae2000 rw-p 00000000 00:00 0 
7f1eddae2000-7f1eddae5000 ---p 00000000 00:00 0 
7f1eddae5000-7f1eddbe8000 rw-p 00000000 00:00 0 
7f1eddbef000-7f1eddbf7000 rw-s 00000000 08:05 18738                      /tmp/hsperfdata_realtalkadmin/21368
7f1eddbf7000-7f1eddbf8000 rw-p 00000000 00:00 0 
7f1eddbf8000-7f1eddbf9000 r--p 00000000 00:00 0 
7f1eddbf9000-7f1eddbfb000 rw-p 00000000 00:00 0 
7f1eddbfb000-7f1eddbfc000 r--p 00022000 08:01 261648                     /lib/x86_64-linux-gnu/ld-2.19.so
7f1eddbfc000-7f1eddbfd000 rw-p 00023000 08:01 261648                     /lib/x86_64-linux-gnu/ld-2.19.so
7f1eddbfd000-7f1eddbfe000 rw-p 00000000 00:00 0 
7ffec0db7000-7ffec0dd8000 rw-p 00000000 00:00 0                          [stack]
7ffec0df6000-7ffec0df9000 r--p 00000000 00:00 0                          [vvar]
7ffec0df9000-7ffec0dfb000 r-xp 00000000 00:00 0                          [vdso]
ffffffffff600000-ffffffffff601000 r-xp 00000000 00:00 0                  [vsyscall]

VM Arguments:
java_command: /home/realtalkadmin/realtalk.news/wp-content/plugins/fast-velocity-minify/libs/jar/yuicompressor-2.4.8.jar --preserve-semi --nomunge /home/realtalkadmin/realtalk.news/wp-content/uploads/fvm/tmp/dd5c165e.js -o /home/realtalkadmin/realtalk.news/wp-content/uploads/fvm/tmp/dd5c165e.min.js
Launcher Type: SUN_STANDARD

Environment Variables:
PATH=/usr/local/bin:/usr/bin:/bin

Signal Handlers:
SIGSEGV: [libjvm.so+0x963630], sa_mask[0]=0x7ffbfeff, sa_flags=0x10000004
SIGBUS: [libjvm.so+0x963630], sa_mask[0]=0x7ffbfeff, sa_flags=0x10000004
SIGFPE: [libjvm.so+0x7d5da0], sa_mask[0]=0x7ffbfeff, sa_flags=0x10000004
SIGPIPE: [libjvm.so+0x7d5da0], sa_mask[0]=0x7ffbfeff, sa_flags=0x10000004
SIGXFSZ: [libjvm.so+0x7d5da0], sa_mask[0]=0x7ffbfeff, sa_flags=0x10000004
SIGILL: [libjvm.so+0x7d5da0], sa_mask[0]=0x7ffbfeff, sa_flags=0x10000004
SIGUSR1: SIG_DFL, sa_mask[0]=0x00000000, sa_flags=0x00000000
SIGUSR2: [libjvm.so+0x7d5ed0], sa_mask[0]=0x00000000, sa_flags=0x10000004
SIGHUP: SIG_DFL, sa_mask[0]=0x00000000, sa_flags=0x00000000
SIGINT: SIG_DFL, sa_mask[0]=0x00000000, sa_flags=0x00000000
SIGTERM: SIG_DFL, sa_mask[0]=0x00000000, sa_flags=0x00000000
SIGQUIT: SIG_DFL, sa_mask[0]=0x00000000, sa_flags=0x00000000
SIGTRAP: SIG_DFL, sa_mask[0]=0x00000000, sa_flags=0x00000000


---------------  S Y S T E M  ---------------

OS:Ubuntu 14.04 (trusty)
uname:Linux 4.4.126-0.ksplice-lts-generic #2 SMP Tue Apr 10 12:33:32 UTC 2018 x86_64
libc:glibc 2.19 NPTL 2.19 
rlimit: STACK 8192k, CORE 0k, NPROC 5000, NOFILE 4096, AS 2048000k
load average:2.27 2.14 2.21

/proc/meminfo:
MemTotal:       32932580 kB
MemFree:         1666836 kB
MemAvailable:   21588224 kB
Buffers:           81476 kB
Cached:         10956124 kB
SwapCached:        44336 kB
Active:         12375904 kB
Inactive:        6101040 kB
Active(anon):    6734184 kB
Inactive(anon):  1895020 kB
Active(file):    5641720 kB
Inactive(file):  4206020 kB
Unevictable:       16424 kB
Mlocked:           16424 kB
SwapTotal:       3117180 kB
SwapFree:        1863688 kB
Dirty:              1704 kB
Writeback:             0 kB
AnonPages:       7419368 kB
Mapped:          1271804 kB
Shmem:           1186348 kB
Slab:           10810596 kB
SReclaimable:   10411532 kB
SUnreclaim:       399064 kB
KernelStack:       11888 kB
PageTables:       239628 kB
NFS_Unstable:          0 kB
Bounce:                0 kB
WritebackTmp:          0 kB
CommitLimit:    19583468 kB
Committed_AS:   21392996 kB
VmallocTotal:   34359738367 kB
VmallocUsed:           0 kB
VmallocChunk:          0 kB
HardwareCorrupted:     0 kB
AnonHugePages:         0 kB
CmaTotal:              0 kB
CmaFree:               0 kB
HugePages_Total:       0
HugePages_Free:        0
HugePages_Rsvd:        0
HugePages_Surp:        0
Hugepagesize:       2048 kB
DirectMap4k:       15680 kB
DirectMap2M:     2074624 kB
DirectMap1G:    31457280 kB


CPU:total 8 (initial active 8) (4 cores per cpu, 1 threads per core) family 16 model 8 stepping 0, cmov, cx8, fxsr, mmx, sse, sse2, sse3, popcnt, mmxext, 3dnowpref, lzcnt, sse4a, tsc, tscinvbit, tscinv

/proc/cpuinfo:
processor	: 0
vendor_id	: AuthenticAMD
cpu family	: 16
model		: 8
model name	: AMD Opteron(tm) Processor 4122
stepping	: 0
microcode	: 0x10000c5
cpu MHz		: 2200.000
cache size	: 512 KB
physical id	: 0
siblings	: 4
core id		: 0
cpu cores	: 4
apicid		: 8
initial apicid	: 0
fpu		: yes
fpu_exception	: yes
cpuid level	: 5
wp		: yes
flags		: fpu vme de pse tsc msr pae mce cx8 apic sep mtrr pge mca cmov pat pse36 clflush mmx fxsr sse sse2 ht syscall nx mmxext fxsr_opt pdpe1gb rdtscp lm 3dnowext 3dnow constant_tsc rep_good nopl nonstop_tsc extd_apicid pni monitor cx16 popcnt lahf_lm cmp_legacy svm extapic cr8_legacy abm sse4a misalignsse 3dnowprefetch osvw ibs skinit wdt nodeid_msr hw_pstate rsb_ctxsw retpoline retpoline_amd npt lbrv svm_lock nrip_save pausefilter vmmcall
bugs		: tlb_mmatch fxsave_leak sysret_ss_attrs spectre_v1 spectre_v2
bogomips	: 4389.26
TLB size	: 1024 4K pages
clflush size	: 64
cache_alignment	: 64
address sizes	: 48 bits physical, 48 bits virtual
power management: ts ttp tm stc 100mhzsteps hwpstate

processor	: 1
vendor_id	: AuthenticAMD
cpu family	: 16
model		: 8
model name	: AMD Opteron(tm) Processor 4122
stepping	: 0
microcode	: 0x10000c5
cpu MHz		: 2200.000
cache size	: 512 KB
physical id	: 0
siblings	: 4
core id		: 1
cpu cores	: 4
apicid		: 9
initial apicid	: 1
fpu		: yes
fpu_exception	: yes
cpuid level	: 5
wp		: yes
flags		: fpu vme de pse tsc msr pae mce cx8 apic sep mtrr pge mca cmov pat pse36 clflush mmx fxsr sse sse2 ht syscall nx mmxext fxsr_opt pdpe1gb rdtscp lm 3dnowext 3dnow constant_tsc rep_good nopl nonstop_tsc extd_apicid pni monitor cx16 popcnt lahf_lm cmp_legacy svm extapic cr8_legacy abm sse4a misalignsse 3dnowprefetch osvw ibs skinit wdt nodeid_msr hw_pstate rsb_ctxsw retpoline retpoline_amd npt lbrv svm_lock nrip_save pausefilter vmmcall
bugs		: tlb_mmatch fxsave_leak sysret_ss_attrs spectre_v1 spectre_v2
bogomips	: 4389.26
TLB size	: 1024 4K pages
clflush size	: 64
cache_alignment	: 64
address sizes	: 48 bits physical, 48 bits virtual
power management: ts ttp tm stc 100mhzsteps hwpstate

processor	: 2
vendor_id	: AuthenticAMD
cpu family	: 16
model		: 8
model name	: AMD Opteron(tm) Processor 4122
stepping	: 0
microcode	: 0x10000c5
cpu MHz		: 2200.000
cache size	: 512 KB
physical id	: 0
siblings	: 4
core id		: 2
cpu cores	: 4
apicid		: 10
initial apicid	: 2
fpu		: yes
fpu_exception	: yes
cpuid level	: 5
wp		: yes
flags		: fpu vme de pse tsc msr pae mce cx8 apic sep mtrr pge mca cmov pat pse36 clflush mmx fxsr sse sse2 ht syscall nx mmxext fxsr_opt pdpe1gb rdtscp lm 3dnowext 3dnow constant_tsc rep_good nopl nonstop_tsc extd_apicid pni monitor cx16 popcnt lahf_lm cmp_legacy svm extapic cr8_legacy abm sse4a misalignsse 3dnowprefetch osvw ibs skinit wdt nodeid_msr hw_pstate rsb_ctxsw retpoline retpoline_amd npt lbrv svm_lock nrip_save pausefilter vmmcall
bugs		: tlb_mmatch fxsave_leak sysret_ss_attrs spectre_v1 spectre_v2
bogomips	: 4389.26
TLB size	: 1024 4K pages
clflush size	: 64
cache_alignment	: 64
address sizes	: 48 bits physical, 48 bits virtual
power management: ts ttp tm stc 100mhzsteps hwpstate

processor	: 3
vendor_id	: AuthenticAMD
cpu family	: 16
model		: 8
model name	: AMD Opteron(tm) Processor 4122
stepping	: 0
microcode	: 0x10000c5
cpu MHz		: 2200.000
cache size	: 512 KB
physical id	: 0
siblings	: 4
core id		: 3
cpu cores	: 4
apicid		: 11
initial apicid	: 3
fpu		: yes
fpu_exception	: yes
cpuid level	: 5
wp		: yes
flags		: fpu vme de pse tsc msr pae mce cx8 apic sep mtrr pge mca cmov pat pse36 clflush mmx fxsr sse sse2 ht syscall nx mmxext fxsr_opt pdpe1gb rdtscp lm 3dnowext 3dnow constant_tsc rep_good nopl nonstop_tsc extd_apicid pni monitor cx16 popcnt lahf_lm cmp_legacy svm extapic cr8_legacy abm sse4a misalignsse 3dnowprefetch osvw ibs skinit wdt nodeid_msr hw_pstate rsb_ctxsw retpoline retpoline_amd npt lbrv svm_lock nrip_save pausefilter vmmcall
bugs		: tlb_mmatch fxsave_leak sysret_ss_attrs spectre_v1 spectre_v2
bogomips	: 4389.26
TLB size	: 1024 4K pages
clflush size	: 64
cache_alignment	: 64
address sizes	: 48 bits physical, 48 bits virtual
power management: ts ttp tm stc 100mhzsteps hwpstate

processor	: 4
vendor_id	: AuthenticAMD
cpu family	: 16
model		: 8
model name	: AMD Opteron(tm) Processor 4122
stepping	: 0
microcode	: 0x10000c5
cpu MHz		: 2200.000
cache size	: 512 KB
physical id	: 1
siblings	: 4
core id		: 0
cpu cores	: 4
apicid		: 16
initial apicid	: 8
fpu		: yes
fpu_exception	: yes
cpuid level	: 5
wp		: yes
flags		: fpu vme de pse tsc msr pae mce cx8 apic sep mtrr pge mca cmov pat pse36 clflush mmx fxsr sse sse2 ht syscall nx mmxext fxsr_opt pdpe1gb rdtscp lm 3dnowext 3dnow constant_tsc rep_good nopl nonstop_tsc extd_apicid pni monitor cx16 popcnt lahf_lm cmp_legacy svm extapic cr8_legacy abm sse4a misalignsse 3dnowprefetch osvw ibs skinit wdt nodeid_msr hw_pstate rsb_ctxsw retpoline retpoline_amd npt lbrv svm_lock nrip_save pausefilter vmmcall
bugs		: tlb_mmatch fxsave_leak sysret_ss_attrs spectre_v1 spectre_v2
bogomips	: 4388.99
TLB size	: 1024 4K pages
clflush size	: 64
cache_alignment	: 64
address sizes	: 48 bits physical, 48 bits virtual
power management: ts ttp tm stc 100mhzsteps hwpstate

processor	: 5
vendor_id	: AuthenticAMD
cpu family	: 16
model		: 8
model name	: AMD Opteron(tm) Processor 4122
stepping	: 0
microcode	: 0x10000c5
cpu MHz		: 2200.000
cache size	: 512 KB
physical id	: 1
siblings	: 4
core id		: 1
cpu cores	: 4
apicid		: 17
initial apicid	: 9
fpu		: yes
fpu_exception	: yes
cpuid level	: 5
wp		: yes
flags		: fpu vme de pse tsc msr pae mce cx8 apic sep mtrr pge mca cmov pat pse36 clflush mmx fxsr sse sse2 ht syscall nx mmxext fxsr_opt pdpe1gb rdtscp lm 3dnowext 3dnow constant_tsc rep_good nopl nonstop_tsc extd_apicid pni monitor cx16 popcnt lahf_lm cmp_legacy svm extapic cr8_legacy abm sse4a misalignsse 3dnowprefetch osvw ibs skinit wdt nodeid_msr hw_pstate rsb_ctxsw retpoline retpoline_amd npt lbrv svm_lock nrip_save pausefilter vmmcall
bugs		: tlb_mmatch fxsave_leak sysret_ss_attrs spectre_v1 spectre_v2
bogomips	: 4388.99
TLB size	: 1024 4K pages
clflush size	: 64
cache_alignment	: 64
address sizes	: 48 bits physical, 48 bits virtual
power management: ts ttp tm stc 100mhzsteps hwpstate

processor	: 6
vendor_id	: AuthenticAMD
cpu family	: 16
model		: 8
model name	: AMD Opteron(tm) Processor 4122
stepping	: 0
microcode	: 0x10000c5
cpu MHz		: 2200.000
cache size	: 512 KB
physical id	: 1
siblings	: 4
core id		: 2
cpu cores	: 4
apicid		: 18
initial apicid	: 10
fpu		: yes
fpu_exception	: yes
cpuid level	: 5
wp		: yes
flags		: fpu vme de pse tsc msr pae mce cx8 apic sep mtrr pge mca cmov pat pse36 clflush mmx fxsr sse sse2 ht syscall nx mmxext fxsr_opt pdpe1gb rdtscp lm 3dnowext 3dnow constant_tsc rep_good nopl nonstop_tsc extd_apicid pni monitor cx16 popcnt lahf_lm cmp_legacy svm extapic cr8_legacy abm sse4a misalignsse 3dnowprefetch osvw ibs skinit wdt nodeid_msr hw_pstate rsb_ctxsw retpoline retpoline_amd npt lbrv svm_lock nrip_save pausefilter vmmcall
bugs		: tlb_mmatch fxsave_leak sysret_ss_attrs spectre_v1 spectre_v2
bogomips	: 4388.99
TLB size	: 1024 4K pages
clflush size	: 64
cache_alignment	: 64
address sizes	: 48 bits physical, 48 bits virtual
power management: ts ttp tm stc 100mhzsteps hwpstate

processor	: 7
vendor_id	: AuthenticAMD
cpu family	: 16
model		: 8
model name	: AMD Opteron(tm) Processor 4122
stepping	: 0
microcode	: 0x10000c5
cpu MHz		: 2200.000
cache size	: 512 KB
physical id	: 1
siblings	: 4
core id		: 3
cpu cores	: 4
apicid		: 19
initial apicid	: 11
fpu		: yes
fpu_exception	: yes
cpuid level	: 5
wp		: yes
flags		: fpu vme de pse tsc msr pae mce cx8 apic sep mtrr pge mca cmov pat pse36 clflush mmx fxsr sse sse2 ht syscall nx mmxext fxsr_opt pdpe1gb rdtscp lm 3dnowext 3dnow constant_tsc rep_good nopl nonstop_tsc extd_apicid pni monitor cx16 popcnt lahf_lm cmp_legacy svm extapic cr8_legacy abm sse4a misalignsse 3dnowprefetch osvw ibs skinit wdt nodeid_msr hw_pstate rsb_ctxsw retpoline retpoline_amd npt lbrv svm_lock nrip_save pausefilter vmmcall
bugs		: tlb_mmatch fxsave_leak sysret_ss_attrs spectre_v1 spectre_v2
bogomips	: 4388.99
TLB size	: 1024 4K pages
clflush size	: 64
cache_alignment	: 64
address sizes	: 48 bits physical, 48 bits virtual
power management: ts ttp tm stc 100mhzsteps hwpstate



Memory: 4k page, physical 32932580k(1666836k free), swap 3117180k(1863688k free)

vm_info: OpenJDK 64-Bit Server VM (24.151-b01) for linux-amd64 JRE (1.7.0_151-b01), built on Aug 15 2017 05:35:24 by "buildd" with gcc 4.8.4

time: Wed Jun 13 18:05:43 2018
elapsed time: 0 seconds

