#
# There is insufficient memory for the Java Runtime Environment to continue.
# pthread_getattr_np
# Possible reasons:
#   The system is out of physical RAM or swap space
#   In 32 bit mode, the process size limit was hit
# Possible solutions:
#   Reduce memory load on the system
#   Increase physical memory or swap space
#   Check if swap backing store is full
#   Use 64 bit Java on a 64 bit OS
#   Decrease Java heap size (-Xmx/-Xms)
#   Decrease number of Java threads
#   Decrease Java thread stack sizes (-Xss)
#   Set larger code cache with -XX:ReservedCodeCacheSize=
# This output file may be truncated or incomplete.
#
#  Out of Memory Error (os_linux_x86.cpp:718), pid=24191, tid=140413832255232
#
# JRE version:  (7.0_151-b01) (build )
# Java VM: OpenJDK 64-Bit Server VM (24.151-b01 mixed mode linux-amd64 compressed oops)
# Derivative: IcedTea 2.6.11
# Distribution: Ubuntu 14.04 LTS, package 7u151-2.6.11-0ubuntu1.14.04.1
# Failed to write core dump. Core dumps have been disabled. To enable core dumping, try "ulimit -c unlimited" before starting Java again
#

---------------  T H R E A D  ---------------

Current thread (0x00007fb4c41cb800):  JavaThread "Reference Handler" daemon [_thread_new, id=24202, stack(0x0000000000000000,0x0000000000000000)]

Stack: [0x0000000000000000,0x0000000000000000],  sp=0x00007fb4a497cae0,  free space=137122883058k
Native frames: (J=compiled Java code, j=interpreted, Vv=VM code, C=native code)
V  [libjvm.so+0x962b45]
V  [libjvm.so+0x49a474]
V  [libjvm.so+0x7e21ea]
V  [libjvm.so+0x7e223d]
V  [libjvm.so+0x90f619]
V  [libjvm.so+0x91568c]
V  [libjvm.so+0x7d75c2]


---------------  P R O C E S S  ---------------

Java Threads: ( => current thread )
=>0x00007fb4c41cb800 JavaThread "Reference Handler" daemon [_thread_new, id=24202, stack(0x0000000000000000,0x0000000000000000)]
  0x00007fb4c400a000 JavaThread "main" [_thread_in_vm, id=24192, stack(0x00007fb4cbff1000,0x00007fb4cc0f2000)]

Other Threads:
  0x00007fb4c41c5800 VMThread [stack: 0x00007fb4a497e000,0x00007fb4a4a7f000] [id=24201]

VM state:not at safepoint (normal execution)

VM Mutex/Monitor currently owned by a thread:  ([mutex/lock_event])
[0x00007fb4c4006530] Threads_lock - owner thread: 0x00007fb4c400a000

Heap
 PSYoungGen      total 150528K, used 2590K [0x00000000eb280000, 0x00000000f5a00000, 0x0000000100000000)
  eden space 129536K, 2% used [0x00000000eb280000,0x00000000eb507b38,0x00000000f3100000)
  from space 20992K, 0% used [0x00000000f4580000,0x00000000f4580000,0x00000000f5a00000)
  to   space 20992K, 0% used [0x00000000f3100000,0x00000000f3100000,0x00000000f4580000)
 ParOldGen       total 343040K, used 0K [0x00000000c1800000, 0x00000000d6700000, 0x00000000eb280000)
  object space 343040K, 0% used [0x00000000c1800000,0x00000000c1800000,0x00000000d6700000)
 PSPermGen       total 21504K, used 938K [0x00000000b7200000, 0x00000000b8700000, 0x00000000c1800000)
  object space 21504K, 4% used [0x00000000b7200000,0x00000000b72eaa88,0x00000000b8700000)

Card table byte_map: [0x00007fb4c89c1000,0x00007fb4c8c09000] byte_map_base: 0x00007fb4c8408000

Polling page: 0x00007fb4cc107000

Code Cache  [0x00007fb4c1000000, 0x00007fb4c1270000, 0x00007fb4c4000000)
 total_blobs=63 nmethods=0 adapters=41 free_code_cache=48824Kb largest_free_block=49995840

Compilation events (0 events):
No events

GC Heap History (0 events):
No events

Deoptimization events (0 events):
No events

Internal exceptions (0 events):
No events

Events (10 events):
Event: 0.031 loading class 0x00007fb4c0d6e1d0
Event: 0.031 loading class 0x00007fb4c0d6e1d0 done
Event: 0.031 loading class 0x00007fb4c0d6a370
Event: 0.031 loading class 0x00007fb4c0d6a370 done
Event: 0.032 loading class 0x00007fb4c0d72ec0
Event: 0.032 loading class 0x00007fb4c0d72ec0 done
Event: 0.032 loading class 0x00007fb4c0d72ef0
Event: 0.032 loading class 0x00007fb4c0d72ef0 done
Event: 0.032 Thread 0x00007fb4c41cb800 Thread added: 0x00007fb4c41cb800
Event: 0.032 loading class 0x00007fb4c0d72f80


Dynamic libraries:
00400000-00401000 r-xp 00000000 08:01 1050720                            /usr/lib/jvm/java-7-openjdk-amd64/jre/bin/java
00600000-00601000 r--p 00000000 08:01 1050720                            /usr/lib/jvm/java-7-openjdk-amd64/jre/bin/java
00601000-00602000 rw-p 00001000 08:01 1050720                            /usr/lib/jvm/java-7-openjdk-amd64/jre/bin/java
0230c000-0232d000 rw-p 00000000 00:00 0                                  [heap]
b7200000-b8700000 rw-p 00000000 00:00 0 
b8700000-c1800000 rw-p 00000000 00:00 0 
c1800000-d6700000 rw-p 00000000 00:00 0 
d6700000-eb280000 rw-p 00000000 00:00 0 
eb280000-f5a00000 rw-p 00000000 00:00 0 
f5a00000-100000000 rw-p 00000000 00:00 0 
7fb498000000-7fb498021000 rw-p 00000000 00:00 0 
7fb498021000-7fb49c000000 ---p 00000000 00:00 0 
7fb49c000000-7fb49c021000 rw-p 00000000 00:00 0 
7fb49c021000-7fb4a0000000 ---p 00000000 00:00 0 
7fb4a0000000-7fb4a0021000 rw-p 00000000 00:00 0 
7fb4a0021000-7fb4a4000000 ---p 00000000 00:00 0 
7fb4a477c000-7fb4a497e000 rw-p 00000000 00:00 0 
7fb4a497e000-7fb4a497f000 ---p 00000000 00:00 0 
7fb4a497f000-7fb4a8000000 rw-p 00000000 00:00 0 
7fb4a8000000-7fb4a8021000 rw-p 00000000 00:00 0 
7fb4a8021000-7fb4ac000000 ---p 00000000 00:00 0 
7fb4ac000000-7fb4ac021000 rw-p 00000000 00:00 0 
7fb4ac021000-7fb4b0000000 ---p 00000000 00:00 0 
7fb4b0000000-7fb4b0021000 rw-p 00000000 00:00 0 
7fb4b0021000-7fb4b4000000 ---p 00000000 00:00 0 
7fb4b4000000-7fb4b4021000 rw-p 00000000 00:00 0 
7fb4b4021000-7fb4b8000000 ---p 00000000 00:00 0 
7fb4b8000000-7fb4b8021000 rw-p 00000000 00:00 0 
7fb4b8021000-7fb4bc000000 ---p 00000000 00:00 0 
7fb4bc000000-7fb4bc021000 rw-p 00000000 00:00 0 
7fb4bc021000-7fb4c0000000 ---p 00000000 00:00 0 
7fb4c00de000-7fb4c0b32000 rw-p 00000000 00:00 0 
7fb4c0b32000-7fb4c0ce8000 r--s 01d63000 08:01 1183675                    /usr/lib/jvm/java-7-openjdk-amd64/jre/lib/rt.jar
7fb4c0ce8000-7fb4c1000000 rw-p 00000000 00:00 0 
7fb4c1000000-7fb4c1270000 rwxp 00000000 00:00 0 
7fb4c1270000-7fb4c41d8000 rw-p 00000000 00:00 0 
7fb4c41d8000-7fb4c8000000 ---p 00000000 00:00 0 
7fb4c8018000-7fb4c8019000 ---p 00000000 00:00 0 
7fb4c8019000-7fb4c8119000 rw-p 00000000 00:00 0 
7fb4c8119000-7fb4c811a000 ---p 00000000 00:00 0 
7fb4c811a000-7fb4c821a000 rw-p 00000000 00:00 0 
7fb4c821a000-7fb4c821b000 ---p 00000000 00:00 0 
7fb4c821b000-7fb4c831b000 rw-p 00000000 00:00 0 
7fb4c831b000-7fb4c831c000 ---p 00000000 00:00 0 
7fb4c831c000-7fb4c841c000 rw-p 00000000 00:00 0 
7fb4c841c000-7fb4c841d000 ---p 00000000 00:00 0 
7fb4c841d000-7fb4c851d000 rw-p 00000000 00:00 0 
7fb4c851d000-7fb4c851e000 ---p 00000000 00:00 0 
7fb4c851e000-7fb4c861e000 rw-p 00000000 00:00 0 
7fb4c861e000-7fb4c861f000 ---p 00000000 00:00 0 
7fb4c861f000-7fb4c871f000 rw-p 00000000 00:00 0 
7fb4c871f000-7fb4c8720000 ---p 00000000 00:00 0 
7fb4c8720000-7fb4c882b000 rw-p 00000000 00:00 0 
7fb4c882b000-7fb4c8873000 rw-p 00000000 00:00 0 
7fb4c8873000-7fb4c891b000 rw-p 00000000 00:00 0 
7fb4c891b000-7fb4c89c1000 rw-p 00000000 00:00 0 
7fb4c89c1000-7fb4c89cc000 rw-p 00000000 00:00 0 
7fb4c89cc000-7fb4c8a14000 rw-p 00000000 00:00 0 
7fb4c8a14000-7fb4c8abc000 rw-p 00000000 00:00 0 
7fb4c8abc000-7fb4c8b61000 rw-p 00000000 00:00 0 
7fb4c8b61000-7fb4c8bb5000 rw-p 00000000 00:00 0 
7fb4c8bb5000-7fb4c8c08000 rw-p 00000000 00:00 0 
7fb4c8c08000-7fb4c8c09000 rw-p 00000000 00:00 0 
7fb4c8c09000-7fb4c8c11000 r-xp 00000000 08:01 1183742                    /usr/lib/jvm/java-7-openjdk-amd64/jre/lib/amd64/libzip.so
7fb4c8c11000-7fb4c8e10000 ---p 00008000 08:01 1183742                    /usr/lib/jvm/java-7-openjdk-amd64/jre/lib/amd64/libzip.so
7fb4c8e10000-7fb4c8e11000 r--p 00007000 08:01 1183742                    /usr/lib/jvm/java-7-openjdk-amd64/jre/lib/amd64/libzip.so
7fb4c8e11000-7fb4c8e12000 rw-p 00008000 08:01 1183742                    /usr/lib/jvm/java-7-openjdk-amd64/jre/lib/amd64/libzip.so
7fb4c8e12000-7fb4c8e1c000 r-xp 00000000 08:01 261637                     /lib/x86_64-linux-gnu/libnss_files-2.19.so
7fb4c8e1c000-7fb4c901b000 ---p 0000a000 08:01 261637                     /lib/x86_64-linux-gnu/libnss_files-2.19.so
7fb4c901b000-7fb4c901c000 r--p 00009000 08:01 261637                     /lib/x86_64-linux-gnu/libnss_files-2.19.so
7fb4c901c000-7fb4c901d000 rw-p 0000a000 08:01 261637                     /lib/x86_64-linux-gnu/libnss_files-2.19.so
7fb4c901d000-7fb4c9028000 r-xp 00000000 08:01 261652                     /lib/x86_64-linux-gnu/libnss_nis-2.19.so
7fb4c9028000-7fb4c9227000 ---p 0000b000 08:01 261652                     /lib/x86_64-linux-gnu/libnss_nis-2.19.so
7fb4c9227000-7fb4c9228000 r--p 0000a000 08:01 261652                     /lib/x86_64-linux-gnu/libnss_nis-2.19.so
7fb4c9228000-7fb4c9229000 rw-p 0000b000 08:01 261652                     /lib/x86_64-linux-gnu/libnss_nis-2.19.so
7fb4c9229000-7fb4c9240000 r-xp 00000000 08:01 261633                     /lib/x86_64-linux-gnu/libnsl-2.19.so
7fb4c9240000-7fb4c943f000 ---p 00017000 08:01 261633                     /lib/x86_64-linux-gnu/libnsl-2.19.so
7fb4c943f000-7fb4c9440000 r--p 00016000 08:01 261633                     /lib/x86_64-linux-gnu/libnsl-2.19.so
7fb4c9440000-7fb4c9441000 rw-p 00017000 08:01 261633                     /lib/x86_64-linux-gnu/libnsl-2.19.so
7fb4c9441000-7fb4c9443000 rw-p 00000000 00:00 0 
7fb4c9443000-7fb4c944c000 r-xp 00000000 08:01 261650                     /lib/x86_64-linux-gnu/libnss_compat-2.19.so
7fb4c944c000-7fb4c964b000 ---p 00009000 08:01 261650                     /lib/x86_64-linux-gnu/libnss_compat-2.19.so
7fb4c964b000-7fb4c964c000 r--p 00008000 08:01 261650                     /lib/x86_64-linux-gnu/libnss_compat-2.19.so
7fb4c964c000-7fb4c964d000 rw-p 00009000 08:01 261650                     /lib/x86_64-linux-gnu/libnss_compat-2.19.so
7fb4c964d000-7fb4c9677000 r-xp 00000000 08:01 1183726                    /usr/lib/jvm/java-7-openjdk-amd64/jre/lib/amd64/libjava.so
7fb4c9677000-7fb4c9877000 ---p 0002a000 08:01 1183726                    /usr/lib/jvm/java-7-openjdk-amd64/jre/lib/amd64/libjava.so
7fb4c9877000-7fb4c9878000 r--p 0002a000 08:01 1183726                    /usr/lib/jvm/java-7-openjdk-amd64/jre/lib/amd64/libjava.so
7fb4c9878000-7fb4c987a000 rw-p 0002b000 08:01 1183726                    /usr/lib/jvm/java-7-openjdk-amd64/jre/lib/amd64/libjava.so
7fb4c987a000-7fb4c988a000 r-xp 00000000 08:01 1183719                    /usr/lib/jvm/java-7-openjdk-amd64/jre/lib/amd64/libverify.so
7fb4c988a000-7fb4c9a89000 ---p 00010000 08:01 1183719                    /usr/lib/jvm/java-7-openjdk-amd64/jre/lib/amd64/libverify.so
7fb4c9a89000-7fb4c9a8b000 r--p 0000f000 08:01 1183719                    /usr/lib/jvm/java-7-openjdk-amd64/jre/lib/amd64/libverify.so
7fb4c9a8b000-7fb4c9a8c000 rw-p 00011000 08:01 1183719                    /usr/lib/jvm/java-7-openjdk-amd64/jre/lib/amd64/libverify.so
7fb4c9a8c000-7fb4c9a93000 r-xp 00000000 08:01 261645                     /lib/x86_64-linux-gnu/librt-2.19.so
7fb4c9a93000-7fb4c9c92000 ---p 00007000 08:01 261645                     /lib/x86_64-linux-gnu/librt-2.19.so
7fb4c9c92000-7fb4c9c93000 r--p 00006000 08:01 261645                     /lib/x86_64-linux-gnu/librt-2.19.so
7fb4c9c93000-7fb4c9c94000 rw-p 00007000 08:01 261645                     /lib/x86_64-linux-gnu/librt-2.19.so
7fb4c9c94000-7fb4c9caa000 r-xp 00000000 08:01 261139                     /lib/x86_64-linux-gnu/libgcc_s.so.1
7fb4c9caa000-7fb4c9ea9000 ---p 00016000 08:01 261139                     /lib/x86_64-linux-gnu/libgcc_s.so.1
7fb4c9ea9000-7fb4c9eaa000 rw-p 00015000 08:01 261139                     /lib/x86_64-linux-gnu/libgcc_s.so.1
7fb4c9eaa000-7fb4c9faf000 r-xp 00000000 08:01 261639                     /lib/x86_64-linux-gnu/libm-2.19.so
7fb4c9faf000-7fb4ca1ae000 ---p 00105000 08:01 261639                     /lib/x86_64-linux-gnu/libm-2.19.so
7fb4ca1ae000-7fb4ca1af000 r--p 00104000 08:01 261639                     /lib/x86_64-linux-gnu/libm-2.19.so
7fb4ca1af000-7fb4ca1b0000 rw-p 00105000 08:01 261639                     /lib/x86_64-linux-gnu/libm-2.19.so
7fb4ca1b0000-7fb4ca296000 r-xp 00000000 08:01 915397                     /usr/lib/x86_64-linux-gnu/libstdc++.so.6.0.19
7fb4ca296000-7fb4ca495000 ---p 000e6000 08:01 915397                     /usr/lib/x86_64-linux-gnu/libstdc++.so.6.0.19
7fb4ca495000-7fb4ca49d000 r--p 000e5000 08:01 915397                     /usr/lib/x86_64-linux-gnu/libstdc++.so.6.0.19
7fb4ca49d000-7fb4ca49f000 rw-p 000ed000 08:01 915397                     /usr/lib/x86_64-linux-gnu/libstdc++.so.6.0.19
7fb4ca49f000-7fb4ca4b4000 rw-p 00000000 00:00 0 
7fb4ca4b4000-7fb4cafe8000 r-xp 00000000 08:01 1183731                    /usr/lib/jvm/java-7-openjdk-amd64/jre/lib/amd64/server/libjvm.so
7fb4cafe8000-7fb4cb1e8000 ---p 00b34000 08:01 1183731                    /usr/lib/jvm/java-7-openjdk-amd64/jre/lib/amd64/server/libjvm.so
7fb4cb1e8000-7fb4cb283000 r--p 00b34000 08:01 1183731                    /usr/lib/jvm/java-7-openjdk-amd64/jre/lib/amd64/server/libjvm.so
7fb4cb283000-7fb4cb2a6000 rw-p 00bcf000 08:01 1183731                    /usr/lib/jvm/java-7-openjdk-amd64/jre/lib/amd64/server/libjvm.so
7fb4cb2a6000-7fb4cb2d6000 rw-p 00000000 00:00 0 
7fb4cb2d6000-7fb4cb2ee000 r-xp 00000000 08:01 261367                     /lib/x86_64-linux-gnu/libz.so.1.2.8
7fb4cb2ee000-7fb4cb4ed000 ---p 00018000 08:01 261367                     /lib/x86_64-linux-gnu/libz.so.1.2.8
7fb4cb4ed000-7fb4cb4ee000 r--p 00017000 08:01 261367                     /lib/x86_64-linux-gnu/libz.so.1.2.8
7fb4cb4ee000-7fb4cb4ef000 rw-p 00018000 08:01 261367                     /lib/x86_64-linux-gnu/libz.so.1.2.8
7fb4cb4ef000-7fb4cb508000 r-xp 00000000 08:01 261641                     /lib/x86_64-linux-gnu/libpthread-2.19.so
7fb4cb508000-7fb4cb707000 ---p 00019000 08:01 261641                     /lib/x86_64-linux-gnu/libpthread-2.19.so
7fb4cb707000-7fb4cb708000 r--p 00018000 08:01 261641                     /lib/x86_64-linux-gnu/libpthread-2.19.so
7fb4cb708000-7fb4cb709000 rw-p 00019000 08:01 261641                     /lib/x86_64-linux-gnu/libpthread-2.19.so
7fb4cb709000-7fb4cb70d000 rw-p 00000000 00:00 0 
7fb4cb70d000-7fb4cb710000 r-xp 00000000 08:01 261644                     /lib/x86_64-linux-gnu/libdl-2.19.so
7fb4cb710000-7fb4cb90f000 ---p 00003000 08:01 261644                     /lib/x86_64-linux-gnu/libdl-2.19.so
7fb4cb90f000-7fb4cb910000 r--p 00002000 08:01 261644                     /lib/x86_64-linux-gnu/libdl-2.19.so
7fb4cb910000-7fb4cb911000 rw-p 00003000 08:01 261644                     /lib/x86_64-linux-gnu/libdl-2.19.so
7fb4cb911000-7fb4cbacf000 r-xp 00000000 08:01 261640                     /lib/x86_64-linux-gnu/libc-2.19.so
7fb4cbacf000-7fb4cbccf000 ---p 001be000 08:01 261640                     /lib/x86_64-linux-gnu/libc-2.19.so
7fb4cbccf000-7fb4cbcd3000 r--p 001be000 08:01 261640                     /lib/x86_64-linux-gnu/libc-2.19.so
7fb4cbcd3000-7fb4cbcd5000 rw-p 001c2000 08:01 261640                     /lib/x86_64-linux-gnu/libc-2.19.so
7fb4cbcd5000-7fb4cbcda000 rw-p 00000000 00:00 0 
7fb4cbcda000-7fb4cbce7000 r-xp 00000000 08:01 1183709                    /usr/lib/jvm/java-7-openjdk-amd64/jre/lib/amd64/jli/libjli.so
7fb4cbce7000-7fb4cbee6000 ---p 0000d000 08:01 1183709                    /usr/lib/jvm/java-7-openjdk-amd64/jre/lib/amd64/jli/libjli.so
7fb4cbee6000-7fb4cbee7000 r--p 0000c000 08:01 1183709                    /usr/lib/jvm/java-7-openjdk-amd64/jre/lib/amd64/jli/libjli.so
7fb4cbee7000-7fb4cbee8000 rw-p 0000d000 08:01 1183709                    /usr/lib/jvm/java-7-openjdk-amd64/jre/lib/amd64/jli/libjli.so
7fb4cbee8000-7fb4cbf0b000 r-xp 00000000 08:01 261648                     /lib/x86_64-linux-gnu/ld-2.19.so
7fb4cbf1a000-7fb4cbf3b000 rw-p 00000000 00:00 0 
7fb4cbf3b000-7fb4cbff1000 rw-p 00000000 00:00 0 
7fb4cbff1000-7fb4cbff4000 ---p 00000000 00:00 0 
7fb4cbff4000-7fb4cc0f7000 rw-p 00000000 00:00 0 
7fb4cc0fe000-7fb4cc106000 rw-s 00000000 08:05 25420                      /tmp/hsperfdata_realtalkadmin/24191
7fb4cc106000-7fb4cc107000 rw-p 00000000 00:00 0 
7fb4cc107000-7fb4cc108000 r--p 00000000 00:00 0 
7fb4cc108000-7fb4cc10a000 rw-p 00000000 00:00 0 
7fb4cc10a000-7fb4cc10b000 r--p 00022000 08:01 261648                     /lib/x86_64-linux-gnu/ld-2.19.so
7fb4cc10b000-7fb4cc10c000 rw-p 00023000 08:01 261648                     /lib/x86_64-linux-gnu/ld-2.19.so
7fb4cc10c000-7fb4cc10d000 rw-p 00000000 00:00 0 
7fff0f50b000-7fff0f52c000 rw-p 00000000 00:00 0                          [stack]
7fff0f5de000-7fff0f5e1000 r--p 00000000 00:00 0                          [vvar]
7fff0f5e1000-7fff0f5e3000 r-xp 00000000 00:00 0                          [vdso]
ffffffffff600000-ffffffffff601000 r-xp 00000000 00:00 0                  [vsyscall]

VM Arguments:
java_command: /home/realtalkadmin/realtalk.news/wp-content/plugins/fast-velocity-minify/libs/jar/yuicompressor-2.4.8.jar --preserve-semi --nomunge /home/realtalkadmin/realtalk.news/wp-content/uploads/fvm/tmp/9c4ba075.js -o /home/realtalkadmin/realtalk.news/wp-content/uploads/fvm/tmp/9c4ba075.min.js
Launcher Type: SUN_STANDARD

Environment Variables:
PATH=/usr/local/bin:/usr/bin:/bin

Signal Handlers:
SIGSEGV: [libjvm.so+0x963630], sa_mask[0]=0x7ffbfeff, sa_flags=0x10000004
SIGBUS: [libjvm.so+0x963630], sa_mask[0]=0x7ffbfeff, sa_flags=0x10000004
SIGFPE: [libjvm.so+0x7d5da0], sa_mask[0]=0x7ffbfeff, sa_flags=0x10000004
SIGPIPE: [libjvm.so+0x7d5da0], sa_mask[0]=0x7ffbfeff, sa_flags=0x10000004
SIGXFSZ: [libjvm.so+0x7d5da0], sa_mask[0]=0x7ffbfeff, sa_flags=0x10000004
SIGILL: [libjvm.so+0x7d5da0], sa_mask[0]=0x7ffbfeff, sa_flags=0x10000004
SIGUSR1: SIG_DFL, sa_mask[0]=0x00000000, sa_flags=0x00000000
SIGUSR2: [libjvm.so+0x7d5ed0], sa_mask[0]=0x00000000, sa_flags=0x10000004
SIGHUP: SIG_DFL, sa_mask[0]=0x00000000, sa_flags=0x00000000
SIGINT: SIG_DFL, sa_mask[0]=0x00000000, sa_flags=0x00000000
SIGTERM: SIG_DFL, sa_mask[0]=0x00000000, sa_flags=0x00000000
SIGQUIT: SIG_DFL, sa_mask[0]=0x00000000, sa_flags=0x00000000
SIGTRAP: SIG_DFL, sa_mask[0]=0x00000000, sa_flags=0x00000000


---------------  S Y S T E M  ---------------

OS:Ubuntu 14.04 (trusty)
uname:Linux 4.4.126-0.ksplice-lts-generic #2 SMP Tue Apr 10 12:33:32 UTC 2018 x86_64
libc:glibc 2.19 NPTL 2.19 
rlimit: STACK 8192k, CORE 0k, NPROC 5000, NOFILE 4096, AS 2048000k
load average:3.16 2.44 2.18

/proc/meminfo:
MemTotal:       32932580 kB
MemFree:         3549984 kB
MemAvailable:   22476796 kB
Buffers:          122064 kB
Cached:         10676600 kB
SwapCached:        51332 kB
Active:         11602764 kB
Inactive:        6176440 kB
Active(anon):    6293896 kB
Inactive(anon):  1762996 kB
Active(file):    5308868 kB
Inactive(file):  4413444 kB
Unevictable:       11636 kB
Mlocked:           11636 kB
SwapTotal:       3117180 kB
SwapFree:        1877880 kB
Dirty:              1996 kB
Writeback:            12 kB
AnonPages:       6949464 kB
Mapped:          1155108 kB
Shmem:           1072836 kB
Slab:            9933616 kB
SReclaimable:    9542384 kB
SUnreclaim:       391232 kB
KernelStack:       11712 kB
PageTables:       233032 kB
NFS_Unstable:          0 kB
Bounce:                0 kB
WritebackTmp:          0 kB
CommitLimit:    19583468 kB
Committed_AS:   20987160 kB
VmallocTotal:   34359738367 kB
VmallocUsed:           0 kB
VmallocChunk:          0 kB
HardwareCorrupted:     0 kB
AnonHugePages:         0 kB
CmaTotal:              0 kB
CmaFree:               0 kB
HugePages_Total:       0
HugePages_Free:        0
HugePages_Rsvd:        0
HugePages_Surp:        0
Hugepagesize:       2048 kB
DirectMap4k:       15680 kB
DirectMap2M:     2074624 kB
DirectMap1G:    31457280 kB


CPU:total 8 (initial active 8) (4 cores per cpu, 1 threads per core) family 16 model 8 stepping 0, cmov, cx8, fxsr, mmx, sse, sse2, sse3, popcnt, mmxext, 3dnowpref, lzcnt, sse4a, tsc, tscinvbit, tscinv

/proc/cpuinfo:
processor	: 0
vendor_id	: AuthenticAMD
cpu family	: 16
model		: 8
model name	: AMD Opteron(tm) Processor 4122
stepping	: 0
microcode	: 0x10000c5
cpu MHz		: 2200.000
cache size	: 512 KB
physical id	: 0
siblings	: 4
core id		: 0
cpu cores	: 4
apicid		: 8
initial apicid	: 0
fpu		: yes
fpu_exception	: yes
cpuid level	: 5
wp		: yes
flags		: fpu vme de pse tsc msr pae mce cx8 apic sep mtrr pge mca cmov pat pse36 clflush mmx fxsr sse sse2 ht syscall nx mmxext fxsr_opt pdpe1gb rdtscp lm 3dnowext 3dnow constant_tsc rep_good nopl nonstop_tsc extd_apicid pni monitor cx16 popcnt lahf_lm cmp_legacy svm extapic cr8_legacy abm sse4a misalignsse 3dnowprefetch osvw ibs skinit wdt nodeid_msr hw_pstate rsb_ctxsw retpoline retpoline_amd npt lbrv svm_lock nrip_save pausefilter vmmcall
bugs		: tlb_mmatch fxsave_leak sysret_ss_attrs spectre_v1 spectre_v2
bogomips	: 4389.26
TLB size	: 1024 4K pages
clflush size	: 64
cache_alignment	: 64
address sizes	: 48 bits physical, 48 bits virtual
power management: ts ttp tm stc 100mhzsteps hwpstate

processor	: 1
vendor_id	: AuthenticAMD
cpu family	: 16
model		: 8
model name	: AMD Opteron(tm) Processor 4122
stepping	: 0
microcode	: 0x10000c5
cpu MHz		: 2200.000
cache size	: 512 KB
physical id	: 0
siblings	: 4
core id		: 1
cpu cores	: 4
apicid		: 9
initial apicid	: 1
fpu		: yes
fpu_exception	: yes
cpuid level	: 5
wp		: yes
flags		: fpu vme de pse tsc msr pae mce cx8 apic sep mtrr pge mca cmov pat pse36 clflush mmx fxsr sse sse2 ht syscall nx mmxext fxsr_opt pdpe1gb rdtscp lm 3dnowext 3dnow constant_tsc rep_good nopl nonstop_tsc extd_apicid pni monitor cx16 popcnt lahf_lm cmp_legacy svm extapic cr8_legacy abm sse4a misalignsse 3dnowprefetch osvw ibs skinit wdt nodeid_msr hw_pstate rsb_ctxsw retpoline retpoline_amd npt lbrv svm_lock nrip_save pausefilter vmmcall
bugs		: tlb_mmatch fxsave_leak sysret_ss_attrs spectre_v1 spectre_v2
bogomips	: 4389.26
TLB size	: 1024 4K pages
clflush size	: 64
cache_alignment	: 64
address sizes	: 48 bits physical, 48 bits virtual
power management: ts ttp tm stc 100mhzsteps hwpstate

processor	: 2
vendor_id	: AuthenticAMD
cpu family	: 16
model		: 8
model name	: AMD Opteron(tm) Processor 4122
stepping	: 0
microcode	: 0x10000c5
cpu MHz		: 2200.000
cache size	: 512 KB
physical id	: 0
siblings	: 4
core id		: 2
cpu cores	: 4
apicid		: 10
initial apicid	: 2
fpu		: yes
fpu_exception	: yes
cpuid level	: 5
wp		: yes
flags		: fpu vme de pse tsc msr pae mce cx8 apic sep mtrr pge mca cmov pat pse36 clflush mmx fxsr sse sse2 ht syscall nx mmxext fxsr_opt pdpe1gb rdtscp lm 3dnowext 3dnow constant_tsc rep_good nopl nonstop_tsc extd_apicid pni monitor cx16 popcnt lahf_lm cmp_legacy svm extapic cr8_legacy abm sse4a misalignsse 3dnowprefetch osvw ibs skinit wdt nodeid_msr hw_pstate rsb_ctxsw retpoline retpoline_amd npt lbrv svm_lock nrip_save pausefilter vmmcall
bugs		: tlb_mmatch fxsave_leak sysret_ss_attrs spectre_v1 spectre_v2
bogomips	: 4389.26
TLB size	: 1024 4K pages
clflush size	: 64
cache_alignment	: 64
address sizes	: 48 bits physical, 48 bits virtual
power management: ts ttp tm stc 100mhzsteps hwpstate

processor	: 3
vendor_id	: AuthenticAMD
cpu family	: 16
model		: 8
model name	: AMD Opteron(tm) Processor 4122
stepping	: 0
microcode	: 0x10000c5
cpu MHz		: 2200.000
cache size	: 512 KB
physical id	: 0
siblings	: 4
core id		: 3
cpu cores	: 4
apicid		: 11
initial apicid	: 3
fpu		: yes
fpu_exception	: yes
cpuid level	: 5
wp		: yes
flags		: fpu vme de pse tsc msr pae mce cx8 apic sep mtrr pge mca cmov pat pse36 clflush mmx fxsr sse sse2 ht syscall nx mmxext fxsr_opt pdpe1gb rdtscp lm 3dnowext 3dnow constant_tsc rep_good nopl nonstop_tsc extd_apicid pni monitor cx16 popcnt lahf_lm cmp_legacy svm extapic cr8_legacy abm sse4a misalignsse 3dnowprefetch osvw ibs skinit wdt nodeid_msr hw_pstate rsb_ctxsw retpoline retpoline_amd npt lbrv svm_lock nrip_save pausefilter vmmcall
bugs		: tlb_mmatch fxsave_leak sysret_ss_attrs spectre_v1 spectre_v2
bogomips	: 4389.26
TLB size	: 1024 4K pages
clflush size	: 64
cache_alignment	: 64
address sizes	: 48 bits physical, 48 bits virtual
power management: ts ttp tm stc 100mhzsteps hwpstate

processor	: 4
vendor_id	: AuthenticAMD
cpu family	: 16
model		: 8
model name	: AMD Opteron(tm) Processor 4122
stepping	: 0
microcode	: 0x10000c5
cpu MHz		: 2200.000
cache size	: 512 KB
physical id	: 1
siblings	: 4
core id		: 0
cpu cores	: 4
apicid		: 16
initial apicid	: 8
fpu		: yes
fpu_exception	: yes
cpuid level	: 5
wp		: yes
flags		: fpu vme de pse tsc msr pae mce cx8 apic sep mtrr pge mca cmov pat pse36 clflush mmx fxsr sse sse2 ht syscall nx mmxext fxsr_opt pdpe1gb rdtscp lm 3dnowext 3dnow constant_tsc rep_good nopl nonstop_tsc extd_ap