#
# There is insufficient memory for the Java Runtime Environment to continue.
# pthread_getattr_np
# Possible reasons:
#   The system is out of physical RAM or swap space
#   In 32 bit mode, the process size limit was hit
# Possible solutions:
#   Reduce memory load on the system
#   Increase physical memory or swap space
#   Check if swap backing store is full
#   Use 64 bit Java on a 64 bit OS
#   Decrease Java heap size (-Xmx/-Xms)
#   Decrease number of Java threads
#   Decrease Java thread stack sizes (-Xss)
#   Set larger code cache with -XX:ReservedCodeCacheSize=
# This output file may be truncated or incomplete.
#
#  Out of Memory Error (os_linux_x86.cpp:718), pid=30032, tid=140714809702144
#
# JRE version:  (7.0_151-b01) (build )
# Java VM: OpenJDK 64-Bit Server VM (24.151-b01 mixed mode linux-amd64 compressed oops)
# Derivative: IcedTea 2.6.11
# Distribution: Ubuntu 14.04 LTS, package 7u151-2.6.11-0ubuntu1.14.04.1
# Failed to write core dump. Core dumps have been disabled. To enable core dumping, try "ulimit -c unlimited" before starting Java again
#

---------------  T H R E A D  ---------------

Current thread (0x00007ffabc1cb800):  JavaThread "Reference Handler" daemon [_thread_new, id=30044, stack(0x0000000000000000,0x0000000000000000)]

Stack: [0x0000000000000000,0x0000000000000000],  sp=0x00007ffab83f2ae0,  free space=137416806346k
Native frames: (J=compiled Java code, j=interpreted, Vv=VM code, C=native code)
V  [libjvm.so+0x962b45]
V  [libjvm.so+0x49a474]
V  [libjvm.so+0x7e21ea]
V  [libjvm.so+0x7e223d]
V  [libjvm.so+0x90f619]
V  [libjvm.so+0x91568c]
V  [libjvm.so+0x7d75c2]


---------------  P R O C E S S  ---------------

Java Threads: ( => current thread )
=>0x00007ffabc1cb800 JavaThread "Reference Handler" daemon [_thread_new, id=30044, stack(0x0000000000000000,0x0000000000000000)]
  0x00007ffabc00a000 JavaThread "main" [_thread_in_vm, id=30033, stack(0x00007ffac553d000,0x00007ffac563e000)]

Other Threads:
  0x00007ffabc1c5800 VMThread [stack: 0x00007ffab83f4000,0x00007ffab84f5000] [id=30043]

VM state:not at safepoint (normal execution)

VM Mutex/Monitor currently owned by a thread:  ([mutex/lock_event])
[0x00007ffabc006530] Threads_lock - owner thread: 0x00007ffabc00a000

Heap
 PSYoungGen      total 150528K, used 2590K [0x00000000eb280000, 0x00000000f5a00000, 0x0000000100000000)
  eden space 129536K, 2% used [0x00000000eb280000,0x00000000eb507b38,0x00000000f3100000)
  from space 20992K, 0% used [0x00000000f4580000,0x00000000f4580000,0x00000000f5a00000)
  to   space 20992K, 0% used [0x00000000f3100000,0x00000000f3100000,0x00000000f4580000)
 ParOldGen       total 343040K, used 0K [0x00000000c1800000, 0x00000000d6700000, 0x00000000eb280000)
  object space 343040K, 0% used [0x00000000c1800000,0x00000000c1800000,0x00000000d6700000)
 PSPermGen       total 21504K, used 938K [0x00000000b7200000, 0x00000000b8700000, 0x00000000c1800000)
  object space 21504K, 4% used [0x00000000b7200000,0x00000000b72eaa88,0x00000000b8700000)

Card table byte_map: [0x00007ffac1f0d000,0x00007ffac2155000] byte_map_base: 0x00007ffac1954000

Polling page: 0x00007ffac5653000

Code Cache  [0x00007ffab9000000, 0x00007ffab9270000, 0x00007ffabc000000)
 total_blobs=63 nmethods=0 adapters=41 free_code_cache=48824Kb largest_free_block=49995840

Compilation events (0 events):
No events

GC Heap History (0 events):
No events

Deoptimization events (0 events):
No events

Internal exceptions (0 events):
No events

Events (10 events):
Event: 0.033 loading class 0x00007ffac12d21d0
Event: 0.033 loading class 0x00007ffac12d21d0 done
Event: 0.033 loading class 0x00007ffac12ce370
Event: 0.033 loading class 0x00007ffac12ce370 done
Event: 0.034 loading class 0x00007ffac12d6ec0
Event: 0.034 loading class 0x00007ffac12d6ec0 done
Event: 0.034 loading class 0x00007ffac12d6ef0
Event: 0.034 loading class 0x00007ffac12d6ef0 done
Event: 0.034 Thread 0x00007ffabc1cb800 Thread added: 0x00007ffabc1cb800
Event: 0.034 loading class 0x00007ffac12d6f80


Dynamic libraries:
00400000-00401000 r-xp 00000000 08:01 1050720                            /usr/lib/jvm/java-7-openjdk-amd64/jre/bin/java
00600000-00601000 r--p 00000000 08:01 1050720                            /usr/lib/jvm/java-7-openjdk-amd64/jre/bin/java
00601000-00602000 rw-p 00001000 08:01 1050720                            /usr/lib/jvm/java-7-openjdk-amd64/jre/bin/java
014aa000-014cb000 rw-p 00000000 00:00 0                                  [heap]
b7200000-b8700000 rw-p 00000000 00:00 0 
b8700000-c1800000 rw-p 00000000 00:00 0 
c1800000-d6700000 rw-p 00000000 00:00 0 
d6700000-eb280000 rw-p 00000000 00:00 0 
eb280000-f5a00000 rw-p 00000000 00:00 0 
f5a00000-100000000 rw-p 00000000 00:00 0 
7ffa90000000-7ffa90021000 rw-p 00000000 00:00 0 
7ffa90021000-7ffa94000000 ---p 00000000 00:00 0 
7ffa94000000-7ffa94021000 rw-p 00000000 00:00 0 
7ffa94021000-7ffa98000000 ---p 00000000 00:00 0 
7ffa99b90000-7ffa9c000000 rw-p 00000000 00:00 0 
7ffa9c000000-7ffa9c021000 rw-p 00000000 00:00 0 
7ffa9c021000-7ffaa0000000 ---p 00000000 00:00 0 
7ffaa0000000-7ffaa0021000 rw-p 00000000 00:00 0 
7ffaa0021000-7ffaa4000000 ---p 00000000 00:00 0 
7ffaa4000000-7ffaa4021000 rw-p 00000000 00:00 0 
7ffaa4021000-7ffaa8000000 ---p 00000000 00:00 0 
7ffaa8000000-7ffaa8021000 rw-p 00000000 00:00 0 
7ffaa8021000-7ffaac000000 ---p 00000000 00:00 0 
7ffaac000000-7ffaac021000 rw-p 00000000 00:00 0 
7ffaac021000-7ffab0000000 ---p 00000000 00:00 0 
7ffab0000000-7ffab0021000 rw-p 00000000 00:00 0 
7ffab0021000-7ffab4000000 ---p 00000000 00:00 0 
7ffab4000000-7ffab4021000 rw-p 00000000 00:00 0 
7ffab4021000-7ffab8000000 ---p 00000000 00:00 0 
7ffab81f2000-7ffab83f4000 rw-p 00000000 00:00 0 
7ffab83f4000-7ffab83f5000 ---p 00000000 00:00 0 
7ffab83f5000-7ffab9000000 rw-p 00000000 00:00 0 
7ffab9000000-7ffab9270000 rwxp 00000000 00:00 0 
7ffab9270000-7ffabc1d8000 rw-p 00000000 00:00 0 
7ffabc1d8000-7ffac0000000 ---p 00000000 00:00 0 
7ffac003c000-7ffac1096000 rw-p 00000000 00:00 0 
7ffac1096000-7ffac124c000 r--s 01d63000 08:01 1183675                    /usr/lib/jvm/java-7-openjdk-amd64/jre/lib/rt.jar
7ffac124c000-7ffac1564000 rw-p 00000000 00:00 0 
7ffac1564000-7ffac1565000 ---p 00000000 00:00 0 
7ffac1565000-7ffac1665000 rw-p 00000000 00:00 0 
7ffac1665000-7ffac1666000 ---p 00000000 00:00 0 
7ffac1666000-7ffac1766000 rw-p 00000000 00:00 0 
7ffac1766000-7ffac1767000 ---p 00000000 00:00 0 
7ffac1767000-7ffac1867000 rw-p 00000000 00:00 0 
7ffac1867000-7ffac1868000 ---p 00000000 00:00 0 
7ffac1868000-7ffac1968000 rw-p 00000000 00:00 0 
7ffac1968000-7ffac1969000 ---p 00000000 00:00 0 
7ffac1969000-7ffac1a69000 rw-p 00000000 00:00 0 
7ffac1a69000-7ffac1a6a000 ---p 00000000 00:00 0 
7ffac1a6a000-7ffac1b6a000 rw-p 00000000 00:00 0 
7ffac1b6a000-7ffac1b6b000 ---p 00000000 00:00 0 
7ffac1b6b000-7ffac1c6b000 rw-p 00000000 00:00 0 
7ffac1c6b000-7ffac1c6c000 ---p 00000000 00:00 0 
7ffac1c6c000-7ffac1d77000 rw-p 00000000 00:00 0 
7ffac1d77000-7ffac1dbf000 rw-p 00000000 00:00 0 
7ffac1dbf000-7ffac1e67000 rw-p 00000000 00:00 0 
7ffac1e67000-7ffac1f0d000 rw-p 00000000 00:00 0 
7ffac1f0d000-7ffac1f18000 rw-p 00000000 00:00 0 
7ffac1f18000-7ffac1f60000 rw-p 00000000 00:00 0 
7ffac1f60000-7ffac2008000 rw-p 00000000 00:00 0 
7ffac2008000-7ffac20ad000 rw-p 00000000 00:00 0 
7ffac20ad000-7ffac2101000 rw-p 00000000 00:00 0 
7ffac2101000-7ffac2154000 rw-p 00000000 00:00 0 
7ffac2154000-7ffac2155000 rw-p 00000000 00:00 0 
7ffac2155000-7ffac215d000 r-xp 00000000 08:01 1183742                    /usr/lib/jvm/java-7-openjdk-amd64/jre/lib/amd64/libzip.so
7ffac215d000-7ffac235c000 ---p 00008000 08:01 1183742                    /usr/lib/jvm/java-7-openjdk-amd64/jre/lib/amd64/libzip.so
7ffac235c000-7ffac235d000 r--p 00007000 08:01 1183742                    /usr/lib/jvm/java-7-openjdk-amd64/jre/lib/amd64/libzip.so
7ffac235d000-7ffac235e000 rw-p 00008000 08:01 1183742                    /usr/lib/jvm/java-7-openjdk-amd64/jre/lib/amd64/libzip.so
7ffac235e000-7ffac2368000 r-xp 00000000 08:01 261637                     /lib/x86_64-linux-gnu/libnss_files-2.19.so
7ffac2368000-7ffac2567000 ---p 0000a000 08:01 261637                     /lib/x86_64-linux-gnu/libnss_files-2.19.so
7ffac2567000-7ffac2568000 r--p 00009000 08:01 261637                     /lib/x86_64-linux-gnu/libnss_files-2.19.so
7ffac2568000-7ffac2569000 rw-p 0000a000 08:01 261637                     /lib/x86_64-linux-gnu/libnss_files-2.19.so
7ffac2569000-7ffac2574000 r-xp 00000000 08:01 261652                     /lib/x86_64-linux-gnu/libnss_nis-2.19.so
7ffac2574000-7ffac2773000 ---p 0000b000 08:01 261652                     /lib/x86_64-linux-gnu/libnss_nis-2.19.so
7ffac2773000-7ffac2774000 r--p 0000a000 08:01 261652                     /lib/x86_64-linux-gnu/libnss_nis-2.19.so
7ffac2774000-7ffac2775000 rw-p 0000b000 08:01 261652                     /lib/x86_64-linux-gnu/libnss_nis-2.19.so
7ffac2775000-7ffac278c000 r-xp 00000000 08:01 261633                     /lib/x86_64-linux-gnu/libnsl-2.19.so
7ffac278c000-7ffac298b000 ---p 00017000 08:01 261633                     /lib/x86_64-linux-gnu/libnsl-2.19.so
7ffac298b000-7ffac298c000 r--p 00016000 08:01 261633                     /lib/x86_64-linux-gnu/libnsl-2.19.so
7ffac298c000-7ffac298d000 rw-p 00017000 08:01 261633                     /lib/x86_64-linux-gnu/libnsl-2.19.so
7ffac298d000-7ffac298f000 rw-p 00000000 00:00 0 
7ffac298f000-7ffac2998000 r-xp 00000000 08:01 261650                     /lib/x86_64-linux-gnu/libnss_compat-2.19.so
7ffac2998000-7ffac2b97000 ---p 00009000 08:01 261650                     /lib/x86_64-linux-gnu/libnss_compat-2.19.so
7ffac2b97000-7ffac2b98000 r--p 00008000 08:01 261650                     /lib/x86_64-linux-gnu/libnss_compat-2.19.so
7ffac2b98000-7ffac2b99000 rw-p 00009000 08:01 261650                     /lib/x86_64-linux-gnu/libnss_compat-2.19.so
7ffac2b99000-7ffac2bc3000 r-xp 00000000 08:01 1183726                    /usr/lib/jvm/java-7-openjdk-amd64/jre/lib/amd64/libjava.so
7ffac2bc3000-7ffac2dc3000 ---p 0002a000 08:01 1183726                    /usr/lib/jvm/java-7-openjdk-amd64/jre/lib/amd64/libjava.so
7ffac2dc3000-7ffac2dc4000 r--p 0002a000 08:01 1183726                    /usr/lib/jvm/java-7-openjdk-amd64/jre/lib/amd64/libjava.so
7ffac2dc4000-7ffac2dc6000 rw-p 0002b000 08:01 1183726                    /usr/lib/jvm/java-7-openjdk-amd64/jre/lib/amd64/libjava.so
7ffac2dc6000-7ffac2dd6000 r-xp 00000000 08:01 1183719                    /usr/lib/jvm/java-7-openjdk-amd64/jre/lib/amd64/libverify.so
7ffac2dd6000-7ffac2fd5000 ---p 00010000 08:01 1183719                    /usr/lib/jvm/java-7-openjdk-amd64/jre/lib/amd64/libverify.so
7ffac2fd5000-7ffac2fd7000 r--p 0000f000 08:01 1183719                    /usr/lib/jvm/java-7-openjdk-amd64/jre/lib/amd64/libverify.so
7ffac2fd7000-7ffac2fd8000 rw-p 00011000 08:01 1183719                    /usr/lib/jvm/java-7-openjdk-amd64/jre/lib/amd64/libverify.so
7ffac2fd8000-7ffac2fdf000 r-xp 00000000 08:01 261645                     /lib/x86_64-linux-gnu/librt-2.19.so
7ffac2fdf000-7ffac31de000 ---p 00007000 08:01 261645                     /lib/x86_64-linux-gnu/librt-2.19.so
7ffac31de000-7ffac31df000 r--p 00006000 08:01 261645                     /lib/x86_64-linux-gnu/librt-2.19.so
7ffac31df000-7ffac31e0000 rw-p 00007000 08:01 261645                     /lib/x86_64-linux-gnu/librt-2.19.so
7ffac31e0000-7ffac31f6000 r-xp 00000000 08:01 261139                     /lib/x86_64-linux-gnu/libgcc_s.so.1
7ffac31f6000-7ffac33f5000 ---p 00016000 08:01 261139                     /lib/x86_64-linux-gnu/libgcc_s.so.1
7ffac33f5000-7ffac33f6000 rw-p 00015000 08:01 261139                     /lib/x86_64-linux-gnu/libgcc_s.so.1
7ffac33f6000-7ffac34fb000 r-xp 00000000 08:01 261639                     /lib/x86_64-linux-gnu/libm-2.19.so
7ffac34fb000-7ffac36fa000 ---p 00105000 08:01 261639                     /lib/x86_64-linux-gnu/libm-2.19.so
7ffac36fa000-7ffac36fb000 r--p 00104000 08:01 261639                     /lib/x86_64-linux-gnu/libm-2.19.so
7ffac36fb000-7ffac36fc000 rw-p 00105000 08:01 261639                     /lib/x86_64-linux-gnu/libm-2.19.so
7ffac36fc000-7ffac37e2000 r-xp 00000000 08:01 915397                     /usr/lib/x86_64-linux-gnu/libstdc++.so.6.0.19
7ffac37e2000-7ffac39e1000 ---p 000e6000 08:01 915397                     /usr/lib/x86_64-linux-gnu/libstdc++.so.6.0.19
7ffac39e1000-7ffac39e9000 r--p 000e5000 08:01 915397                     /usr/lib/x86_64-linux-gnu/libstdc++.so.6.0.19
7ffac39e9000-7ffac39eb000 rw-p 000ed000 08:01 915397                     /usr/lib/x86_64-linux-gnu/libstdc++.so.6.0.19
7ffac39eb000-7ffac3a00000 rw-p 00000000 00:00 0 
7ffac3a00000-7ffac4534000 r-xp 00000000 08:01 1183731                    /usr/lib/jvm/java-7-openjdk-amd64/jre/lib/amd64/server/libjvm.so
7ffac4534000-7ffac4734000 ---p 00b34000 08:01 1183731                    /usr/lib/jvm/java-7-openjdk-amd64/jre/lib/amd64/server/libjvm.so
7ffac4734000-7ffac47cf000 r--p 00b34000 08:01 1183731                    /usr/lib/jvm/java-7-openjdk-amd64/jre/lib/amd64/server/libjvm.so
7ffac47cf000-7ffac47f2000 rw-p 00bcf000 08:01 1183731                    /usr/lib/jvm/java-7-openjdk-amd64/jre/lib/amd64/server/libjvm.so
7ffac47f2000-7ffac4822000 rw-p 00000000 00:00 0 
7ffac4822000-7ffac483a000 r-xp 00000000 08:01 261367                     /lib/x86_64-linux-gnu/libz.so.1.2.8
7ffac483a000-7ffac4a39000 ---p 00018000 08:01 261367                     /lib/x86_64-linux-gnu/libz.so.1.2.8
7ffac4a39000-7ffac4a3a000 r--p 00017000 08:01 261367                     /lib/x86_64-linux-gnu/libz.so.1.2.8
7ffac4a3a000-7ffac4a3b000 rw-p 00018000 08:01 261367                     /lib/x86_64-linux-gnu/libz.so.1.2.8
7ffac4a3b000-7ffac4a54000 r-xp 00000000 08:01 261641                     /lib/x86_64-linux-gnu/libpthread-2.19.so
7ffac4a54000-7ffac4c53000 ---p 00019000 08:01 261641                     /lib/x86_64-linux-gnu/libpthread-2.19.so
7ffac4c53000-7ffac4c54000 r--p 00018000 08:01 261641                     /lib/x86_64-linux-gnu/libpthread-2.19.so
7ffac4c54000-7ffac4c55000 rw-p 00019000 08:01 261641                     /lib/x86_64-linux-gnu/libpthread-2.19.so
7ffac4c55000-7ffac4c59000 rw-p 00000000 00:00 0 
7ffac4c59000-7ffac4c5c000 r-xp 00000000 08:01 261644                     /lib/x86_64-linux-gnu/libdl-2.19.so
7ffac4c5c000-7ffac4e5b000 ---p 00003000 08:01 261644                     /lib/x86_64-linux-gnu/libdl-2.19.so
7ffac4e5b000-7ffac4e5c000 r--p 00002000 08:01 261644                     /lib/x86_64-linux-gnu/libdl-2.19.so
7ffac4e5c000-7ffac4e5d000 rw-p 00003000 08:01 261644                     /lib/x86_64-linux-gnu/libdl-2.19.so
7ffac4e5d000-7ffac501b000 r-xp 00000000 08:01 261640                     /lib/x86_64-linux-gnu/libc-2.19.so
7ffac501b000-7ffac521b000 ---p 001be000 08:01 261640                     /lib/x86_64-linux-gnu/libc-2.19.so
7ffac521b000-7ffac521f000 r--p 001be000 08:01 261640                     /lib/x86_64-linux-gnu/libc-2.19.so
7ffac521f000-7ffac5221000 rw-p 001c2000 08:01 261640                     /lib/x86_64-linux-gnu/libc-2.19.so
7ffac5221000-7ffac5226000 rw-p 00000000 00:00 0 
7ffac5226000-7ffac5233000 r-xp 00000000 08:01 1183709                    /usr/lib/jvm/java-7-openjdk-amd64/jre/lib/amd64/jli/libjli.so
7ffac5233000-7ffac5432000 ---p 0000d000 08:01 1183709                    /usr/lib/jvm/java-7-openjdk-amd64/jre/lib/amd64/jli/libjli.so
7ffac5432000-7ffac5433000 r--p 0000c000 08:01 1183709                    /usr/lib/jvm/java-7-openjdk-amd64/jre/lib/amd64/jli/libjli.so
7ffac5433000-7ffac5434000 rw-p 0000d000 08:01 1183709                    /usr/lib/jvm/java-7-openjdk-amd64/jre/lib/amd64/jli/libjli.so
7ffac5434000-7ffac5457000 r-xp 00000000 08:01 261648                     /lib/x86_64-linux-gnu/ld-2.19.so
7ffac5466000-7ffac5487000 rw-p 00000000 00:00 0 
7ffac5487000-7ffac553d000 rw-p 00000000 00:00 0 
7ffac553d000-7ffac5540000 ---p 00000000 00:00 0 
7ffac5540000-7ffac5643000 rw-p 00000000 00:00 0 
7ffac564a000-7ffac5652000 rw-s 00000000 08:05 27374                      /tmp/hsperfdata_realtalkadmin/30032
7ffac5652000-7ffac5653000 rw-p 00000000 00:00 0 
7ffac5653000-7ffac5654000 r--p 00000000 00:00 0 
7ffac5654000-7ffac5656000 rw-p 00000000 00:00 0 
7ffac5656000-7ffac5657000 r--p 00022000 08:01 261648                     /lib/x86_64-linux-gnu/ld-2.19.so
7ffac5657000-7ffac5658000 rw-p 00023000 08:01 261648                     /lib/x86_64-linux-gnu/ld-2.19.so
7ffac5658000-7ffac5659000 rw-p 00000000 00:00 0 
7ffe672e1000-7ffe67302000 rw-p 00000000 00:00 0                          [stack]
7ffe67345000-7ffe67348000 r--p 00000000 00:00 0                          [vvar]
7ffe67348000-7ffe6734a000 r-xp 00000000 00:00 0                          [vdso]
ffffffffff600000-ffffffffff601000 r-xp 00000000 00:00 0                  [vsyscall]

VM Arguments:
java_command: /home/realtalkadmin/realtalk.news/wp-content/plugins/fast-velocity-minify/libs/jar/yuicompressor-2.4.8.jar --preserve-semi --nomunge /home/realtalkadmin/realtalk.news/wp-content/uploads/fvm/tmp/27f7d46e.js -o /home/realtalkadmin/realtalk.news/wp-content/uploads/fvm/tmp/27f7d46e.min.js
Launcher Type: SUN_STANDARD

Environment Variables:
PATH=/usr/local/bin:/usr/bin:/bin

Signal Handlers:
SIGSEGV: [libjvm.so+0x963630], sa_mask[0]=0x7ffbfeff, sa_flags=0x10000004
SIGBUS: [libjvm.so+0x963630], sa_mask[0]=0x7ffbfeff, sa_flags=0x10000004
SIGFPE: [libjvm.so+0x7d5da0], sa_mask[0]=0x7ffbfeff, sa_flags=0x10000004
SIGPIPE: [libjvm.so+0x7d5da0], sa_mask[0]=0x7ffbfeff, sa_flags=0x10000004
SIGXFSZ: [libjvm.so+0x7d5da0], sa_mask[0]=0x7ffbfeff, sa_flags=0x10000004
SIGILL: [libjvm.so+0x7d5da0], sa_mask[0]=0x7ffbfeff, sa_flags=0x10000004
SIGUSR1: SIG_DFL, sa_mask[0]=0x00000000, sa_flags=0x00000000
SIGUSR2: [libjvm.so+0x7d5ed0], sa_mask[0]=0x00000000, sa_flags=0x10000004
SIGHUP: SIG_DFL, sa_mask[0]=0x00000000, sa_flags=0x00000000
SIGINT: SIG_DFL, sa_mask[0]=0x00000000, sa_flags=0x00000000
SIGTERM: SIG_DFL, sa_mask[0]=0x00000000, sa_flags=0x00000000
SIGQUIT: SIG_DFL, sa_mask[0]=0x00000000, sa_flags=0x00000000
SIGTRAP: SIG_DFL, sa_mask[0]=0x00000000, sa_flags=0x00000000


---------------  S Y S T E M  ---------------

OS:Ubuntu 14.04 (trusty)
uname:Linux 4.4.126-0.ksplice-lts-generic #2 SMP Tue Apr 10 12:33:32 UTC 2018 x86_64
libc:glibc 2.19 NPTL 2.19 
rlimit: STACK 8192k, CORE 0k, NPROC 5000, NOFILE 4096, AS 2048000k
load average:4.75 2.93 2.40

/proc/meminfo:
MemTotal:       32932580 kB
MemFree:         2754848 kB
MemAvailable:   22127008 kB
Buffers:          125092 kB
Cached:         11242564 kB
SwapCached:        51288 kB
Active:         11941444 kB
Inactive:        6707732 kB
Active(anon):    6600912 kB
Inactive(anon):  1824016 kB
Active(file):    5340532 kB
Inactive(file):  4883716 kB
Unevictable:       11636 kB
Mlocked:           11636 kB
SwapTotal:       3117180 kB
SwapFree:        1877856 kB
Dirty:              1288 kB
Writeback:             0 kB
AnonPages:       7250036 kB
Mapped:          1220976 kB
Shmem:           1139896 kB
Slab:            9875756 kB
SReclaimable:    9485796 kB
SUnreclaim:       389960 kB
KernelStack:       11840 kB
PageTables:       236316 kB
NFS_Unstable:          0 kB
Bounce:                0 kB
WritebackTmp:          0 kB
CommitLimit:    19583468 kB
Committed_AS:   21194812 kB
VmallocTotal:   34359738367 kB
VmallocUsed:           0 kB
VmallocChunk:          0 kB
HardwareCorrupted:     0 kB
AnonHugePages:         0 kB
CmaTotal:              0 kB
CmaFree:               0 kB
HugePages_Total:       0
HugePages_Free:        0
HugePages_Rsvd:        0
HugePages_Surp:        0
Hugepagesize:       2048 kB
DirectMap4k:       15680 kB
DirectMap2M:     2074624 kB
DirectMap1G:    31457280 kB


CPU:total 8 (initial active 8) (4 cores per cpu, 1 threads per core) family 16 model 8 stepping 0, cmov, cx8, fxsr, mmx, sse, sse2, sse3, popcnt, mmxext, 3dnowpref, lzcnt, sse4a, tsc, tscinvbit, tscinv

/proc/cpuinfo:
processor	: 0
vendor_id	: AuthenticAMD
cpu family	: 16
model		: 8
model name	: AMD Opteron(tm) Processor 4122
stepping	: 0
microcode	: 0x10000c5
cpu MHz		: 2200.000
cache size	: 512 KB
physical id	: 0
siblings	: 4
core id		: 0
cpu cores	: 4
apicid		: 8
initial apicid	: 0
fpu		: yes
fpu_exception	: yes
cpuid level	: 5
wp		: yes
flags		: fpu vme de pse tsc msr pae mce cx8 apic sep mtrr pge mca cmov pat pse36 clflush mmx fxsr sse sse2 ht syscall nx mmxext fxsr_opt pdpe1gb rdtscp lm 3dnowext 3dnow constant_tsc rep_good nopl nonstop_tsc extd_apicid pni monitor cx16 popcnt lahf_lm cmp_legacy svm extapic cr8_legacy abm sse4a misalignsse 3dnowprefetch osvw ibs skinit wdt nodeid_msr hw_pstate rsb_ctxsw retpoline retpoline_amd npt lbrv svm_lock nrip_save pausefilter vmmcall
bugs		: tlb_mmatch fxsave_leak sysret_ss_attrs spectre_v1 spectre_v2
bogomips	: 4389.26
TLB size	: 1024 4K pages
clflush size	: 64
cache_alignment	: 64
address sizes	: 48 bits physical, 48 bits virtual
power management: ts ttp tm stc 100mhzsteps hwpstate

processor	: 1
vendor_id	: AuthenticAMD
cpu family	: 16
model		: 8
model name	: AMD Opteron(tm) Processor 4122
stepping	: 0
microcode	: 0x10000c5
cpu MHz		: 2200.000
cache size	: 512 KB
physical id	: 0
siblings	: 4
core id		: 1
cpu cores	: 4
apicid		: 9
initial apicid	: 1
fpu		: yes
fpu_exception	: yes
cpuid level	: 5
wp		: yes
flags		: fpu vme de pse tsc msr pae mce cx8 apic sep mtrr pge mca cmov pat pse36 clflush mmx fxsr sse sse2 ht syscall nx mmxext fxsr_opt pdpe1gb rdtscp lm 3dnowext 3dnow constant_tsc rep_good nopl nonstop_tsc extd_apicid pni monitor cx16 popcnt lahf_lm cmp_legacy svm extapic cr8_legacy abm sse4a misalignsse 3dnowprefetch osvw ibs skinit wdt nodeid_msr hw_pstate rsb_ctxsw retpoline retpoline_amd npt lbrv svm_lock nrip_save pausefilter vmmcall
bugs		: tlb_mmatch fxsave_leak sysret_ss_attrs spectre_v1 spectre_v2
bogomips	: 4389.26
TLB size	: 1024 4K pages
clflush size	: 64
cache_alignment	: 64
address sizes	: 48 bits physical, 48 bits virtual
power management: ts ttp tm stc 100mhzsteps hwpstate

processor	: 2
vendor_id	: AuthenticAMD
cpu family	: 16
model		: 8
model name	: AMD Opteron(tm) Processor 4122
stepping	: 0
microcode	: 0x10000c5
cpu MHz		: 2200.000
cache size	: 512 KB
physical id	: 0
siblings	: 4
core id		: 2
cpu cores	: 4
apicid		: 10
initial apicid	: 2
fpu		: yes
fpu_exception	: yes
cpuid level	: 5
wp		: yes
flags		: fpu vme de pse tsc msr pae mce cx8 apic sep mtrr pge mca cmov pat pse36 clflush mmx fxsr sse sse2 ht syscall nx mmxext fxsr_opt pdpe1gb rdtscp lm 3dnowext 3dnow constant_tsc rep_good nopl nonstop_tsc extd_apicid pni monitor cx16 popcnt lahf_lm cmp_legacy svm extapic cr8_legacy abm sse4a misalignsse 3dnowprefetch osvw ibs skinit wdt nodeid_msr hw_pstate rsb_ctxsw retpoline retpoline_amd npt lbrv svm_lock nrip_save pausefilter vmmcall
bugs		: tlb_mmatch fxsave_leak sysret_ss_attrs spectre_v1 spectre_v2
bogomips	: 4389.26
TLB size	: 1024 4K pages
clflush size	: 64
cache_alignment	: 64
address sizes	: 48 bits physical, 48 bits virtual
power management: ts ttp tm stc 100mhzsteps hwpstate

processor	: 3
vendor_id	: AuthenticAMD
cpu family	: 16
model		: 8
model name	: AMD Opteron(tm) Processor 4122
stepping	: 0
microcode	: 0x10000c5
cpu MHz		: 2200.000
cache size	: 512 KB
physical id	: 0
siblings	: 4
core id		: 3
cpu cores	: 4
apicid		: 11
initial apicid	: 3
fpu		: yes
fpu_exception	: yes
cpuid level	: 5
wp		: yes
flags		: fpu vme de pse tsc msr pae mce cx8 apic sep mtrr pge mca cmov pat pse36 clflush mmx fxsr sse sse2 ht syscall nx mmxext fxsr_opt pdpe1gb rdtscp lm 3dnowext 3dnow constant_tsc rep_good nopl nonstop_tsc extd_apicid pni monitor cx16 popcnt lahf_lm cmp_legacy svm extapic cr8_legacy abm sse4a misalignsse 3dnowprefetch osvw ibs skinit wdt nodeid_msr hw_pstate rsb_ctxsw retpoline retpoline_amd npt lbrv svm_lock nrip_save pausefilter vmmcall
bugs		: tlb_mmatch fxsave_leak sysret_ss_attrs spectre_v1 spectre_v2
bogomips	: 4389.26
TLB size	: 1024 4K pages
clflush size	: 64
cache_alignment	: 64
address sizes	: 48 bits physical, 48 bits virtual
power management: ts ttp tm stc 100mhzsteps hwpstate

processor	: 4
vendor_id	: AuthenticAMD
cpu family	: 16
model		: 8
model name	: AMD Opteron(tm) Processor 4122
stepping	: 0
microcode	: 0x10000c5
cpu MHz		: 2200.000
cache size	: 512 KB
physical id	: 1
siblings	: 4
core id		: 0
cpu cores	: 4
apicid		: 16
initial apicid	: 8
fpu		: yes
fpu_exception	: yes
cpuid level	: 5
wp		: yes
flags		: fpu vme de pse tsc msr pae mce cx8 apic sep mtrr pge mca cmov pat pse36 clflush mmx fxsr sse sse2 ht syscall nx mmxext fxsr_opt pdpe1gb rdtscp lm 3dnowext 3dnow constant_tsc rep_good nopl nonstop_tsc extd_apicid pni monitor cx16 popcnt lahf_lm cmp_legacy svm extapic cr8_legacy abm sse4a misalignsse 3dnowprefetch osvw ibs skinit wdt nodeid_msr hw_pstate rsb_ctxsw retpoline retpoline_amd npt lbrv svm_lock nrip_save pausefilter vmmcall
bugs		: tlb_mmatch fxsave_leak sysret_ss_attrs spectre_v1 spectre_v2
bogomips	: 4388.99
TLB size	: 1024 4K pages
clflush size	: 64
cache_alignment	: 64
address sizes	: 48 bits physical, 48 bits virtual
power management: ts ttp tm stc 100mhzsteps hwpstate

processor	: 5
vendor_id	: AuthenticAMD
cpu family	: 16
model		: 8
model name	: AMD Opteron(tm) Processor 4122
stepping	: 0
microcode	: 0x10000c5
cpu MHz		: 2200.000
cache size	: 512 KB
physical id	: 1
siblings	: 4
core id		: 1
cpu cores	: 4
apicid		: 17
initial apicid	: 9
fpu		: yes
fpu_exception	: yes
cpuid level	: 5
wp		: yes
flags		: fpu vme de pse tsc msr pae mce cx8 apic sep mtrr pge mca cmov pat pse36 clflush mmx fxsr sse sse2 ht syscall nx mmxext fxsr_opt pdpe1gb rdtscp lm 3dnowext 3dnow constant_tsc rep_good nopl nonstop_tsc extd_apicid pni monitor cx16 popcnt lahf_lm cmp_legacy svm extapic cr8_legacy abm sse4a misalignsse 3dnowprefetch osvw ibs skinit wdt nodeid_msr hw_pstate rsb_ctxsw retpoline retpoline_amd npt lbrv svm_lock nrip_save pausefilter vmmcall
bugs		: tlb_mmatch fxsave_leak sysret_ss_attrs spectre_v1 spectre_v2
bogomips	: 4388.99
TLB size	: 1024 4K pages
clflush size	: 64
cache_alignment	: 64
address sizes	: 48 bits physical, 48 bits virtual
power management: ts ttp tm stc 100mhzsteps hwpstate

processor	: 6
vendor_id	: AuthenticAMD
cpu family	: 16
model		: 8
model name	: AMD Opteron(tm) Processor 4122
stepping	: 0
microcode	: 0x10000c5
cpu MHz		: 2200.000
cache size	: 512 KB
physical id	: 1
siblings	: 4
core id		: 2
cpu cores	: 4
apicid		: 18
initial apicid	: 10
fpu		: yes
fpu_exception	: yes
cpuid level	: 5
wp		: yes
flags		: fpu vme de pse tsc msr pae mce cx8 apic sep mtrr pge mca cmov pat pse36 clflush mmx fxsr sse sse2 ht syscall nx mmxext fxsr_opt pdpe1gb rdtscp lm 3dnowext 3dnow constant_tsc rep_good nopl nonstop_tsc extd_apicid pni monitor cx16 popcnt lahf_lm cmp_legacy svm extapic cr8_legacy abm sse4a misalignsse 3dnowprefetch osvw ibs skinit wdt nodeid_msr hw_pstate rsb_ctxsw retpoline retpoline_amd npt lbrv svm_lock nrip_save pausefilter vmmcall
bugs		: tlb_mmatch fxsave_leak sysret_ss_attrs spectre_v1 spectre_v2
bogomips	: 4388.99
TLB size	: 1024 4K pages
clflush size	: 64
cache_alignment	: 64
address sizes	: 48 bits physical, 48 bits virtual
power management: ts ttp tm stc 100mhzsteps hwpstate

processor	: 7
vendor_id	: AuthenticAMD
cpu family	: 16
model		: 8
model name	: AMD Opteron(tm) Processor 4122
stepping	: 0
microcode	: 0x10000c5
cpu MHz		: 2200.000
cache size	: 512 KB
physical id	: 1
siblings	: 4
core id		: 3
cpu cores	: 4
apicid		: 19
initial apicid	: 11
fpu		: yes
fpu_exception	: yes
cpuid level	: 5
wp		: yes
flags		: fpu vme de pse tsc msr pae mce cx8 apic sep mtrr pge mca cmov pat pse36 clflush mmx fxsr sse sse2 ht syscall nx mmxext fxsr_opt pdpe1gb rdtscp lm 3dnowext 3dnow constant_tsc rep_good nopl nonstop_tsc extd_apicid pni monitor cx16 popcnt lahf_lm cmp_legacy svm extapic cr8_legacy abm sse4a misalignsse 3dnowprefetch osvw ibs skinit wdt nodeid_msr hw_pstate rsb_ctxsw retpoline retpoline_amd npt lbrv svm_lock nrip_save pausefilter vmmcall
bugs		: tlb_mmatch fxsave_leak sysret_ss_attrs spectre_v1 spectre_v2
bogomips	: 4388.99
TLB size	: 1024 4K pages
clflush size	: 64
cache_alignment	: 64
address sizes	: 48 bits physical, 48 bits virtual
power management: ts ttp tm stc 100mhzsteps hwpstate



Memory: 4k page, physical 32932580k(2754848k free), swap 3117180k(1877856k free)

vm_info: OpenJDK 64-Bit Server VM (24.151-b01) for linux-amd64 JRE (1.7.0_151-b01), built on Aug 15 2017 05:35:24 by "buildd" with gcc 4.8.4

time: Fri Jun 15 00:37:33 2018
elapsed time: 0 seconds

