#
# There is insufficient memory for the Java Runtime Environment to continue.
# pthread_getattr_np
# Possible reasons:
#   The system is out of physical RAM or swap space
#   In 32 bit mode, the process size limit was hit
# Possible solutions:
#   Reduce memory load on the system
#   Increase physical memory or swap space
#   Check if swap backing store is full
#   Use 64 bit Java on a 64 bit OS
#   Decrease Java heap size (-Xmx/-Xms)
#   Decrease number of Java threads
#   Decrease Java thread stack sizes (-Xss)
#   Set larger code cache with -XX:ReservedCodeCacheSize=
# This output file may be truncated or incomplete.
#
#  Out of Memory Error (os_linux_x86.cpp:718), pid=22502, tid=140338309039872
#
# JRE version:  (7.0_151-b01) (build )
# Java VM: OpenJDK 64-Bit Server VM (24.151-b01 mixed mode linux-amd64 compressed oops)
# Derivative: IcedTea 2.6.11
# Distribution: Ubuntu 14.04 LTS, package 7u151-2.6.11-0ubuntu1.14.04.1
# Failed to write core dump. Core dumps have been disabled. To enable core dumping, try "ulimit -c unlimited" before starting Java again
#

---------------  T H R E A D  ---------------

Current thread (0x00007fa31c1cb800):  JavaThread "Reference Handler" daemon [_thread_new, id=22513, stack(0x0000000000000000,0x0000000000000000)]

Stack: [0x0000000000000000,0x0000000000000000],  sp=0x00007fa30f0efae0,  free space=137049129918k
Native frames: (J=compiled Java code, j=interpreted, Vv=VM code, C=native code)
V  [libjvm.so+0x962b45]
V  [libjvm.so+0x49a474]
V  [libjvm.so+0x7e21ea]
V  [libjvm.so+0x7e223d]
V  [libjvm.so+0x90f619]
V  [libjvm.so+0x91568c]
V  [libjvm.so+0x7d75c2]


---------------  P R O C E S S  ---------------

Java Threads: ( => current thread )
=>0x00007fa31c1cb800 JavaThread "Reference Handler" daemon [_thread_new, id=22513, stack(0x0000000000000000,0x0000000000000000)]
  0x00007fa31c00a000 JavaThread "main" [_thread_in_vm, id=22503, stack(0x00007fa3226ea000,0x00007fa3227eb000)]

Other Threads:
  0x00007fa31c1c5800 VMThread [stack: 0x00007fa30f0f1000,0x00007fa30f1f2000] [id=22512]

VM state:not at safepoint (normal execution)

VM Mutex/Monitor currently owned by a thread: None

Heap
 PSYoungGen      total 150528K, used 2590K [0x00000000eb280000, 0x00000000f5a00000, 0x0000000100000000)
  eden space 129536K, 2% used [0x00000000eb280000,0x00000000eb507b38,0x00000000f3100000)
  from space 20992K, 0% used [0x00000000f4580000,0x00000000f4580000,0x00000000f5a00000)
  to   space 20992K, 0% used [0x00000000f3100000,0x00000000f3100000,0x00000000f4580000)
 ParOldGen       total 343040K, used 0K [0x00000000c1800000, 0x00000000d6700000, 0x00000000eb280000)
  object space 343040K, 0% used [0x00000000c1800000,0x00000000c1800000,0x00000000d6700000)
 PSPermGen       total 21504K, used 936K [0x00000000b7200000, 0x00000000b8700000, 0x00000000c1800000)
  object space 21504K, 4% used [0x00000000b7200000,0x00000000b72ea0f0,0x00000000b8700000)

Card table byte_map: [0x00007fa317f35000,0x00007fa31817d000] byte_map_base: 0x00007fa31797c000

Polling page: 0x00007fa322800000

Code Cache  [0x00007fa31817d000, 0x00007fa3183ed000, 0x00007fa31b17d000)
 total_blobs=63 nmethods=0 adapters=41 free_code_cache=48824Kb largest_free_block=49995840

Compilation events (0 events):
No events

GC Heap History (0 events):
No events

Deoptimization events (0 events):
No events

Internal exceptions (0 events):
No events

Events (10 events):
Event: 0.074 loading class 0x00007fa314fc8900 done
Event: 0.074 loading class 0x00007fa314fd81d0
Event: 0.074 loading class 0x00007fa314fd81d0 done
Event: 0.074 loading class 0x00007fa314fd4370
Event: 0.075 loading class 0x00007fa314fd4370 done
Event: 0.075 loading class 0x00007fa314fdcec0
Event: 0.075 loading class 0x00007fa314fdcec0 done
Event: 0.075 loading class 0x00007fa314fdcef0
Event: 0.075 loading class 0x00007fa314fdcef0 done
Event: 0.075 Thread 0x00007fa31c1cb800 Thread added: 0x00007fa31c1cb800


Dynamic libraries:
00400000-00401000 r-xp 00000000 08:01 1050720                            /usr/lib/jvm/java-7-openjdk-amd64/jre/bin/java
00600000-00601000 r--p 00000000 08:01 1050720                            /usr/lib/jvm/java-7-openjdk-amd64/jre/bin/java
00601000-00602000 rw-p 00001000 08:01 1050720                            /usr/lib/jvm/java-7-openjdk-amd64/jre/bin/java
01699000-016ba000 rw-p 00000000 00:00 0                                  [heap]
b7200000-b8700000 rw-p 00000000 00:00 0 
b8700000-c1800000 rw-p 00000000 00:00 0 
c1800000-d6700000 rw-p 00000000 00:00 0 
d6700000-eb280000 rw-p 00000000 00:00 0 
eb280000-f5a00000 rw-p 00000000 00:00 0 
f5a00000-100000000 rw-p 00000000 00:00 0 
7fa2e0000000-7fa2e0021000 rw-p 00000000 00:00 0 
7fa2e0021000-7fa2e4000000 ---p 00000000 00:00 0 
7fa2e4000000-7fa2e4021000 rw-p 00000000 00:00 0 
7fa2e4021000-7fa2e8000000 ---p 00000000 00:00 0 
7fa2e8000000-7fa2e8021000 rw-p 00000000 00:00 0 
7fa2e8021000-7fa2ec000000 ---p 00000000 00:00 0 
7fa2f0000000-7fa2f0021000 rw-p 00000000 00:00 0 
7fa2f0021000-7fa2f4000000 ---p 00000000 00:00 0 
7fa2f8000000-7fa2f8021000 rw-p 00000000 00:00 0 
7fa2f8021000-7fa2fc000000 ---p 00000000 00:00 0 
7fa300000000-7fa300021000 rw-p 00000000 00:00 0 
7fa300021000-7fa304000000 ---p 00000000 00:00 0 
7fa304000000-7fa304021000 rw-p 00000000 00:00 0 
7fa304021000-7fa308000000 ---p 00000000 00:00 0 
7fa308000000-7fa308021000 rw-p 00000000 00:00 0 
7fa308021000-7fa30c000000 ---p 00000000 00:00 0 
7fa30eeef000-7fa30f0f1000 rw-p 00000000 00:00 0 
7fa30f0f1000-7fa30f0f2000 ---p 00000000 00:00 0 
7fa30f0f2000-7fa310000000 rw-p 00000000 00:00 0 
7fa310000000-7fa310021000 rw-p 00000000 00:00 0 
7fa310021000-7fa314000000 ---p 00000000 00:00 0 
7fa314045000-7fa314d9c000 rw-p 00000000 00:00 0 
7fa314d9c000-7fa314f52000 r--s 01d63000 08:01 1183675                    /usr/lib/jvm/java-7-openjdk-amd64/jre/lib/rt.jar
7fa314f52000-7fa3176da000 rw-p 00000000 00:00 0 
7fa3176da000-7fa3176db000 ---p 00000000 00:00 0 
7fa3176db000-7fa3177db000 rw-p 00000000 00:00 0 
7fa3177db000-7fa3177dc000 ---p 00000000 00:00 0 
7fa3177dc000-7fa3178dc000 rw-p 00000000 00:00 0 
7fa3178dc000-7fa3178dd000 ---p 00000000 00:00 0 
7fa3178dd000-7fa3179dd000 rw-p 00000000 00:00 0 
7fa3179dd000-7fa3179de000 ---p 00000000 00:00 0 
7fa3179de000-7fa317ade000 rw-p 00000000 00:00 0 
7fa317ade000-7fa317adf000 ---p 00000000 00:00 0 
7fa317adf000-7fa317bdf000 rw-p 00000000 00:00 0 
7fa317bdf000-7fa317be0000 ---p 00000000 00:00 0 
7fa317be0000-7fa317ce0000 rw-p 00000000 00:00 0 
7fa317ce0000-7fa317ce1000 ---p 00000000 00:00 0 
7fa317ce1000-7fa317de1000 rw-p 00000000 00:00 0 
7fa317de1000-7fa317de2000 ---p 00000000 00:00 0 
7fa317de2000-7fa317eed000 rw-p 00000000 00:00 0 
7fa317eed000-7fa317f35000 rw-p 00000000 00:00 0 
7fa317f35000-7fa317f40000 rw-p 00000000 00:00 0 
7fa317f40000-7fa317f88000 rw-p 00000000 00:00 0 
7fa317f88000-7fa318030000 rw-p 00000000 00:00