#
# There is insufficient memory for the Java Runtime Environment to continue.
# pthread_getattr_np
# Possible reasons:
#   The system is out of physical RAM or swap space
#   In 32 bit mode, the process size limit was hit
# Possible solutions:
#   Reduce memory load on the system
#   Increase physical memory or swap space
#   Check if swap backing store is full
#   Use 64 bit Java on a 64 bit OS
#   Decrease Java heap size (-Xmx/-Xms)
#   Decrease number of Java threads
#   Decrease Java thread stack sizes (-Xss)
#   Set larger code cache with -XX:ReservedCodeCacheSize=
# This output file may be truncated or incomplete.
#
#  Out of Memory Error (os_linux_x86.cpp:718), pid=22536, tid=139940037867264
#
# JRE version:  (7.0_151-b01) (build )
# Java VM: OpenJDK 64-Bit Server VM (24.151-b01 mixed mode linux-amd64 compressed oops)
# Derivative: IcedTea 2.6.11
# Distribution: Ubuntu 14.04 LTS, package 7u151-2.6.11-0ubuntu1.14.04.1
# Failed to write core dump. Core dumps have been disabled. To enable core dumping, try "ulimit -c unlimited" before starting Java again
#

---------------  T H R E A D  ---------------

Current thread (0x00007f46581cb800):  JavaThread "Reference Handler" daemon [_thread_new, id=22547, stack(0x0000000000000000,0x0000000000000000)]

Stack: [0x0000000000000000,0x0000000000000000],  sp=0x00007f46543f2ae0,  free space=136660193226k
Native frames: (J=compiled Java code, j=interpreted, Vv=VM code, C=native code)
V  [libjvm.so+0x962b45]
V  [libjvm.so+0x49a474]
V  [libjvm.so+0x7e21ea]
V  [libjvm.so+0x7e223d]
V  [libjvm.so+0x90f619]
V  [libjvm.so+0x91568c]
V  [libjvm.so+0x7d75c2]


---------------  P R O C E S S  ---------------

Java Threads: ( => current thread )
=>0x00007f46581cb800 JavaThread "Reference Handler" daemon [_thread_new, id=22547, stack(0x0000000000000000,0x0000000000000000)]
  0x00007f465800a000 JavaThread "main" [_thread_in_vm, id=22537, stack(0x00007f46615b2000,0x00007f46616b3000)]

Other Threads:
  0x00007f46581c5800 VMThread [stack: 0x00007f46543f4000,0x00007f46544f5000] [id=22546]

VM state:not at safepoint (normal execution)

VM Mutex/Monitor currently owned by a thread:  ([mutex/lock_event])
[0x00007f4658006530] Threads_lock - owner thread: 0x00007f465800a000

Heap
 PSYoungGen      total 150528K, used 2590K [0x00000000eb280000, 0x00000000f5a00000, 0x0000000100000000)
  eden space 129536K, 2% used [0x00000000eb280000,0x00000000eb507b38,0x00000000f3100000)
  from space 20992K, 0% used [0x00000000f4580000,0x00000000f4580000,0x00000000f5a00000)
  to   space 20992K, 0% used [0x00000000f3100000,0x00000000f3100000,0x00000000f4580000)
 ParOldGen       total 343040K, used 0K [0x00000000c1800000, 0x00000000d6700000, 0x00000000eb280000)
  object space 343040K, 0% used [0x00000000c1800000,0x00000000c1800000,0x00000000d6700000)
 PSPermGen       total 21504K, used 938K [0x00000000b7200000, 0x00000000b8700000, 0x00000000c1800000)
  object space 21504K, 4% used [0x00000000b7200000,0x00000000b72eaa88,0x00000000b8700000)

Card table byte_map: [0x00007f465df82000,0x00007f465e1ca000] byte_map_base: 0x00007f465d9c9000

Polling page: 0x00007f46616c8000

Code Cache  [0x00007f4655000000, 0x00007f4655270000, 0x00007f4658000000)
 total_blobs=63 nmethods=0 adapters=41 free_code_cache=48824Kb largest_free_block=49995840

Compilation events (0 events):
No events

GC Heap History (0 events):
No events

Deoptimization events (0 events):
No events

Internal exceptions (0 events):
No events

Events (10 events):
Event: 0.031 loading class 0x00007f465d3471d0
Event: 0.031 loading class 0x00007f465d3471d0 done
Event: 0.031 loading class 0x00007f465d343370
Event: 0.032 loading class 0x00007f465d343370 done
Event: 0.032 loading class 0x00007f465d34bec0
Event: 0.032 loading class 0x00007f465d34bec0 done
Event: 0.032 loading class 0x00007f465d34bef0
Event: 0.032 loading class 0x00007f465d34bef0 done
Event: 0.032 Thread 0x00007f46581cb800 Thread added: 0x00007f46581cb800
Event: 0.032 loading class 0x00007f465d34bf80


Dynamic libraries:
00400000-00401000 r-xp 00000000 08:01 1050720                            /usr/lib/jvm/java-7-openjdk-amd64/jre/bin/java
00600000-00601000 r--p 00000000 08:01 1050720                            /usr/lib/jvm/java-7-openjdk-amd64/jre/bin/java
00601000-00602000 rw-p 00001000 08:01 1050720                            /usr/lib/jvm/java-7-openjdk-amd64/jre/bin/java
00a86000-00aa7000 rw-p 00000000 00:00 0                                  [heap]
b7200000-b8700000 rw-p 00000000 00:00 0 
b8700000-c1800000 rw-p 00000000 00:00 0 
c1800000-d6700000 rw-p 00000000 00:00 0 
d6700000-eb280000 rw-p 00000000 00:00 0 
eb280000-f5a00000 rw-p 00000000 00:00 0 
f5a00000-100000000 rw-p 00000000 00:00 0 
7f4628000000-7f4628021000 rw-p 00000000 00:00 0 
7f4628021000-7f462c000000 ---p 00000000 00:00 0 
7f462c000000-7f462c021000 rw-p 00000000 00:00 0 
7f462c021000-7f4630000000 ---p 00000000 00:00 0 
7f4630000000-7f4630021000 rw-p 00000000 00:00 0 
7f4630021000-7f4634000000 ---p 00000000 00:00 0 
7f4634000000-7f4634021000 rw-p 00000000 00:00 0 
7f4634021000-7f4638000000 ---p 00000000 00:00 0 
7f4638000000-7f4638021000 rw-p 00000000 00:00 0 
7f4638021000-7f463c000000 ---p 00000000 00:00 0 
7f463c000000-7f463c021000 rw-p 00000000 00:00 0 
7f463c021000-7f4640000000 ---p 00000000 00:00 0 
7f4640000000-7f4640021000 rw-p 00000000 00:00 0 
7f4640021000-7f4644000000 ---p 00000000 00:00 0 
7f4648000000-7f4648021000 rw-p 00000000 00:00 0 
7f4648021000-7f464c000000 ---p 00000000 00:00 0 
7f464db90000-7f4650000000 rw-p 00000000 00:00 0 
7f4650000000-7f4650021000 rw-p 00000000 00:00 0 
7f4650021000-7f4654000000 ---p 00000000 00:00 0 
7f46541f2000-7f46543f4000 rw-p 00000000 00:00 0 
7f46543f4000-7f46543f5000 ---p 00000000 00:00 0 
7f46543f5000-7f4655000000 rw-p 00000000 00:00 0 
7f4655000000-7f4655270000 rwxp 00000000 00:00 0 
7f4655270000-7f46581d8000 rw-p 00000000 00:00 0 
7f46581d8000-7f465c000000 ---p 00000000 00:00 0 
7f465c0b1000-7f465d10b000 rw-p 00000000 00:00 0 
7f465d10b000-7f465d2c1000 r--s 01d63000 08:01 1183675                    /usr/lib/jvm/java-7-openjdk-amd64/jre/lib/rt.jar
7f465d2c1000-7f465d5d9000 rw-p 00000000 00:00 0 
7f465d5d9000-7f465d5da000 ---p 00000000 00:00 0 
7f465d5da000-7f465d6da000 rw-p 00000000 00:00 0 
7f465d6da000-7f465d6db000 ---p 00000000 00:00 0 
7f465d6db000-7f465d7db000 rw-p 00000000 00:00 0 
7f465d7db000-7f465d7dc000 ---p 00000000 00:00 0 
7f465d7dc000-7f465d8dc000 rw-p 00000000 00:00 0 
7f465d8dc000-7f465d8dd000 ---p 00000000 00:00 0 
7f465d8dd000-7f465d9dd000 rw-p 00000000 00:00 0 
7f465d9dd000-7f465d9de000 ---p 00000000 00:00 0 
7f465d9de000-7f465dade000 rw-p 00000000 00:00 0 
7f465dade000-7f465dadf000 ---p 00000000 00:00 0 
7f465dadf000-7f465dbdf000 rw-p 00000000 00:00 0 
7f465dbdf000-7f465dbe0000 ---p 00000000 00:00 0 
7f465dbe0000-7f465dce0000 rw-p 00000000 00:00 0 
7f465dce0000-7f465dce1000 ---p 00000000 00:00 0 
7f465dce1000-7f465ddec000 rw-p 00000000 00:00 0 
7f465ddec000-7f465de34000 rw-p 00000000 00:00 0 
7f465de34000-7f465dedc000 rw-p 00000000 00:00 0 
7f465dedc000-7f465df82000 rw-p 00000000 00:00 0 
7f465df82000-7f465df8d000 rw-p 00000000 00:00 0 
7f465df8d000-7f465dfd5000 rw-p 00000000 00:00 0 
7f465dfd5000-7f465e07d000 rw-p 00000000 00:00 0 
7f465e07d000-7f465e122000 rw-p 00000000 00:00 0 
7f465e122000-7f465e176000 rw-p 00000000 00:00 0 
7f465e176000-7f465e1c9000 rw-p 00000000 00:00 0 
7f465e1c9000-7f465e1ca000 rw-p 00000000 00:00 0 
7f465e1ca000-7f465e1d2000 r-xp 00000000 08:01 1183742                    /usr/lib/jvm/java-7-openjdk-amd64/jre/lib/amd64/libzip.so
7f465e1d2000-7f465e3d1000 ---p 00008000 08:01 1183742                    /usr/lib/jvm/java-7-openjdk-amd64/jre/lib/amd64/libzip.so
7f465e3d1000-7f465e3d2000 r--p 00007000 08:01 1183742                    /usr/lib/jvm/java-7-openjdk-amd64/jre/lib/amd64/libzip.so
7f465e3d2000-7f465e3d3000 rw-p 00008000 08:01 1183742                    /usr/lib/jvm/java-7-openjdk-amd64/jre/lib/amd64/libzip.so
7f465e3d3000-7f465e3dd000 r-xp 00000000 08:01 261637                     /lib/x86_64-linux-gnu/libnss_files-2.19.so
7f465e3dd000-7f465e5dc000 ---p 0000a000 08:01 261637                     /lib/x86_64-linux-gnu/libnss_files-2.19.so
7f465e5dc000-7f465e5dd000 r--p 00009000 08:01 261637                     /lib/x86_64-linux-gnu/libnss_files-2.19.so
7f465e5dd000-7f465e5de000 rw-p 0000a000 08:01 261637                     /lib/x86_64-linux-gnu/libnss_files-2.19.so
7f465e5de000-7f465e5e9000 r-xp 00000000 08:01 261652                     /lib/x86_64-linux-gnu/libnss_nis-2.19.so
7f465e5e9000-7f465e7e8000 ---p 0000b000 08:01 261652                     /lib/x86_64-linux-gnu/libnss_nis-2.19.so
7f465e7e8000-7f465e7e9000 r--p 0000a000 08:01 261652                     /lib/x86_64-linux-gnu/libnss_nis-2.19.so
7f465e7e9000-7f465e7ea000 rw-p 0000b000 08:01 261652                     /lib/x86_64-linux-gnu/libnss_nis-2.19.so
7f465e7ea000-7f465e801000 r-xp 00000000 08:01 261633                     /lib/x86_64-linux-gnu/libnsl-2.19.so
7f465e801000-7f465ea00000 ---p 00017000 08:01 261633                     /lib/x86_64-linux-gnu/libnsl-2.19.so
7f465ea00000-7f465ea01000 r--p 00016000 08:01 261633                     /lib/x86_64-linux-gnu/libnsl-2.19.so
7f465ea01000-7f465ea02000 rw-p 00017000 08:01 261633                     /lib/x86_64-linux-gnu/libnsl-2.19.so
7f465ea02000-7f465ea04000 rw-p 00000000 00:00 0 
7f465ea04000-7f465ea0d000 r-xp 00000000 08:01 261650                     /lib/x86_64-linux-gnu/libnss_compat-2.19.so
7f465ea0d000-7f465ec0c000 ---p 00009000 08:01 261650                     /lib/x86_64-linux-gnu/libnss_compat-2.19.so
7f465ec0c000-7f465ec0d000 r--p 00008000 08:01 261650                     /lib/x86_64-linux-gnu/libnss_compat-2.19.so
7f465ec0d000-7f465ec0e000 rw-p 00009000 08:01 261650                     /lib/x86_64-linux-gnu/libnss_compat-2.19.so
7f465ec0e000-7f465ec38000 r-xp 00000000 08:01 1183726                    /usr/lib/jvm/java-7-openjdk-amd64/jre/lib/amd64/libjava.so
7f465ec38000-7f465ee38000 ---p 0002a000 08:01 1183726                    /usr/lib/jvm/java-7-openjdk-amd64/jre/lib/amd64/libjava.so
7f465ee38000-7f465ee39000 r--p 0002a000 08:01 1183726                    /usr/lib/jvm/java-7-openjdk-amd64/jre/lib/amd64/libjava.so
7f465ee39000-7f465ee3b000 rw-p 0002b000 08:01 1183726                    /usr/lib/jvm/java-7-openjdk-amd64/jre/lib/amd64/libjava.so
7f465ee3b000-7f465ee4b000 r-xp 00000000 08:01 1183719                    /usr/lib/jvm/java-7-openjdk-amd64/jre/lib/amd64/libverify.so
7f465ee4b000-7f465f04a000 ---p 00010000 08:01 1183719                    /usr/lib/jvm/java-7-openjdk-amd64/jre/lib/amd64/libverify.so
7f465f04a000-7f465f04c000 r--p 0000f000 08:01 1183719                    /usr/lib/jvm/java-7-openjdk-amd64/jre/lib/amd64/libverify.so
7f465f04c000-7f465f04d000 rw-p 00011000 08:01 1183719                    /usr/lib/jvm/java-7-openjdk-amd64/jre/lib/amd64/libverify.so
7f465f04d000-7f465f054000 r-xp 00000000 08:01 261645                     /lib/x86_64-linux-gnu/librt-2.19.so
7f465f054000-7f465f253000 ---p 00007000 08:01 261645                     /lib/x86_64-linux-gnu/librt-2.19.so
7f465f253000-7f465f254000 r--p 00006000 08:01 261645                     /lib/x86_64-linux-gnu/librt-2.19.so
7f465f254000-7f465f255000 rw-p 00007000 08:01 261645                     /lib/x86_64-linux-gnu/librt-2.19.so
7f465f255000-7f465f26b000 r-xp 00000000 08:01 261139                     /lib/x86_64-linux-gnu/libgcc_s.so.1
7f465f26b000-7f465f46a000 ---p 00016000 08:01 261139                     /lib/x86_64-linux-gnu/libgcc_s.so.1
7f465f46a000-7f465f46b000 rw-p 00015000 08:01 261139                     /lib/x86_64-linux-gnu/libgcc_s.so.1
7f465f46b000-7f465f570000 r-xp 00000000 08:01 261639                     /lib/x86_64-linux-gnu/libm-2.19.so
7f465f570000-7f465f76f000 ---p 00105000 08:01 261639                     /lib/x86_64-linux-gnu/libm-2.19.so
7f465f76f000-7f465f770000 r--p 00104000 08:01 261639                     /lib/x86_64-linux-gnu/libm-2.19.so
7f465f770000-7f465f771000 rw-p 00105000 08:01 261639                     /lib/x86_64-linux-gnu/libm-2.19.so
7f465f771000-7f465f857000 r-xp 00000000 08:01 915397                     /usr/lib/x86_64-linux-gnu/libstdc++.so.6.0.19
7f465f857000-7f465fa56000 ---p 000e6000 08:01 915397                     /usr/lib/x86_64-linux-gnu/libstdc++.so.6.0.19
7f465fa56000-7f465fa5e000 r--p 000e5000 08:01 915397                     /usr/lib/x86_64-linux-gnu/libstdc++.so.6.0.19
7f465fa5e000-7f465fa60000 rw-p 000ed000 08:01 915397                     /usr/lib/x86_64-linux-gnu/libstdc++.so.6.0.19
7f465fa60000-7f465fa75000 rw-p 00000000 00:00 0 
7f465fa75000-7f46605a9000 r-xp 00000000 08:01 1183731                    /usr/lib/jvm/java-7-openjdk-amd64/jre/lib/amd64/server/libjvm.so
7f46605a9000-7f46607a9000 ---p 00b34000 08:01 1183731                    /usr/lib/jvm/java-7-openjdk-amd64/jre/lib/amd64/server/libjvm.so
7f46607a9000-7f4660844000 r--p 00b34000 08:01 1183731                    /usr/lib/jvm/java-7-openjdk-amd64/jre/lib/amd64/server/libjvm.so
7f4660844000-7f4660867000 rw-p 00bcf000 08:01 1183731                    /usr/lib/jvm/java-7-openjdk-amd64/jre/lib/amd64/server/libjvm.so
7f4660867000-7f4660897000 rw-p 00000000 00:00 0 
7f4660897000-7f46608af000 r-xp 00000000 08:01 261367                     /lib/x86_64-linux-gnu/libz.so.1.2.8
7f46608af000-7f4660aae000 ---p 00018000 08:01 261367                     /lib/x86_64-linux-gnu/libz.so.1.2.8
7f4660aae000-7f4660aaf000 r--p 00017000 08:01 261367                     /lib/x86_64-linux-gnu/libz.so.1.2.8
7f4660aaf000-7f4660ab0000 rw-p 00018000 08:01 261367                     /lib/x86_64-linux-gnu/libz.so.1.2.8
7f4660ab0000-7f4660ac9000 r-xp 00000000 08:01 261641                     /lib/x86_64-linux-gnu/libpthread-2.19.so
7f4660ac9000-7f4660cc8000 ---p 00019000 08:01 261641                     /lib/x86_64-linux-gnu/libpthread-2.19.so
7f4660cc8000-7f4660cc9000 r--p 00018000 08:01 261641                     /lib/x86_64-linux-gnu/libpthread-2.19.so
7f4660cc9000-7f4660cca000 rw-p 00019000 08:01 261641                     /lib/x86_64-linux-gnu/libpthread-2.19.so
7f4660cca000-7f4660cce000 rw-p 00000000 00:00 0 
7f4660cce000-7f4660cd1000 r-xp 00000000 08:01 261644                     /lib/x86_64-linux-gnu/libdl-2.19.so
7f4660cd1000-7f4660ed0000 ---p 00003000 08:01 261644                     /lib/x86_64-linux-gnu/libdl-2.19.so
7f4660ed0000-7f4660ed1000 r--p 00002000 08:01 261644                     /lib/x86_64-linux-gnu/libdl-2.19.so
7f4660ed1000-7f4660ed2000 rw-p 00003000 08:01 261644                     /lib/x86_64-linux-gnu/libdl-2.19.so
7f4660ed2000-7f4661090000 r-xp 00000000 08:01 261640                     /lib/x86_64-linux-gnu/libc-2.19.so
7f4661090000-7f4661290000 ---p 001be000 08:01 261640                     /lib/x86_64-linux-gnu/libc-2.19.so
7f4661290000-7f4661294000 r--p 001be000 08:01 261640                     /lib/x86_64-linux-gnu/libc-2.19.so
7f4661294000-7f4661296000 rw-p 001c2000 08:01 261640                     /lib/x86_64-linux-gnu/libc-2.19.so
7f4661296000-7f466129b000 rw-p 00000000 00:00 0 
7f466129b000-7f46612a8000 r-xp 00000000 08:01 1183709                    /usr/lib/jvm/java-7-openjdk-amd64/jre/lib/amd64/jli/libjli.so
7f46612a8000-7f46614a7000 ---p 0000d000 08:01 1183709                    /usr/lib/jvm/java-7-openjdk-amd64/jre/lib/amd64/jli/libjli.so
7f46614a7000-7f46614a8000 r--p 0000c000 08:01 1183709                    /usr/lib/jvm/java-7-openjdk-amd64/jre/lib/amd64/jli/libjli.so
7f46614a8000-7f46614a9000 rw-p 0000d000 08:01 1183709                    /usr/lib/jvm/java-7-openjdk-amd64/jre/lib/amd64/jli/libjli.so
7f46614a9000-7f46614cc000 r-xp 00000000 08:01 261648                     /lib/x86_64-linux-gnu/ld-2.19.so
7f46614db000-7f46614fc000 rw-p 00000000 00:00 0 
7f46614fc000-7f46615b2000 rw-p 00000000 00:00 0 
7f46615b2000-7f46615b5000 ---p 00000000 00:00 0 
7f46615b5000-7f46616b8000 rw-p 00000000 00:00 0 
7f46616bf000-7f46616c7000 rw-s 00000000 08:05 23661                      /tmp/hsperfdata_realtalkadmin/22536
7f46616c7000-7f46616c8000 rw-p 00000000 00:00 0 
7f46616c8000-7f46616c9000 r--p 00000000 00:00 0 
7f46616c9000-7f46616cb000 rw-p 00000000 00:00 0 
7f46616cb000-7f46616cc000 r--p 00022000 08:01 261648                     /lib/x86_64-linux-gnu/ld-2.19.so
7f46616cc000-7f46616cd000 rw-p 00023000 08:01 261648                     /lib/x86_64-linux-gnu/ld-2.19.so
7f46616cd000-7f46616ce000 rw-p 00000000 00:00 0 
7ffcb1991000-7ffcb19b2000 rw-p 00000000 00:00 0                          [stack]
7ffcb19ca000-7ffcb19cd000 r--p 00000000 00:00 0                          [vvar]
7ffcb19cd000-7ffcb19cf000 r-xp 00000000 00:00 0                          [vdso]
ffffffffff600000-ffffffffff601000 r-xp 00000000 00:00 0                  [vsyscall]

VM Arguments:
java_command: /home/realtalkadmin/realtalk.news/wp-content/plugins/fast-velocity-minify/libs/jar/yuicompressor-2.4.8.jar --preserve-semi --nomunge /home/realtalkadmin/realtalk.news/wp-content/uploads/fvm/tmp/ba8fe7c6.js -o /home/realtalkadmin/realtalk.news/wp-content/uploads/fvm/tmp/ba8fe7c6.min.js
Launcher Type: SUN_STANDARD

Environment Variables:
PATH=/usr/local/bin:/usr/bin:/bin

Signal Handlers:
SIGSEGV: [libjvm.so+0x963630], sa_mask[0]=0x7ffbfeff, sa_flags=0x10000004
SIGBUS: [libjvm.so+0x963630], sa_mask[0]=0x7ffbfeff, sa_flags=0x10000004
SIGFPE: [libjvm.so+0x7d5da0], sa_mask[0]=0x7ffbfeff, sa_flags=0x10000004
SIGPIPE: [libjvm.so+0x7d5da0], sa_mask[0]=0x7ffbfeff, sa_flags=0x10000004
SIGXFSZ: [libjvm.so+0x7d5da0], sa_mask[0]=0x7ffbfeff, sa_flags=0x10000004
SIGILL: [libjvm.so+0x7d5da0], sa_mask[0]=0x7ffbfeff, sa_flags=0x10000004
SIGUSR1: SIG_DFL, sa_mask[0]=0x00000000, sa_flags=0x00000000
SIGUSR2: [libjvm.so+0x7d5ed0], sa_mask[0]=0x00000000, sa_flags=0x10000004
SIGHUP: SIG_DFL, sa_mask[0]=0x00000000, sa_flags=0x00000000
SIGINT: SIG_DFL, sa_mask[0]=0x00000000, sa_flags=0x00000000
SIGTERM: SIG_DFL, sa_mask[0]=0x00000000, sa_flags=0x00000000
SIGQUIT: SIG_DFL, sa_mask[0]=0x00000000, sa_flags=0x00000000
SIGTRAP: SIG_DFL, sa_mask[0]=0x00000000, sa_flags=0x00000000


---------------  S Y S T E M  ---------------

OS:Ubuntu 14.04 (trusty)
uname:Linux 4.4.126-0.ksplice-lts-generic #2 SMP Tue Apr 10 12:33:32 UTC 2018 x86_64
libc:glibc 2.19 NPTL 2.19 
rlimit: STACK 8192k, CORE 0k, NPROC 5000, NOFILE 4096, AS 2048000k
load average:2.54 2.41 2.09

/proc/meminfo:
MemTotal:       32932580 kB
MemFree:         2578472 kB
MemAvailable:   21451860 kB
Buffers:          121152 kB
Cached:         10847284 kB
SwapCached:        50696 kB
Active:         12329248 kB
Inactive:        6406120 kB
Active(anon):    7057996 kB
Inactive(anon):  2013356 kB
Active(file):    5271252 kB
Inactive(file):  4392764 kB
Unevictable:       11636 kB
Mlocked:           11636 kB
SwapTotal:       3117180 kB
SwapFree:        1877876 kB
Dirty:              1952 kB
Writeback:             0 kB
AnonPages:       7736976 kB
Mapped:          1378628 kB
Shmem:           1300916 kB
Slab:            9939136 kB
SReclaimable:    9547256 kB
SUnreclaim:       391880 kB
KernelStack:       12336 kB
PageTables:       251008 kB
NFS_Unstable:          0 kB
Bounce:                0 kB
WritebackTmp:          0 kB
CommitLimit:    19583468 kB
Committed_AS:   22259468 kB
VmallocTotal:   34359738367 kB
VmallocUsed:           0 kB
VmallocChunk:          0 kB
HardwareCorrupted:     0 kB
AnonHugePages:         0 kB
CmaTotal:              0 kB
CmaFree:               0 kB
HugePages_Total:       0
HugePages_Free:        0
HugePages_Rsvd:        0
HugePages_Surp:        0
Hugepagesize:       2048 kB
DirectMap4k:       15680 kB
DirectMap2M:     2074624 kB
DirectMap1G:    31457280 kB


CPU:total 8 (initial active 8) (4 cores per cpu, 1 threads per core) family 16 model 8 stepping 0, cmov, cx8, fxsr, mmx, sse, sse2, sse3, popcnt, mmxext, 3dnowpref, lzcnt, sse4a, tsc, tscinvbit, tscinv

/proc/cpuinfo:
processor	: 0
vendor_id	: AuthenticAMD
cpu family	: 16
model		: 8
model name	: AMD Opteron(tm) Processor 4122
stepping	: 0
microcode	: 0x10000c5
cpu MHz		: 2200.000
cache size	: 512 KB
physical id	: 0
siblings	: 4
core id		: 0
cpu cores	: 4
apicid		: 8
initial apicid	: 0
fpu		: yes
fpu_exception	: yes
cpuid level	: 5
wp		: yes
flags		: fpu vme de pse tsc msr pae mce cx8 apic sep mtrr pge mca cmov pat pse36 clflush mmx fxsr sse sse2 ht syscall nx mmxext fxsr_opt pdpe1gb rdtscp lm 3dnowext 3dnow constant_tsc rep_good nopl nonstop_tsc extd_apicid pni monitor cx16 popcnt lahf_lm cmp_legacy svm extapic cr8_legacy abm sse4a misalignsse 3dnowprefetch osvw ibs skinit wdt nodeid_msr hw_pstate rsb_ctxsw retpoline retpoline_amd npt lbrv svm_lock nrip_save pausefilter vmmcall
bugs		: tlb_mmatch fxsave_leak sysret_ss_attrs spectre_v1 spectre_v2
bogomips	: 4389.26
TLB size	: 1024 4K pages
clflush size	: 64
cache_alignment	: 64
address sizes	: 48 bits physical, 48 bits virtual
power management: ts ttp tm stc 100mhzsteps hwpstate

processor	: 1
vendor_id	: AuthenticAMD
cpu family	: 16
model		: 8
model name	: AMD Opteron(tm) Processor 4122
stepping	: 0
microcode	: 0x10000c5
cpu MHz		: 2200.000
cache size	: 512 KB
physical id	: 0
siblings	: 4
core id		: 1
cpu cores	: 4
apicid		: 9
initial apicid	: 1
fpu		: yes
fpu_exception	: yes
cpuid level	: 5
wp		: yes
flags		: fpu vme de pse tsc msr pae mce cx8 apic sep mtrr pge mca cmov pat pse36 clflush mmx fxsr sse sse2 ht syscall nx mmxext fxsr_opt pdpe1gb rdtscp lm 3dnowext 3dnow constant_tsc rep_good nopl nonstop_tsc extd_apicid pni monitor cx16 popcnt lahf_lm cmp_legacy svm extapic cr8_legacy abm sse4a misalignsse 3dnowprefetch osvw ibs skinit wdt nodeid_msr hw_pstate rsb_ctxsw retpoline retpoline_amd npt lbrv svm_lock nrip_save pausefilter vmmcall
bugs		: tlb_mmatch fxsave_leak sysret_ss_attrs spectre_v1 spectre_v2
bogomips	: 4389.26
TLB size	: 1024 4K pages
clflush size	: 64
cache_alignment	: 64
address sizes	: 48 bits physical, 48 bits virtual
power management: ts ttp tm stc 100mhzsteps hwpstate

processor	: 2
vendor_id	: AuthenticAMD
cpu family	: 16
model		: 8
model name	: AMD Opteron(tm) Processor 4122
stepping	: 0
microcode	: 0x10000c5
cpu MHz		: 2200.000
cache size	: 512 KB
physical id	: 0
siblings	: 4
core id		: 2
cpu cores	: 4
apicid		: 10
initial apicid	: 2
fpu		: yes
fpu_exception	: yes
cpuid level	: 5
wp		: yes
flags		: fpu vme de pse tsc msr pae mce cx8 apic sep mtrr pge mca cmov pat pse36 clflush mmx fxsr sse sse2 ht syscall nx mmxext fxsr_opt pdpe1gb rdtscp lm 3dnowext 3dnow constant_tsc rep_good nopl nonstop_tsc extd_apicid pni monitor cx16 popcnt lahf_lm cmp_legacy svm extapic cr8_legacy abm sse4a misalignsse 3dnowprefetch osvw ibs skinit wdt nodeid_msr hw_pstate rsb_ctxsw retpoline retpoline_amd npt lbrv svm_lock nrip_save pausefilter vmmcall
bugs		: tlb_mmatch fxsave_leak sysret_ss_attrs spectre_v1 spectre_v2
bogomips	: 4389.26
TLB size	: 1024 4K pages
clflush size	: 64
cache_alignment	: 64
address sizes	: 48 bits physical, 48 bits virtual
power management: ts ttp tm stc 100mhzsteps hwpstate

processor	: 3
vendor_id	: AuthenticAMD
cpu family	: 16
model		: 8
model name	: AMD Opteron(tm) Processor 4122
stepping	: 0
microcode	: 0x10000c5
cpu MHz		: 2200.000
cache size	: 512 KB
physical id	: 0
siblings	: 4
core id		: 3
cpu cores	: 4
apicid		: 11
initial apicid	: 3
fpu		: yes
fpu_exception	: yes
cpuid level	: 5
wp		: yes
flags		: fpu vme de pse tsc msr pae mce cx8 apic sep mtrr pge mca cmov pat pse36 clflush mmx fxsr sse sse2 ht syscall nx mmxext fxsr_opt pdpe1gb rdtscp lm 3dnowext 3dnow constant_tsc rep_good nopl nonstop_tsc extd_apicid pni monitor cx16 popcnt lahf_lm cmp_legacy svm extapic cr8_legacy abm sse4a misalignsse 3dnowprefetch osvw ibs skinit wdt nodeid_msr hw_pstate rsb_ctxsw retpoline retpoline_amd npt lbrv svm_lock nrip_save pausefilter vmmcall
bugs		: tlb_mmatch fxsave_leak sysret_ss_attrs spectre_v1 spectre_v2
bogomips	: 4389.26
TLB size	: 1024 4K pages
clflush size	: 64
cache_alignment	: 64
address sizes	: 48 bits physical, 48 bits virtual
power management: ts ttp tm stc 100mhzsteps hwpstate

processor	: 4
vendor_id	: AuthenticAMD
cpu family	: 16
model		: 8
model name	: AMD Opteron(tm) Processor 4122
stepping	: 0
microcode	: 0x10000c5
cpu MHz		: 2200.000
cache size	: 512 KB
physical id	: 1
siblings	: 4
core id		: 0
cpu cores	: 4
apicid		: 16
initial apicid	: 8
fpu		: yes
fpu_exception	: yes
cpuid level	: 5
wp		: yes
flags		: fpu vme de pse tsc msr pae mce cx8 apic sep mtrr pge mca cmov pat pse36 clflush mmx fxsr sse sse2 ht syscall nx mmxext fxsr_opt pdpe1gb rdtscp lm 3dnowext 3dnow constant_tsc rep_good nopl nonstop_tsc extd_apicid pni monitor cx16 popcnt lahf_lm cmp_legacy svm extapic cr8_legacy abm sse4a misalignsse 3dnowprefetch osvw ibs skinit wdt nodeid_msr hw_pstate rsb_ctxsw retpoline retpoline_amd npt lbrv svm_lock nrip_save pausefilter vmmcall
bugs		: tlb_mmatch fxsave_leak sysret_ss_attrs spectre_v1 spectre_v2
bogomips	: 4388.99
TLB size	: 1024 4K pages
clflush size	: 64
cache_alignment	: 64
address sizes	: 48 bits physical, 48 bits virtual
power management: ts ttp tm stc 100mhzsteps hwpstate

processor	: 5
vendor_id	: AuthenticAMD
cpu family	: 16
model		: 8
model name	: AMD Opteron(tm) Processor 4122
stepping	: 0
microcode	: 0x10000c5
cpu MHz		: 2200.000
cache size	: 512 KB
physical id	: 1
siblings	: 4
core id		: 1
cpu cores	: 4
apicid		: 17
initial apicid	: 9
fpu		: yes
fpu_exception	: yes
cpuid level	: 5
wp		: yes
flags		: fpu vme de pse tsc msr pae mce cx8 apic sep mtrr pge mca cmov pat pse36 clflush mmx fxsr sse sse2 ht syscall nx mmxext fxsr_opt pdpe1gb rdtscp lm 3dnowext 3dnow constant_tsc rep_good nopl nonstop_tsc extd_apicid pni monitor cx16 popcnt lahf_lm cmp_legacy svm extapic cr8_legacy abm sse4a misalignsse 3dnowprefetch osvw ibs skinit wdt nodeid_msr hw_pstate rsb_ctxsw retpoline retpoline_amd npt lbrv svm_lock nrip_save pausefilter vmmcall
bugs		: tlb_mmatch fxsave_leak sysret_ss_attrs spectre_v1 spectre_v2
bogomips	: 4388.99
TLB size	: 1024 4K pages
clflush size	: 64
cache_alignment	: 64
address sizes	: 48 bits physical, 48 bits virtual
power management: ts ttp tm stc 100mhzsteps hwpstate

processor	: 6
vendor_id	: AuthenticAMD
cpu family	: 16
model		: 8
model name	: AMD Opteron(tm) Processor 4122
stepping	: 0
microcode	: 0x10000c5
cpu MHz		: 2200.000
cache size	: 512 KB
physical id	: 1
siblings	: 4
core id		: 2
cpu cores	: 4
apicid		: 18
initial apicid	: 10
fpu		: yes
fpu_exception	: yes
cpuid level	: 5
wp		: yes
flags		: fpu vme de pse tsc msr pae mce cx8 apic sep mtrr pge mca cmov pat pse36 clflush mmx fxsr sse sse2 ht syscall nx mmxext fxsr_opt pdpe1gb rdtscp lm 3dnowext 3dnow constant_tsc rep_good nopl nonstop_tsc extd_apicid pni monitor cx16 popcnt lahf_lm cmp_legacy svm extapic cr8_legacy abm sse4a misalignsse 3dnowprefetch osvw ibs skinit wdt nodeid_msr hw_pstate rsb_ctxsw retpoline retpoline_amd npt lbrv svm_lock nrip_save pausefilter vmmcall
bugs		: tlb_mmatch fxsave_leak sysret_ss_attrs spectre_v1 spectre_v2
bogomips	: 4388.99
TLB size	: 1024 4K pages
clflush size	: 64
cache_alignment	: 64
address sizes	: 48 bits physical, 48 bits virtual
power management: ts ttp tm stc 100mhzsteps hwpstate

processor	: 7
vendor_id	: AuthenticAMD
cpu family	: 16
model		: 8
model name	: AMD Opteron(tm) Processor 4122
stepping	: 0
microcode	: 0x10000c5
cpu MHz		: 2200.000
cache size	: 512 KB
physical id	: 1
siblings	: 4
core id		: 3
cpu cores	: 4
apicid		: 19
initial apicid	: 11
fpu		: yes
fpu_exception	: yes
cpuid level	: 5
wp		: yes
flags		: fpu vme de pse tsc msr pae mce cx8 apic sep mtrr pge mca cmov pat pse36 clflush mmx fxsr sse sse2 ht syscall nx mmxext fxsr_opt pdpe1gb rdtscp lm 3dnowext 3dnow constant_tsc rep_good nopl nonstop_tsc extd_apicid pni monitor cx16 popcnt lahf_lm cmp_legacy svm extapic cr8_legacy abm sse4a misalignsse 3dnowprefetch osvw ibs skinit wdt nodeid_msr hw_pstate rsb_ctxsw retpoline retpoline_amd npt lbrv svm_lock nrip_save pausefilter vmmcall
bugs		: tlb_mmatch fxsave_leak sysret_ss_attrs spectre_v1 spectre_v2
bogomips	: 4388.99
TLB size	: 1024 4K pages
clflush size	: 64
cache_alignment	: 64
address sizes	: 48 bits physical, 48 bits virtual
power management: ts ttp tm stc 100mhzsteps hwpstate



Memory: 4k page, physical 32932580k(2578472k free), swap 3117180k(1877876k free)

vm_info: OpenJDK 64-Bit Server VM (24.151-b01) for linux-amd64 JRE (1.7.0_151-b01), built on Aug 15 2017 05:35:24 by "buildd" with gcc 4.8.4

time: Fri Jun 15 00:12:50 2018
elapsed time: 0 seconds

