#
# There is insufficient memory for the Java Runtime Environment to continue.
# pthread_getattr_np
# Possible reasons:
#   The system is out of physical RAM or swap space
#   In 32 bit mode, the process size limit was hit
# Possible solutions:
#   Reduce memory load on the system
#   Increase physical memory or swap space
#   Check if swap backing store is full
#   Use 64 bit Java on a 64 bit OS
#   Decrease Java heap size (-Xmx/-Xms)
#   Decrease number of Java threads
#   Decrease Java thread stack sizes (-Xss)
#   Set larger code cache with -XX:ReservedCodeCacheSize=
# This output file may be truncated or incomplete.
#
#  Out of Memory Error (os_linux_x86.cpp:718), pid=24159, tid=140570855991040
#
# JRE version:  (7.0_151-b01) (build )
# Java VM: OpenJDK 64-Bit Server VM (24.151-b01 mixed mode linux-amd64 compressed oops)
# Derivative: IcedTea 2.6.11
# Distribution: Ubuntu 14.04 LTS, package 7u151-2.6.11-0ubuntu1.14.04.1
# Failed to write core dump. Core dumps have been disabled. To enable core dumping, try "ulimit -c unlimited" before starting Java again
#

---------------  T H R E A D  ---------------

Current thread (0x00007fd9441cb800):  JavaThread "Reference Handler" daemon [_thread_new, id=24170, stack(0x0000000000000000,0x0000000000000000)]

Stack: [0x0000000000000000,0x0000000000000000],  sp=0x00007fd933efdae0,  free space=137276226550k
Native frames: (J=compiled Java code, j=interpreted, Vv=VM code, C=native code)
V  [libjvm.so+0x962b45]
V  [libjvm.so+0x49a474]
V  [libjvm.so+0x7e21ea]
V  [libjvm.so+0x7e223d]
V  [libjvm.so+0x90f619]
V  [libjvm.so+0x91568c]
V  [libjvm.so+0x7d75c2]


---------------  P R O C E S S  ---------------

Java Threads: ( => current thread )
=>0x00007fd9441cb800 JavaThread "Reference Handler" daemon [_thread_new, id=24170, stack(0x0000000000000000,0x0000000000000000)]
  0x00007fd94400a000 JavaThread "main" [_thread_in_vm, id=24160, stack(0x00007fd94b554000,0x00007fd94b655000)]

Other Threads:
  0x00007fd9441c5800 VMThread [stack: 0x00007fd933eff000,0x00007fd934000000] [id=24169]

VM state:not at safepoint (normal execution)

VM Mutex/Monitor currently owned by a thread:  ([mutex/lock_event])
[0x00007fd944006530] Threads_lock - owner thread: 0x00007fd94400a000

Heap
 PSYoungGen      total 150528K, used 2590K [0x00000000eb280000, 0x00000000f5a00000, 0x0000000100000000)
  eden space 129536K, 2% used [0x00000000eb280000,0x00000000eb507b38,0x00000000f3100000)
  from space 20992K, 0% used [0x00000000f4580000,0x00000000f4580000,0x00000000f5a00000)
  to   space 20992K, 0% used [0x00000000f3100000,0x00000000f3100000,0x00000000f4580000)
 ParOldGen       total 343040K, used 0K [0x00000000c1800000, 0x00000000d6700000, 0x00000000eb280000)
  object space 343040K, 0% used [0x00000000c1800000,0x00000000c1800000,0x00000000d6700000)
 PSPermGen       total 21504K, used 938K [0x00000000b7200000, 0x00000000b8700000, 0x00000000c1800000)
  object space 21504K, 4% used [0x00000000b7200000,0x00000000b72eaa88,0x00000000b8700000)

Card table byte_map: [0x00007fd940db8000,0x00007fd941000000] byte_map_base: 0x00007fd9407ff000

Polling page: 0x00007fd94b66a000

Code Cache  [0x00007fd941000000, 0x00007fd941270000, 0x00007fd944000000)
 total_blobs=63 nmethods=0 adapters=41 free_code_cache=48824Kb largest_free_block=49995840

Compilation events (0 events):
No events

GC Heap History (0 events):
No events

Deoptimization events (0 events):
No events

Internal exceptions (0 events):
No events

Events (10 events):
Event: 0.032 loading class 0x00007fd9402bb900 done
Event: 0.032 loading class 0x00007fd9402cb1d0
Event: 0.032 loading class 0x00007fd9402cb1d0 done
Event: 0.032 loading class 0x00007fd9402c7370
Event: 0.033 loading class 0x00007fd9402c7370 done
Event: 0.033 loading class 0x00007fd9402cfec0
Event: 0.033 loading class 0x00007fd9402cfec0 done
Event: 0.033 loading class 0x00007fd9402cfef0
Event: 0.033 loading class 0x00007fd9402cfef0 done
Event: 0.033 Thread 0x00007fd9441cb800 Thread added: 0x00007fd9441cb800


Dynamic libraries:
