#
# There is insufficient memory for the Java Runtime Environment to continue.
# pthread_getattr_np
# Possible reasons:
#   The system is out of physical RAM or swap space
#   In 32 bit mode, the process size limit was hit
# Possible solutions:
#   Reduce memory load on the system
#   Increase physical memory or swap space
#   Check if swap backing store is full
#   Use 64 bit Java on a 64 bit OS
#   Decrease Java heap size (-Xmx/-Xms)
#   Decrease number of Java threads
#   Decrease Java thread stack sizes (-Xss)
#   Set larger code cache with -XX:ReservedCodeCacheSize=
# This output file may be truncated or incomplete.
#
#  Out of Memory Error (os_linux_x86.cpp:718), pid=6055, tid=140519795046144
#
# JRE version:  (7.0_151-b01) (build )
# Java VM: OpenJDK 64-Bit Server VM (24.151-b01 mixed mode linux-amd64 compressed oops)
# Derivative: IcedTea 2.6.11
# Distribution: Ubuntu 14.04 LTS, package 7u151-2.6.11-0ubuntu1.14.04.1
# Failed to write core dump. Core dumps have been disabled. To enable core dumping, try "ulimit -c unlimited" before starting Java again
#

---------------  T H R E A D  ---------------

Current thread (0x00007fcd741cb800):  JavaThread "Reference Handler" daemon [_thread_new, id=6066, stack(0x0000000000000000,0x0000000000000000)]

Stack: [0x0000000000000000,0x0000000000000000],  sp=0x00007fcd5077aae0,  free space=137226362346k
Native frames: (J=compiled Java code, j=interpreted, Vv=VM code, C=native code)
V  [libjvm.so+0x962b45]
V  [libjvm.so+0x49a474]
V  [libjvm.so+0x7e21ea]
V  [libjvm.so+0x7e223d]
V  [libjvm.so+0x90f619]
V  [libjvm.so+0x91568c]
V  [libjvm.so+0x7d75c2]


---------------  P R O C E S S  ---------------

Java Threads: ( => current thread )
=>0x00007fcd741cb800 JavaThread "Reference Handler" daemon [_thread_new, id=6066, stack(0x0000000000000000,0x0000000000000000)]
  0x00007fcd7400a000 JavaThread "main" [_thread_in_vm, id=6056, stack(0x00007fcd7bdac000,0x00007fcd7bead000)]

Other Threads:
  0x00007fcd741c5800 VMThread [stack: 0x00007fcd5077c000,0x00007fcd5087d000] [id=6065]

VM state:not at safepoint (normal execution)

VM Mutex/Monitor currently owned by a thread:  ([mutex/lock_event])
[0x00007fcd74006530] Threads_lock - owner thread: 0x00007fcd7400a000

Heap
 PSYoungGen      total 150528K, used 2590K [0x00000000eb280000, 0x00000000f5a00000, 0x0000000100000000)
  eden space 129536K, 2% used [0x00000000eb280000,0x00000000eb507b38,0x00000000f3100000)
  from space 20992K, 0% used [0x00000000f4580000,0x00000000f4580000,0x00000000f5a00000)
  to   space 20992K, 0% used [0x00000000f3100000,0x00000000f3100000,0x00000000f4580000)
 ParOldGen       total 343040K, used 0K [0x00000000c1800000, 0x00000000d6700000, 0x00000000eb280000)
  object space 343040K, 0% used [0x00000000c1800000,0x00000000c1800000,0x00000000d6700000)
 PSPermGen       total 21504K, used 938K [0x00000000b7200000, 0x00000000b8700000, 0x00000000c1800000)
  object space 21504K, 4% used [0x00000000b7200000,0x00000000b72eaa88,0x00000000b8700000)

Card table byte_map: [0x00007fcd7877c000,0x00007fcd789c4000] byte_map_base: 0x00007fcd781c3000

Polling page: 0x00007fcd7bec2000

Code Cache  [0x00007fcd71000000, 0x00007fcd71270000, 0x00007fcd74000000)
 total_blobs=63 nmethods=0 adapters=41 free_code_cache=48824Kb largest_free_block=49995840

Compilation events (0 events):
No events

GC Heap History (0 events):
No events

Deoptimization events (0 events):
No events

Internal exceptions (0 events):
No events

Events (10 events):
Event: 0.034 loading class 0x00007fcd7808b1d0
Event: 0.034 loading class 0x00007fcd7808b1d0 done
Event: 0.035 loading class 0x00007fcd78087370
Event: 0.035 loading class 0x00007fcd78087370 done
Event: 0.035 loading class 0x00007fcd7808fec0
Event: 0.035 loading class 0x00007fcd7808fec0 done
Event: 0.035 loading class 0x00007fcd7808fef0
Event: 0.035 loading class 0x00007fcd7808fef0 done
Event: 0.035 Thread 0x00007fcd741cb800 Thread added: 0x00007fcd741cb800
Event: 0.035 loading class 0x00007fcd7808ff80


Dynamic libraries:
00400000-00401000 r-xp 00000000 08:01 1050720                            /usr/lib/jvm/java-7-ope