#
# There is insufficient memory for the Java Runtime Environment to continue.
# pthread_getattr_np
# Possible reasons:
#   The system is out of physical RAM or swap space
#   In 32 bit mode, the process size limit was hit
# Possible solutions:
#   Reduce memory load on the system
#   Increase physical memory or swap space
#   Check if swap backing store is full
#   Use 64 bit Java on a 64 bit OS
#   Decrease Java heap size (-Xmx/-Xms)
#   Decrease number of Java threads
#   Decrease Java thread stack sizes (-Xss)
#   Set larger code cache with -XX:ReservedCodeCacheSize=
# This output file may be truncated or incomplete.
#
#  Out of Memory Error (os_linux_x86.cpp:718), pid=21396, tid=140139630700288
#
# JRE version:  (7.0_151-b01) (build )
# Java VM: OpenJDK 64-Bit Server VM (24.151-b01 mixed mode linux-amd64 compressed oops)
# Derivative: IcedTea 2.6.11
# Distribution: Ubuntu 14.04 LTS, package 7u151-2.6.11-0ubuntu1.14.04.1
# Failed to write core dump. Core dumps have been disabled. To enable core dumping, try "ulimit -c unlimited" before starting Java again
#

---------------  T H R E A D  ---------------

Current thread (0x00007f74d81cb800):  JavaThread "Reference Handler" daemon [_thread_new, id=21407, stack(0x0000000000000000,0x0000000000000000)]

Stack: [0x0000000000000000,0x0000000000000000],  sp=0x00007f74cce81ae0,  free space=136855108102k
Native frames: (J=compiled Java code, j=interpreted, Vv=VM code, C=native code)
V  [libjvm.so+0x962b45]
V  [libjvm.so+0x49a474]
V  [libjvm.so+0x7e21ea]
V  [libjvm.so+0x7e223d]
V  [libjvm.so+0x90f619]
V  [libjvm.so+0x91568c]
V  [libjvm.so+0x7d75c2]


---------------  P R O C E S S  ---------------

Java Threads: ( => current thread )
=>0x00007f74d81cb800 JavaThread "Reference Handler" daemon [_thread_new, id=21407, stack(0x0000000000000000,0x0000000000000000)]
  0x00007f74d800a000 JavaThread "main" [_thread_in_Java, id=21397, stack(0x00007f74e0523000,0x00007f74e0624000)]

Other Threads:
  0x00007f74d81c5800 VMThread [stack: 0x00007f74cce83000,0x00007f74ccf84000] [id=21406]

VM state:not at safepoint (normal execution)

VM Mutex/Monitor currently owned by a thread: None

Heap
 PSYoungGen      total 150528K, used 2590K [0x00000000eb280000, 0x00000000f5a00000, 0x0000000100000000)
  eden space 129536K, 2% used [0x00000000eb280000,0x00000000eb507b38,0x00000000f3100000)
  from space 20992K, 0% used [0x00000000f4580000,0x00000000f4580000,0x00000000f5a00000)
  to   space 20992K, 0% used [0x00000000f3100000,0x00000000f3100000,0x00000000f4580000)
 ParOldGen       total 343040K, used 0K [0x00000000c1800000, 0x00000000d6700000, 0x00000000eb280000)
  object space 343040K, 0% used [0x00000000c1800000,0x00000000c1800000,0x00000000d6700000)
 PSPermGen       total 21504K, used 936K [0x00000000b7200000, 0x00000000b8700000, 0x00000000c1800000)
  object space 21504K, 4% used [0x00000000b7200000,0x00000000b72ea0f0,0x00000000b8700000)

Card table byte_map: [0x00007f74dcef3000,0x00007f74dd13b000] byte_map_base: 0x00007f74dc93a000

Polling page: 0x00007f74e0639000

Code Cache  [0x00007f74d5000000, 0x00007f74d5270000, 0x00007f74d8000000)
 total_blobs=63 nmethods=0 adapters=41 free_code_cache=48824Kb largest_free_block=49995840

Compilation events (0 events):
No events

GC Heap History (0 events):
No events

Deoptimization events (0 events):
No events

Internal exceptions (0 events):
No events

Events (10 events):
Event: 0.032 loading class 0x00007f74dc2a8900 done
Event: 0.032 loading class 0x00007f74dc2b81d0
Event: 0.032 loading class 0x00007f74dc2b81d0 done
Event: 0.032 loading class 0x00007f74dc2b4370
Event: 0.032 loading class 0x00007f74dc2b4370 done
Event: 0.033 loading class 0x00007f74dc2bcec0
Event: 0.033 loading class 0x00007f74dc2bcec0 done
Event: 0.033 loading class 0x00007f74dc2bcef0
Event: 0.033 loading class 0x00007f74dc2bcef0 done
Event: 0.033 Thread 0x00007f74d81cb800 Thread added: 0x00007f74d81cb800


Dynamic libraries:
00400000-00401000 r-xp 00000000 08:01 1050720                            /usr/lib/jvm/java-7-openjdk-amd64/jre/bin/java
00600000-00601000 r--p 00000000 08:01 1050720                            /usr/lib/jvm/java-7-openjdk-amd64/jre/bin/java
00601000-00602000 rw-p 00001000 08:01 1050720                            /usr/lib/jvm/java-7-openjdk-amd64/jre/bin/java
01509000-0152a000 rw-p 00000000 00:00 0                                  [heap]
b7200000-b8700000 rw-p 00000000 00:00 0 
b8700000-c1800000 rw-p 00000000 00:00 0 
c1800000-d6700000 rw-p 00000000 00:00 0 
d6700000-eb280000 rw-p 00000000 00:00 0 
eb280000-f5a00000 rw-p 00000000 00:00 0 
f5a00000-100000000 rw-p 00000000 00:00 0 
7f74a8000000-7f74a8021000 rw-p 00000000 00:00 0 
7f74a8021000-7f74ac000000 ---p 00000000 00:00 0 
7f74ac000000-7f74ac021000 rw-p 00000000 00:00 0 
7f74ac021000-7f74b0000000 ---p 00000000 00:00 0 
7f74b0000000-7f74b0021000 rw-p 00000000 00:00 0 
7f74b0021000-7f74b4000000 ---p 00000000 00:00 0 
7f74b4000000-7f74b4021000 rw-p 00000000 00:00 0 
7f74b4021000-7f74b8000000 ---p 00000000 00:00 0 
7f74b8000000-7f74b8021000 rw-p 00000000 00:00 0 
7f74b8021000-7f74bc000000 ---p 00000000 00:00 0 
7f74bc000000-7f74bc021000 rw-p 00000000 00:00 0 
7f74bc021000-7f74c0000000 ---p 00000000 00:00 0 
7f74c0000000-7f74c0021000 rw-p 00000000 00:00 0 
7f74c0021000-7f74c4000000 ---p 00000000 00:00 0 
7f74c8000000-7f74c8021000 rw-p 00000000 00:00 0 
7f74c8021000-7f74cc000000 ---p 00000000 00:00 0 
7f74ccc81000-7f74cce83000 rw-p 00000000 00:00 0 
7f74cce83000-7f74cce84000 ---p 00000000 00:00 0 
7f74cce84000-7f74d0000000 rw-p 00000000 00:00 0 
7f74d0000000-7f74d0021000 rw-p 00000000 00:00 0 
7f74d0021000-7f74d4000000 ---p 00000000 00:00 0 
7f74d40f1000-7f74d5000000 rw-p 00000000 00:00 0 
7f74d5000000-7f74d5270000 rwxp 00000000 00:00 0 
7f74d5270000-7f74d81d8000 rw-p 00000000 00:00 0 
7f74d81d8000-7f74dc000000 ---p 00000000 00:00 0 
7f74dc032000-7f74dc07c000 rw-p 00000000 00:00 0 
7f74dc07c000-7f74dc232000 r--s 01d63000 08:01 1183675                    /usr/lib/jvm/java-7-openjdk-amd64/jre/lib/rt.jar
7f74dc232000-7f74dc54a000 rw-p 00000000 00:00 0 
7f74dc54a000-7f74dc54b000 ---p 00000000 00:00 0 
7f74dc54b000-7f74dc64b000 rw-p 00000000 00:00 0 
7f74dc64b000-7f74dc64c000 ---p 00000000 00:00 0 
7f74dc64c000-7f74dc74c000 rw-p 00000000 00:00 0 
7f74dc74c000-7f74dc74d000 ---p 00000000 00:00 0 
7f74dc74d000-7f74dc84d000 rw-p 00000000 00:00 0 
7f74dc84d000-7f74dc84e000 ---p 00000000 00:00 0 
7f74dc84e000-7f74dc94e000 rw-p 00000000 00:00 0 
7f74dc94e000-7f74dc94f000 ---p 00000